2025-08-20T14:04:42: [36mСервер запущен! [32mЛогирование настроено.[0m
2025-08-20T14:05:19: [36m[2025-08-20 18:05:19] Пользователь: @slava_tfdf (Vyacheslav Kuznetsov, ID: 256678699) | Запрос: /tickets[0m
2025-08-20T14:11:28: [36mСервер запущен! [32mЛогирование настроено.[0m
2025-08-20T14:11:31: [36m[2025-08-20 18:11:31] Пользователь: @slava_tfdf (Vyacheslav Kuznetsov, ID: 256678699) | Запрос: /tickets[0m
2025-08-20T14:16:38: [36mСервер запущен! [32mЛогирование настроено.[0m
2025-08-20T14:16:43: [36m[2025-08-20 18:16:43] Пользователь: @slava_tfdf (Vyacheslav Kuznetsov, ID: 256678699) | Запрос: /tickets[0m
2025-08-20T14:17:40: [36m[2025-08-20 18:17:40] Пользователь: @a_tsukanov (Andrey , ID: 157535358) | Запрос: /tickets[0m
2025-08-20T14:18:14: [36m[2025-08-20 18:18:14] Пользователь: @a_tsukanov (Andrey , ID: 157535358) | Запрос: /tickets[0m
2025-08-20T15:13:27: [36m[2025-08-20 19:13:27] Пользователь: @slava_tfdf (Vyacheslav Kuznetsov, ID: 256678699) | Запрос: /tickets[0m
2025-08-20T15:15:08: [36m[2025-08-20 19:15:08] Пользователь: @kliushev (Konstantin Kliushev, ID: 187851445) | Запрос: /tickets[0m
2025-08-20T15:41:55: [36m[2025-08-20 19:41:55] Пользователь: @a_tsukanov (Andrey , ID: 157535358) | Запрос: /tickets[0m
2025-08-20T15:49:54: [36m[2025-08-20 19:49:54] Пользователь: @slava_tfdf (Vyacheslav Kuznetsov, ID: 256678699) | Запрос: /tickets[0m
2025-08-20T15:59:19: [36m[2025-08-20 19:59:19] Пользователь: @slava_tfdf (Vyacheslav Kuznetsov, ID: 256678699) | Запрос: /tickets[0m
2025-08-20T16:00:53: [36m[2025-08-20 20:00:53] Пользователь: @a_tsukanov (Andrey , ID: 157535358) | Запрос: /tickets[0m
2025-08-20T17:52:06: [36m[2025-08-20 21:52:06] Пользователь: @slava_tfdf (Vyacheslav Kuznetsov, ID: 256678699) | Запрос: неизвестная команда[0m
2025-08-20T18:44:40: [36mСервер запущен! [32mЛогирование настроено.[0m
2025-08-20T18:44:40: [36mПланировщик автоматической отправки отчетов запущен[0m
2025-08-20T18:44:40: [36mОтчеты будут отправляться в канал -1002396067751 каждый день в 11:00 по самарскому времени[0m
2025-08-20T18:44:41: [36m[2025-08-20 22:44:41] Пользователь: @kliushev (Konstantin Kliushev, ID: 187851445) | Запрос: /tickets[0m
2025-08-20T19:09:28: [36m[2025-08-20 23:09:28] Пользователь: @a_tsukanov (Andrey , ID: 157535358) | Запрос: /tickets[0m
2025-08-20T20:06:37: [36m[2025-08-21 00:06:37] Пользователь: @a_tsukanov (Andrey , ID: 157535358) | Запрос: /tickets[0m
2025-08-20T21:53:07: [36m[2025-08-21 01:53:07] Пользователь: @a_tsukanov (Andrey , ID: 157535358) | Запрос: /tickets[0m
2025-08-21T05:06:06: [36m[2025-08-21 09:06:06] Пользователь: @kliushev (Konstantin Kliushev, ID: 187851445) | Запрос: /tickets[0m
2025-08-21T05:46:44: [36m[2025-08-21 09:46:44] Пользователь: @slava_tfdf (Vyacheslav Kuznetsov, ID: 256678699) | Запрос: /tickets[0m
2025-08-21T05:52:05: [36m[2025-08-21 09:52:05] Пользователь: @a_tsukanov (Andrey , ID: 157535358) | Запрос: /tickets[0m
2025-08-21T07:00:41: [33m[2025-08-21T07:00:41.228Z] Отправка автоматического отчета о билетах в канал...[0m
2025-08-21T07:28:33: [36m[2025-08-21 11:28:33] Пользователь: @slava_tfdf (Vyacheslav Kuznetsov, ID: 256678699) | Запрос: /tickets[0m
2025-08-21T11:23:21: [36m[2025-08-21 15:23:21] Пользователь: @a_tsukanov (Andrey , ID: 157535358) | Запрос: /tickets[0m
2025-08-21T12:24:27: [36m[2025-08-21 16:24:27] Пользователь: @a_tsukanov (Andrey , ID: 157535358) | Запрос: /tickets[0m
2025-08-21T14:48:29: [36m[2025-08-21 18:48:29] Пользователь: @slava_tfdf (Vyacheslav Kuznetsov, ID: 256678699) | Запрос: /tickets[0m
2025-08-21T17:37:02: [36m[2025-08-21 21:37:02] Пользователь: @a_tsukanov (Andrey , ID: 157535358) | Запрос: /tickets[0m
2025-08-22T06:56:59: [36m[2025-08-22 10:56:59] Пользователь: @zRoME047 (⚡️z.RoME0 B1ack⚡️🤷🏻‍♂️, ID: 940431573) | Запрос: неизвестная команда[0m
2025-08-22T07:00:16: [36m[2025-08-22 11:00:16] Пользователь: @zRoME047 (⚡️z.RoME0 B1ack⚡️🤷🏻‍♂️, ID: 940431573) | Запрос: неизвестная команда[0m
2025-08-22T07:00:16: [36m[2025-08-22 11:00:16] Пользователь: @zRoME047 (⚡️z.RoME0 B1ack⚡️🤷🏻‍♂️, ID: 940431573) | Запрос: неизвестная команда[0m
2025-08-22T07:00:16: [36m[2025-08-22 11:00:16] Пользователь: @zRoME047 (⚡️z.RoME0 B1ack⚡️🤷🏻‍♂️, ID: 940431573) | Запрос: неизвестная команда[0m
2025-08-22T07:00:16: [36m[2025-08-22 11:00:16] Пользователь: @zRoME047 (⚡️z.RoME0 B1ack⚡️🤷🏻‍♂️, ID: 940431573) | Запрос: неизвестная команда[0m
2025-08-22T07:00:16: [36m[2025-08-22 11:00:16] Пользователь: @zRoME047 (⚡️z.RoME0 B1ack⚡️🤷🏻‍♂️, ID: 940431573) | Запрос: неизвестная команда[0m
2025-08-22T07:00:16: [36m[2025-08-22 11:00:16] Пользователь: @zRoME047 (⚡️z.RoME0 B1ack⚡️🤷🏻‍♂️, ID: 940431573) | Запрос: неизвестная команда[0m
2025-08-22T07:00:41: [33m[2025-08-22T07:00:41.932Z] Отправка автоматического отчета о билетах в канал...[0m
2025-08-22T07:04:51: [36m[2025-08-22 11:04:51] Пользователь: @zRoME047 (⚡️z.RoME0 B1ack⚡️🤷🏻‍♂️, ID: 940431573) | Запрос: неизвестная команда[0m
2025-08-22T10:36:09: [36m[2025-08-22 14:36:09] Пользователь: @slava_tfdf (Vyacheslav Kuznetsov, ID: 256678699) | Запрос: /tickets[0m
2025-08-22T10:37:42: [36mСервер запущен! [32mЛогирование настроено.[0m
2025-08-22T10:37:42: [36mПланировщик автоматической отправки отчетов запущен[0m
2025-08-22T10:37:42: [36mОтчеты будут отправляться в канал -1002396067751 каждый день в 11:00 по самарскому времени[0m
2025-08-22T10:37:49: [36m[2025-08-22 14:37:49] Пользователь: @slava_tfdf (Vyacheslav Kuznetsov, ID: 256678699) | Запрос: /tickets[0m
2025-08-22T10:44:36: [36mСервер запущен! [32mЛогирование настроено.[0m
2025-08-22T10:44:36: [36mПланировщик автоматической отправки отчетов запущен[0m
2025-08-22T10:44:36: [36mОтчеты будут отправляться в канал -1002396067751 каждый день в 11:00 по самарскому времени[0m
2025-08-22T10:50:10: [36m[2025-08-22 14:50:10] Пользователь: @anoshin_rv (Roman , ID: 340471498) | Запрос: /tickets[0m
2025-08-22T14:01:31: [36m[2025-08-22 18:01:31] Пользователь: @zRoME047 (⚡️z.RoME0 B1ack⚡️🤷🏻‍♂️, ID: 940431573) | Запрос: неизвестная команда[0m
2025-08-22T21:34:02: [36m[2025-08-23 01:34:02] Пользователь: @a_tsukanov (Andrey , ID: 157535358) | Запрос: /tickets[0m
2025-08-23T06:04:45: [36m[2025-08-23 10:04:45] Пользователь: @a_tsukanov (Andrey , ID: 157535358) | Запрос: /tickets[0m
2025-08-23T07:00:36: [33m[2025-08-23T07:00:36.700Z] Отправка автоматического отчета о билетах в канал...[0m
2025-08-23T07:26:49: [36m[2025-08-23 11:26:49] Пользователь: @kliushev (Konstantin Kliushev, ID: 187851445) | Запрос: /tickets[0m
2025-08-23T09:00:00: [36mСервер запущен! [32mЛогирование настроено.[0m
2025-08-23T09:00:00: [36mПланировщик автоматической отправки отчетов запущен[0m
2025-08-23T09:00:00: [36mОтчеты будут отправляться в канал -1002396067751 каждый день в 11:00 по самарскому времени[0m
2025-08-23T15:26:34: [36m[2025-08-23 19:26:34] Пользователь: @a_tsukanov (Andrey , ID: 157535358) | Запрос: /tickets[0m
2025-08-23T21:19:19: [36m[2025-08-24 01:19:19] Пользователь: @slava_tfdf (Vyacheslav Kuznetsov, ID: 256678699) | Запрос: /tickets[0m
2025-08-24T07:00:01: [33m[2025-08-24T07:00:01.331Z] Отправка автоматического отчета о билетах в канал...[0m
2025-08-24T09:00:00: [36mСервер запущен! [32mЛогирование настроено.[0m
2025-08-24T09:00:00: [36mПланировщик автоматической отправки отчетов запущен[0m
2025-08-24T09:00:00: [36mОтчеты будут отправляться в канал -1002396067751 каждый день в 11:00 по самарскому времени[0m
2025-08-24T12:14:56: [36m[2025-08-24 16:14:56] Пользователь: @anoshin_rv (Roman , ID: 340471498) | Запрос: /tickets[0m
2025-08-24T22:07:54: [36m[2025-08-25 02:07:54] Пользователь: @a_tsukanov (Andrey , ID: 157535358) | Запрос: /tickets[0m
2025-08-25T06:24:03: [36m[2025-08-25 10:24:03] Пользователь: @a_tsukanov (Andrey , ID: 157535358) | Запрос: /tickets[0m
2025-08-25T06:39:27: [36m[2025-08-25 10:39:27] Пользователь: @vershnn (Регина Вершинина, ID: 808914549) | Запрос: /tickets[0m
2025-08-25T07:00:01: [33m[2025-08-25T07:00:01.365Z] Отправка автоматического отчета о билетах в канал...[0m
2025-08-25T07:42:31: [36m[2025-08-25 11:42:31] Пользователь: @slava_tfdf (Vyacheslav Kuznetsov, ID: 256678699) | Запрос: /tickets[0m
2025-08-25T09:00:00: [36mСервер запущен! [32mЛогирование настроено.[0m
2025-08-25T09:00:00: [36mПланировщик автоматической отправки отчетов запущен[0m
2025-08-25T09:00:00: [36mОтчеты будут отправляться в канал -1002396067751 каждый день в 11:00 по самарскому времени[0m
2025-08-25T14:19:22: [36m[2025-08-25 18:19:22] Пользователь: @a_tsukanov (Andrey , ID: 157535358) | Запрос: /tickets[0m
2025-08-26T06:25:28: [36m[2025-08-26 10:25:28] Пользователь: @a_tsukanov (Andrey , ID: 157535358) | Запрос: /tickets[0m
2025-08-26T07:00:01: [33m[2025-08-26T07:00:01.325Z] Отправка автоматического отчета о билетах в канал...[0m
2025-08-26T08:32:28: [36m[2025-08-26 12:32:28] Пользователь: @slava_tfdf (Vyacheslav Kuznetsov, ID: 256678699) | Запрос: /tickets[0m
2025-08-26T09:00:00: [36mСервер запущен! [32mЛогирование настроено.[0m
2025-08-26T09:00:00: [36mПланировщик автоматической отправки отчетов запущен[0m
2025-08-26T09:00:00: [36mОтчеты будут отправляться в канал -1002396067751 каждый день в 11:00 по самарскому времени[0m
2025-08-26T13:14:06: [36m[2025-08-26 17:14:06] Пользователь: @kliushev (Konstantin Kliushev, ID: 187851445) | Запрос: /tickets[0m
2025-08-26T17:44:55: [36m[2025-08-26 21:44:55] Пользователь: @holos21 (Vadim , ID: 403919462) | Запрос: /tickets[0m
2025-08-27T06:08:39: [36m[2025-08-27 10:08:39] Пользователь: @kliushev (Konstantin Kliushev, ID: 187851445) | Запрос: /tickets[0m
2025-08-27T06:14:20: [36m[2025-08-27 10:14:20] Пользователь: @kliushev (Konstantin Kliushev, ID: 187851445) | Запрос: /tickets[0m
2025-08-27T07:00:01: [33m[2025-08-27T07:00:01.316Z] Отправка автоматического отчета о билетах в канал...[0m
2025-08-27T07:57:39: [36m[2025-08-27 11:57:39] Пользователь: @a_tsukanov (Andrey , ID: 157535358) | Запрос: /tickets[0m
2025-08-27T08:31:21: [36m[2025-08-27 12:31:21] Пользователь: @anoshin_rv (Roman , ID: 340471498) | Запрос: /tickets[0m
2025-08-27T09:00:00: [36mСервер запущен! [32mЛогирование настроено.[0m
2025-08-27T09:00:00: [36mПланировщик автоматической отправки отчетов запущен[0m
2025-08-27T09:00:00: [36mОтчеты будут отправляться в канал -1002396067751 каждый день в 11:00 по самарскому времени[0m
2025-08-27T13:24:58: [36m[2025-08-27 17:24:58] Пользователь: @slava_tfdf (Vyacheslav Kuznetsov, ID: 256678699) | Запрос: /tickets[0m
2025-08-27T15:03:36: [36m[2025-08-27 19:03:36] Пользователь: @slava_tfdf (Vyacheslav Kuznetsov, ID: 256678699) | Запрос: /tickets[0m
2025-08-28T07:00:01: [33m[2025-08-28T07:00:01.382Z] Отправка автоматического отчета о билетах в канал...[0m
2025-08-28T09:00:00: [36mСервер запущен! [32mЛогирование настроено.[0m
2025-08-28T09:00:00: [36mПланировщик автоматической отправки отчетов запущен[0m
2025-08-28T09:00:00: [36mОтчеты будут отправляться в канал -1002396067751 каждый день в 11:00 по самарскому времени[0m
2025-08-28T13:33:23: [36m[2025-08-28 17:33:23] Пользователь: @vershnn (Регина Вершинина, ID: 808914549) | Запрос: /tickets[0m
2025-08-28T14:36:29: [36m[2025-08-28 18:36:29] Пользователь: @kliushev (Konstantin Kliushev, ID: 187851445) | Запрос: /tickets[0m
2025-08-29T05:49:29: [36m[2025-08-29 09:49:29] Пользователь: @petlitskiy_aleksandr (Александр Петлицкий, ID: 544346415) | Запрос: /tickets[0m
2025-08-29T07:00:01: [33m[2025-08-29T07:00:01.323Z] Отправка автоматического отчета о билетах в канал...[0m
2025-08-29T07:10:54: [36m[2025-08-29 11:10:54] Пользователь: @a_tsukanov (Andrey , ID: 157535358) | Запрос: /start[0m
2025-08-29T07:11:05: [36m[2025-08-29 11:11:05] Пользователь: @a_tsukanov (Andrey , ID: 157535358) | Запрос: /tickets[0m
2025-08-29T07:35:17: [36m[2025-08-29 11:35:17] Пользователь: @kliushev (Konstantin Kliushev, ID: 187851445) | Запрос: /tickets[0m
2025-08-29T09:00:00: [36mСервер запущен! [32mЛогирование настроено.[0m
2025-08-29T09:00:00: [36mПланировщик автоматической отправки отчетов запущен[0m
2025-08-29T09:00:00: [36mОтчеты будут отправляться в канал -1002396067751 каждый день в 11:00 по самарскому времени[0m
2025-08-29T11:20:32: [36m[2025-08-29 15:20:32] Пользователь: @a_tsukanov (Andrey , ID: 157535358) | Запрос: /tickets[0m
2025-08-29T14:23:08: [36m[2025-08-29 18:23:08] Пользователь: @slava_tfdf (Vyacheslav Kuznetsov, ID: 256678699) | Запрос: /tickets[0m
2025-08-29T14:28:44: [36m[2025-08-29 18:28:44] Пользователь: @slava_tfdf (Vyacheslav Kuznetsov, ID: 256678699) | Запрос: /tickets[0m
2025-08-29T15:39:07: [36m[2025-08-29 19:39:07] Пользователь: @holos21 (Vadim , ID: 403919462) | Запрос: /tickets[0m
2025-08-29T21:44:54: [36m[2025-08-30 01:44:54] Пользователь: @a_tsukanov (Andrey , ID: 157535358) | Запрос: /tickets[0m
2025-08-30T07:00:01: [33m[2025-08-30T07:00:01.336Z] Отправка автоматического отчета о билетах в канал...[0m
2025-08-30T08:43:22: [36m[2025-08-30 12:43:22] Пользователь: @holos21 (Vadim , ID: 403919462) | Запрос: /tickets[0m
2025-08-30T09:00:00: [36mСервер запущен! [32mЛогирование настроено.[0m
2025-08-30T09:00:00: [36mПланировщик автоматической отправки отчетов запущен[0m
2025-08-30T09:00:00: [36mОтчеты будут отправляться в канал -1002396067751 каждый день в 11:00 по самарскому времени[0m
2025-08-30T10:33:38: [36m[2025-08-30 14:33:38] Пользователь: @vershnn (Регина Вершинина, ID: 808914549) | Запрос: /tickets[0m
2025-08-30T15:37:20: [36m[2025-08-30 19:37:20] Пользователь: @a_tsukanov (Andrey , ID: 157535358) | Запрос: /tickets[0m
2025-08-30T15:58:48: [36m[2025-08-30 19:58:48] Пользователь: @slava_tfdf (Vyacheslav Kuznetsov, ID: 256678699) | Запрос: /tickets[0m
2025-08-30T17:03:16: [36m[2025-08-30 21:03:16] Пользователь: @holos21 (Vadim , ID: 403919462) | Запрос: /tickets[0m
2025-08-30T18:09:08: [36m[2025-08-30 22:09:08] Пользователь: @a_tsukanov (Andrey , ID: 157535358) | Запрос: /tickets[0m
2025-08-30T18:10:06: [36m[2025-08-30 22:10:06] Пользователь: @kliushev (Konstantin Kliushev, ID: 187851445) | Запрос: /tickets[0m
2025-08-30T19:13:43: [36m[2025-08-30 23:13:43] Пользователь: @a_tsukanov (Andrey , ID: 157535358) | Запрос: /tickets[0m
2025-08-31T05:29:48: [36m[2025-08-31 09:29:48] Пользователь: @slava_tfdf (Vyacheslav Kuznetsov, ID: 256678699) | Запрос: /tickets[0m
2025-08-31T05:40:48: [36m[2025-08-31 09:40:48] Пользователь: @petlitskiy_aleksandr (Александр Петлицкий, ID: 544346415) | Запрос: /tickets[0m
2025-08-31T05:55:00: [36m[2025-08-31 09:55:00] Пользователь: @a_tsukanov (Andrey , ID: 157535358) | Запрос: /tickets[0m
2025-08-31T05:55:07: [36m[2025-08-31 09:55:07] Пользователь: @slava_tfdf (Vyacheslav Kuznetsov, ID: 256678699) | Запрос: /tickets[0m
2025-08-31T05:56:25: [36m[2025-08-31 09:56:25] Пользователь: @anonymous (Воробьев Владимир, ID: 468599147) | Запрос: /tickets[0m
2025-08-31T06:10:20: [36m[2025-08-31 10:10:20] Пользователь: @DeM163TLT (⋆𝔻𝕖𝕞⋆ 🎧 , ID: 1701968913) | Запрос: /tickets[0m
2025-08-31T06:48:50: [36m[2025-08-31 10:48:50] Пользователь: @slava_tfdf (Vyacheslav Kuznetsov, ID: 256678699) | Запрос: /tickets[0m
2025-08-31T07:00:01: [33m[2025-08-31T07:00:01.418Z] Отправка автоматического отчета о билетах в канал...[0m
2025-08-31T07:33:50: [36m[2025-08-31 11:33:50] Пользователь: @kliushev (Konstantin Kliushev, ID: 187851445) | Запрос: /tickets[0m
2025-08-31T07:41:50: [36m[2025-08-31 11:41:50] Пользователь: @a_tsukanov (Andrey , ID: 157535358) | Запрос: /tickets[0m
2025-08-31T09:00:00: [36mСервер запущен! [32mЛогирование настроено.[0m
2025-08-31T09:00:00: [36mПланировщик автоматической отправки отчетов запущен[0m
2025-08-31T09:00:00: [36mОтчеты будут отправляться в канал -1002396067751 каждый день в 11:00 по самарскому времени[0m
2025-08-31T09:04:05: [36m[2025-08-31 13:04:05] Пользователь: @slava_tfdf (Vyacheslav Kuznetsov, ID: 256678699) | Запрос: /tickets[0m
2025-08-31T09:23:33: [36m[2025-08-31 13:23:33] Пользователь: @anonymous (Воробьев Владимир, ID: 468599147) | Запрос: /tickets[0m
2025-08-31T09:35:33: [36m[2025-08-31 13:35:33] Пользователь: @a_tsukanov (Andrey , ID: 157535358) | Запрос: /tickets[0m
2025-08-31T10:07:11: [36m[2025-08-31 14:07:11] Пользователь: @holos21 (Vadim , ID: 403919462) | Запрос: /tickets[0m
2025-08-31T10:14:11: [36m[2025-08-31 14:14:11] Пользователь: @kliushev (Konstantin Kliushev, ID: 187851445) | Запрос: /tickets[0m
2025-08-31T10:32:32: [36m[2025-08-31 14:32:32] Пользователь: @slava_tfdf (Vyacheslav Kuznetsov, ID: 256678699) | Запрос: /tickets[0m
2025-08-31T10:40:48: [36m[2025-08-31 14:40:48] Пользователь: @a_tsukanov (Andrey , ID: 157535358) | Запрос: /tickets[0m
2025-08-31T10:46:54: [36m[2025-08-31 14:46:54] Пользователь: @anonymous (Воробьев Владимир, ID: 468599147) | Запрос: /tickets[0m
2025-08-31T10:46:58: [36m[2025-08-31 14:46:58] Пользователь: @anonymous (Воробьев Владимир, ID: 468599147) | Запрос: /tickets[0m
2025-08-31T11:06:39: [36m[2025-08-31 15:06:39] Пользователь: @slava_tfdf (Vyacheslav Kuznetsov, ID: 256678699) | Запрос: /tickets[0m
2025-08-31T20:10:18: [36m[2025-09-01 00:10:18] Пользователь: @kliushev (Konstantin Kliushev, ID: 187851445) | Запрос: /tickets[0m
2025-09-01T05:49:23: [36m[2025-09-01 09:49:23] Пользователь: @slava_tfdf (Vyacheslav Kuznetsov, ID: 256678699) | Запрос: /tickets[0m
2025-09-01T07:00:01: [33m[2025-09-01T07:00:01.397Z] Отправка автоматического отчета о билетах в канал...[0m
2025-09-01T07:19:00: [36m[2025-09-01 11:19:00] Пользователь: @a_tsukanov (Andrey , ID: 157535358) | Запрос: /tickets[0m
2025-09-01T08:23:59: [36m[2025-09-01 12:23:59] Пользователь: @slava_tfdf (Vyacheslav Kuznetsov, ID: 256678699) | Запрос: /tickets[0m
2025-09-01T09:00:00: [36mСервер запущен! [32mЛогирование настроено.[0m
2025-09-01T09:00:00: [36mПланировщик автоматической отправки отчетов запущен[0m
2025-09-01T09:00:00: [36mОтчеты будут отправляться в канал -1002396067751 каждый день в 11:00 по самарскому времени[0m
<<<<<<< HEAD
2025-09-01T09:56:19: [36mСервер запущен! [32mЛогирование настроено.[0m
2025-09-01T09:56:19: [36mПланировщик автоматической отправки отчетов запущен[0m
2025-09-01T09:56:19: [36mОтчеты будут отправляться в канал -1002396067751 каждый день в 11:00 по самарскому времени[0m
2025-09-01T09:56:19: [36m[2025-09-01 13:56:19] Пользователь: @slava_tfdf (Vyacheslav Kuznetsov, ID: 256678699) | Запрос: /qrcode[0m
2025-09-01T09:56:19: [36m[2025-09-01 13:56:19] Пользователь: @slava_tfdf (Vyacheslav Kuznetsov, ID: 256678699) | Запрос: /start[0m
2025-09-01T09:56:35: [36m[2025-09-01 13:56:35] Пользователь: @slava_tfdf (Vyacheslav Kuznetsov, ID: 256678699) | Запрос: /qrcode[0m
2025-09-01T09:56:40: [36m[2025-09-01 13:56:40] Пользователь: @slava_tfdf (Vyacheslav Kuznetsov, ID: 256678699) | Запрос: https://matchday.fcakron.ru/[0m
2025-09-01T09:56:43: [36m[2025-09-01 13:56:43] Пользователь: @slava_tfdf (Vyacheslav Kuznetsov, ID: 256678699) | Запрос: ✅ Подтвердить[0m
2025-09-01T09:56:56: [36m[2025-09-01 13:56:56] Пользователь: @slava_tfdf (Vyacheslav Kuznetsov, ID: 256678699) | Запрос: cafe[0m
2025-09-01T09:57:00: [36m[2025-09-01 13:57:00] Пользователь: @slava_tfdf (Vyacheslav Kuznetsov, ID: 256678699) | Запрос: 🖼️ JPG (белый фон)[0m
2025-09-01T09:57:12: [36m[2025-09-01 13:57:12] Пользователь: @slava_tfdf (Vyacheslav Kuznetsov, ID: 256678699) | Запрос: /tickets[0m
2025-09-01T11:20:01: [36mСервер запущен! [32mЛогирование настроено.[0m
2025-09-01T11:20:01: [36mПланировщик автоматической отправки отчетов запущен[0m
2025-09-01T11:20:01: [36mОтчеты будут отправляться в канал -1002396067751 каждый день в 11:00 по самарскому времени[0m
=======
2025-09-01T15:58:12: [32m[2025-09-01 15:58:12] [INFO] Сервер запущен! Логирование настроено. [0m
2025-09-01T15:58:12: [32m[2025-09-01 15:58:12] [INFO] Планировщик автоматической отправки отчетов запущен [0m
2025-09-01T15:58:12: [32m[2025-09-01 15:58:12] [INFO] Отчеты будут отправляться в канал -1002396067751 каждый день в 11:00 по самарскому времени [0m
2025-09-01T15:58:13: [36m[2025-09-01 15:58:13] Пользователь: @slava_tfdf (Vyacheslav Kuznetsov, ID: 256678699) | Запрос: /start[0m
2025-09-01T15:58:20: [36m[2025-09-01 15:58:20] Пользователь: @slava_tfdf (Vyacheslav Kuznetsov, ID: 256678699) | Запрос: /start[0m
>>>>>>> 953c8d7fc3338eb414935734edab09774fe4e7bf
2025-09-01T13:53:50: [32m[2025-09-01 17:53:50] [INFO] Сервер запущен! Логирование настроено. [0m
2025-09-01T13:53:50: [32m[2025-09-01 17:53:50] [INFO] Планировщик автоматической отправки отчетов запущен [0m
2025-09-01T13:53:50: [32m[2025-09-01 17:53:50] [INFO] Отчеты будут отправляться в канал -1002396067751 каждый день в 11:00 по самарскому времени [0m
2025-09-01T13:54:16: [36m[2025-09-01 17:54:16] Пользователь: @slava_tfdf (Vyacheslav Kuznetsov, ID: 256678699) | Запрос: /start[0m
2025-09-01T14:23:51: [36m[2025-09-01 18:23:51] Пользователь: @slava_tfdf (Vyacheslav Kuznetsov, ID: 256678699) | Запрос: /start[0m
2025-09-01T15:25:45: [36m[2025-09-01 19:25:45] Пользователь: @slava_tfdf (Vyacheslav Kuznetsov, ID: 256678699) | Запрос: /start[0m
2025-09-01T15:45:18: [36m[2025-09-01 19:45:18] Пользователь: @a_tsukanov (Andrey , ID: 157535358) | Запрос: /tickets[0m
2025-09-02T06:35:43: [36m[2025-09-02 10:35:43] Пользователь: @slava_tfdf (Vyacheslav Kuznetsov, ID: 256678699) | Запрос: /start[0m
2025-09-02T06:35:46: [36m[2025-09-02 10:35:46] Пользователь: @slava_tfdf (Vyacheslav Kuznetsov, ID: 256678699) | Запрос: /tickets[0m
2025-09-02T07:00:50: [32m[2025-09-02 11:00:50] [INFO] Отправка автоматического отчета о билетах в канал... [0m
2025-09-02T09:00:00: 
Получен сигнал SIGINT, останавливаем бота...
2025-09-02T09:00:00: [32m[2025-09-02 13:00:00] [INFO] Планировщик остановлен [0m
2025-09-02T09:00:00: [32m[2025-09-02 13:00:00] [INFO] Бот остановлен [0m
2025-09-02T09:00:00: [32m[2025-09-02 13:00:00] [INFO] Сервер запущен! Логирование настроено. [0m
2025-09-02T09:00:00: [32m[2025-09-02 13:00:00] [INFO] Планировщик автоматической отправки отчетов запущен [0m
2025-09-02T09:00:00: [32m[2025-09-02 13:00:00] [INFO] Отчеты будут отправляться в канал -1002396067751 каждый день в 11:00 по самарскому времени [0m
2025-09-02T12:55:01: [36m[2025-09-02 16:55:01] Пользователь: @a_tsukanov (Andrey , ID: 157535358) | Запрос: /tickets[0m
2025-09-02T15:36:55: [36m[2025-09-02 19:36:55] Пользователь: @slava_tfdf (Vyacheslav Kuznetsov, ID: 256678699) | Запрос: /tickets[0m
2025-09-02T18:49:54: [36m[2025-09-02 22:49:54] Пользователь: @slava_tfdf (Vyacheslav Kuznetsov, ID: 256678699) | Запрос: /tickets[0m
2025-09-03T07:00:01: [32m[2025-09-03 11:00:01] [INFO] Отправка автоматического отчета о билетах в канал... [0m
2025-09-03T09:00:00: 
Получен сигнал SIGINT, останавливаем бота...
2025-09-03T09:00:00: [32m[2025-09-03 13:00:00] [INFO] Планировщик остановлен [0m
2025-09-03T09:00:00: [32m[2025-09-03 13:00:00] [INFO] Бот остановлен [0m
2025-09-03T09:00:00: [32m[2025-09-03 13:00:00] [INFO] Сервер запущен! Логирование настроено. [0m
2025-09-03T09:00:00: [32m[2025-09-03 13:00:00] [INFO] Планировщик автоматической отправки отчетов запущен [0m
2025-09-03T09:00:00: [32m[2025-09-03 13:00:00] [INFO] Отчеты будут отправляться в канал -1002396067751 каждый день в 11:00 по самарскому времени [0m
2025-09-03T11:32:57: [36m[2025-09-03 15:32:57] Пользователь: @a_tsukanov (Andrey , ID: 157535358) | Запрос: /qrcode[0m
2025-09-03T11:33:09: [36m[2025-09-03 15:33:09] Пользователь: @a_tsukanov (Andrey , ID: 157535358) | Запрос: https://matchday.fcakron.ru/[0m
2025-09-03T11:33:28: [36m[2025-09-03 15:33:28] Пользователь: @a_tsukanov (Andrey , ID: 157535358) | Запрос: ✅ Подтвердить[0m
2025-09-03T11:34:26: [36m[2025-09-03 15:34:26] Пользователь: @a_tsukanov (Andrey , ID: 157535358) | Запрос: rosta_oil[0m
2025-09-03T11:34:40: [36m[2025-09-03 15:34:40] Пользователь: @a_tsukanov (Andrey , ID: 157535358) | Запрос: 📱 PNG (прозрачный фон)[0m
2025-09-04T06:07:44: [36m[2025-09-04 10:07:44] Пользователь: @slava_tfdf (Vyacheslav Kuznetsov, ID: 256678699) | Запрос: /tickets[0m
2025-09-04T07:00:01: [32m[2025-09-04 11:00:01] [INFO] Отправка автоматического отчета о билетах в канал... [0m
2025-09-04T09:00:00: 
Получен сигнал SIGINT, останавливаем бота...
2025-09-04T09:00:00: [32m[2025-09-04 13:00:00] [INFO] Планировщик остановлен [0m
2025-09-04T09:00:00: [32m[2025-09-04 13:00:00] [INFO] Бот остановлен [0m
2025-09-04T09:00:00: [32m[2025-09-04 13:00:00] [INFO] Сервер запущен! Логирование настроено. [0m
2025-09-04T09:00:00: [32m[2025-09-04 13:00:00] [INFO] Планировщик автоматической отправки отчетов запущен [0m
2025-09-04T09:00:00: [32m[2025-09-04 13:00:00] [INFO] Отчеты будут отправляться в канал -1002396067751 каждый день в 11:00 по самарскому времени [0m
2025-09-04T14:48:35: [36m[2025-09-04 18:48:35] Пользователь: @yan_sport_hq (Yan , ID: 36225141) | Запрос: /tickets[0m
2025-09-05T06:09:43: [36m[2025-09-05 10:09:43] Пользователь: @a_tsukanov (Andrey , ID: 157535358) | Запрос: /tickets[0m
2025-09-05T06:12:07: [36m[2025-09-05 10:12:07] Пользователь: @slava_tfdf (Vyacheslav Kuznetsov, ID: 256678699) | Запрос: /tickets[0m
2025-09-05T07:00:01: [32m[2025-09-05 11:00:01] [INFO] Отправка автоматического отчета о билетах в канал... [0m
2025-09-05T09:00:00: 
Получен сигнал SIGINT, останавливаем бота...
2025-09-05T09:00:00: [32m[2025-09-05 13:00:00] [INFO] Планировщик остановлен [0m
2025-09-05T09:00:00: [32m[2025-09-05 13:00:00] [INFO] Бот остановлен [0m
2025-09-05T09:00:00: [32m[2025-09-05 13:00:00] [INFO] Сервер запущен! Логирование настроено. [0m
2025-09-05T09:00:00: [32m[2025-09-05 13:00:00] [INFO] Планировщик автоматической отправки отчетов запущен [0m
2025-09-05T09:00:00: [32m[2025-09-05 13:00:00] [INFO] Отчеты будут отправляться в канал -1002396067751 каждый день в 11:00 по самарскому времени [0m
2025-09-06T07:00:01: [32m[2025-09-06 11:00:01] [INFO] Отправка автоматического отчета о билетах в канал... [0m
2025-09-06T09:00:00: 
Получен сигнал SIGINT, останавливаем бота...
2025-09-06T09:00:00: [32m[2025-09-06 13:00:00] [INFO] Планировщик остановлен [0m
2025-09-06T09:00:00: [32m[2025-09-06 13:00:00] [INFO] Бот остановлен [0m
2025-09-06T09:00:00: [32m[2025-09-06 13:00:00] [INFO] Сервер запущен! Логирование настроено. [0m
2025-09-06T09:00:00: [32m[2025-09-06 13:00:00] [INFO] Планировщик автоматической отправки отчетов запущен [0m
2025-09-06T09:00:00: [32m[2025-09-06 13:00:00] [INFO] Отчеты будут отправляться в канал -1002396067751 каждый день в 11:00 по самарскому времени [0m
2025-09-06T13:26:26: [36m[2025-09-06 17:26:26] Пользователь: @a_tsukanov (Andrey , ID: 157535358) | Запрос: /tickets[0m
2025-09-07T07:00:01: [32m[2025-09-07 11:00:01] [INFO] Отправка автоматического отчета о билетах в канал... [0m
2025-09-07T07:56:25: [36m[2025-09-07 11:56:25] Пользователь: @holos21 (Vadim , ID: 403919462) | Запрос: /tickets[0m
2025-09-07T09:00:00: 
Получен сигнал SIGINT, останавливаем бота...
2025-09-07T09:00:00: [32m[2025-09-07 13:00:00] [INFO] Планировщик остановлен [0m
2025-09-07T09:00:00: [32m[2025-09-07 13:00:00] [INFO] Бот остановлен [0m
2025-09-07T09:00:00: [32m[2025-09-07 13:00:00] [INFO] Сервер запущен! Логирование настроено. [0m
2025-09-07T09:00:00: [32m[2025-09-07 13:00:00] [INFO] Планировщик автоматической отправки отчетов запущен [0m
2025-09-07T09:00:00: [32m[2025-09-07 13:00:00] [INFO] Отчеты будут отправляться в канал -1002396067751 каждый день в 11:00 по самарскому времени [0m
2025-09-07T14:29:05: [36m[2025-09-07 18:29:05] Пользователь: @slava_tfdf (Vyacheslav Kuznetsov, ID: 256678699) | Запрос: /tickets[0m
2025-09-07T15:47:07: [36m[2025-09-07 19:47:07] Пользователь: @slava_tfdf (Vyacheslav Kuznetsov, ID: 256678699) | Запрос: /tickets[0m
2025-09-08T04:51:29: [36m[2025-09-08 08:51:29] Пользователь: @a_tsukanov (Andrey , ID: 157535358) | Запрос: /tickets[0m
2025-09-08T05:39:38: [36m[2025-09-08 09:39:38] Пользователь: @vershnn (Регина Вершинина, ID: 808914549) | Запрос: /tickets[0m
2025-09-08T06:20:12: [36m[2025-09-08 10:20:12] Пользователь: @slava_tfdf (Vyacheslav Kuznetsov, ID: 256678699) | Запрос: /tickets[0m
2025-09-08T06:20:50: [36m[2025-09-08 10:20:50] Пользователь: @slava_tfdf (Vyacheslav Kuznetsov, ID: 256678699) | Запрос: /start[0m
2025-09-08T07:00:01: [32m[2025-09-08 11:00:01] [INFO] Отправка автоматического отчета о билетах в канал... [0m
2025-09-08T07:16:04: [36m[2025-09-08 11:16:04] Пользователь: @yan_sport_hq (Yan , ID: 36225141) | Запрос: /tickets[0m
2025-09-08T09:00:00: 
Получен сигнал SIGINT, останавливаем бота...
2025-09-08T09:00:00: [32m[2025-09-08 13:00:00] [INFO] Планировщик остановлен [0m
2025-09-08T09:00:00: [32m[2025-09-08 13:00:00] [INFO] Бот остановлен [0m
2025-09-08T09:00:00: [32m[2025-09-08 13:00:00] [INFO] Сервер запущен! Логирование настроено. [0m
2025-09-08T09:00:00: [32m[2025-09-08 13:00:00] [INFO] Планировщик автоматической отправки отчетов запущен [0m
2025-09-08T09:00:00: [32m[2025-09-08 13:00:00] [INFO] Отчеты будут отправляться в канал -1002396067751 каждый день в 11:00 по самарскому времени [0m
2025-09-08T09:26:59: [36m[2025-09-08 13:26:59] Пользователь: @slava_tfdf (Vyacheslav Kuznetsov, ID: 256678699) | Запрос: /tickets[0m
2025-09-08T18:43:12: [36m[2025-09-08 22:43:12] Пользователь: @holos21 (Vadim , ID: 403919462) | Запрос: /tickets[0m
2025-09-09T07:00:01: [32m[2025-09-09 11:00:01] [INFO] Отправка автоматического отчета о билетах в канал... [0m
2025-09-09T07:21:02: [36m[2025-09-09 11:21:02] Пользователь: @a_tsukanov (Andrey , ID: 157535358) | Запрос: /tickets[0m
2025-09-09T09:00:00: 
Получен сигнал SIGINT, останавливаем бота...
2025-09-09T09:00:00: [32m[2025-09-09 13:00:00] [INFO] Планировщик остановлен [0m
2025-09-09T09:00:00: [32m[2025-09-09 13:00:00] [INFO] Бот остановлен [0m
2025-09-09T09:00:00: [32m[2025-09-09 13:00:00] [INFO] Сервер запущен! Логирование настроено. [0m
2025-09-09T09:00:00: [32m[2025-09-09 13:00:00] [INFO] Планировщик автоматической отправки отчетов запущен [0m
2025-09-09T09:00:00: [32m[2025-09-09 13:00:00] [INFO] Отчеты будут отправляться в канал -1002396067751 каждый день в 11:00 по самарскому времени [0m
2025-09-09T09:33:54: [36m[2025-09-09 13:33:54] Пользователь: @DeM163TLT (⋆𝔻𝕖𝕞⋆ 🎧 , ID: 1701968913) | Запрос: /tickets[0m
2025-09-09T10:36:16: [36m[2025-09-09 14:36:16] Пользователь: @kliushev (Konstantin Kliushev, ID: 187851445) | Запрос: /tickets[0m
2025-09-09T10:41:35: [36m[2025-09-09 14:41:35] Пользователь: @slava_tfdf (Vyacheslav Kuznetsov, ID: 256678699) | Запрос: /tickets[0m
2025-09-09T13:41:11: [36m[2025-09-09 17:41:11] Пользователь: @kliushev (Konstantin Kliushev, ID: 187851445) | Запрос: неизвестная команда[0m
2025-09-10T07:00:01: [32m[2025-09-10 11:00:01] [INFO] Отправка автоматического отчета о билетах в канал... [0m
2025-09-10T07:00:08: [32m[2025-09-10 11:00:08] [INFO] Отчет о билетах успешно отправлен в канал [0m
2025-09-10T07:00:08: [32m[2025-09-10 11:00:08] [INFO] [2025-09-10T07:00:08.107Z] Автоматическая отправка отчета о билетах в канал -1002396067751 - УСПЕШНО [0m
2025-09-10T09:00:00: 
Получен сигнал SIGINT, останавливаем бота...
2025-09-10T09:00:00: [32m[2025-09-10 13:00:00] [INFO] Планировщик остановлен [0m
2025-09-10T09:00:00: [32m[2025-09-10 13:00:00] [INFO] Бот остановлен [0m
2025-09-10T09:00:00: [32m[2025-09-10 13:00:00] [INFO] Сервер запущен! Логирование настроено. [0m
2025-09-10T09:00:00: [32m[2025-09-10 13:00:00] [INFO] Планировщик автоматической отправки отчетов запущен [0m
2025-09-10T09:00:00: [32m[2025-09-10 13:00:00] [INFO] Отчеты будут отправляться в канал -1002396067751 каждый день в 11:00 по самарскому времени [0m
2025-09-10T13:43:15: [36m[2025-09-10 17:43:15] Пользователь: @holos21 (Vadim , ID: 403919462) | Запрос: /tickets[0m
2025-09-10T19:48:41: [36m[2025-09-10 23:48:41] Пользователь: @a_tsukanov (Andrey , ID: 157535358) | Запрос: /tickets[0m
2025-09-11T07:00:01: [32m[2025-09-11 11:00:01] [INFO] Отправка автоматического отчета о билетах в канал... [0m
2025-09-11T07:00:08: [32m[2025-09-11 11:00:08] [INFO] Отчет о билетах успешно отправлен в канал [0m
2025-09-11T07:00:08: [32m[2025-09-11 11:00:08] [INFO] [2025-09-11T07:00:08.522Z] Автоматическая отправка отчета о билетах в канал -1002396067751 - УСПЕШНО [0m
2025-09-11T09:00:00: 
Получен сигнал SIGINT, останавливаем бота...
2025-09-11T09:00:00: [32m[2025-09-11 13:00:00] [INFO] Планировщик остановлен [0m
2025-09-11T09:00:00: [32m[2025-09-11 13:00:00] [INFO] Бот остановлен [0m
2025-09-11T09:00:00: [32m[2025-09-11 13:00:00] [INFO] Сервер запущен! Логирование настроено. [0m
2025-09-11T09:00:00: [32m[2025-09-11 13:00:00] [INFO] Планировщик автоматической отправки отчетов запущен [0m
2025-09-11T09:00:00: [32m[2025-09-11 13:00:00] [INFO] Отчеты будут отправляться в канал -1002396067751 каждый день в 11:00 по самарскому времени [0m
2025-09-12T04:21:35: [36m[2025-09-12 08:21:35] Пользователь: @a_tsukanov (Andrey , ID: 157535358) | Запрос: /tickets[0m
2025-09-12T07:00:01: [32m[2025-09-12 11:00:01] [INFO] Отправка автоматического отчета о билетах в канал... [0m
2025-09-12T07:00:08: [32m[2025-09-12 11:00:08] [INFO] Отчет о билетах успешно отправлен в канал [0m
2025-09-12T07:00:08: [32m[2025-09-12 11:00:08] [INFO] [2025-09-12T07:00:08.532Z] Автоматическая отправка отчета о билетах в канал -1002396067751 - УСПЕШНО [0m
2025-09-12T09:00:00: 
Получен сигнал SIGINT, останавливаем бота...
2025-09-12T09:00:00: [32m[2025-09-12 13:00:00] [INFO] Планировщик остановлен [0m
2025-09-12T09:00:00: [32m[2025-09-12 13:00:00] [INFO] Бот остановлен [0m
2025-09-12T09:00:00: [32m[2025-09-12 13:00:00] [INFO] Сервер запущен! Логирование настроено. [0m
2025-09-12T09:00:00: [32m[2025-09-12 13:00:00] [INFO] Планировщик автоматической отправки отчетов запущен [0m
2025-09-12T09:00:00: [32m[2025-09-12 13:00:00] [INFO] Отчеты будут отправляться в канал -1002396067751 каждый день в 11:00 по самарскому времени [0m
2025-09-12T11:07:37: [36m[2025-09-12 15:07:37] Пользователь: @a_tsukanov (Andrey , ID: 157535358) | Запрос: /tickets[0m
2025-09-12T15:14:54: [36m[2025-09-12 19:14:54] Пользователь: @a_tsukanov (Andrey , ID: 157535358) | Запрос: /tickets[0m
2025-09-13T07:00:01: [32m[2025-09-13 11:00:01] [INFO] Отправка автоматического отчета о билетах в канал... [0m
2025-09-13T07:00:10: [32m[2025-09-13 11:00:10] [INFO] Отчет о билетах успешно отправлен в канал [0m
2025-09-13T07:00:10: [32m[2025-09-13 11:00:10] [INFO] [2025-09-13T07:00:10.566Z] Автоматическая отправка отчета о билетах в канал -1002396067751 - УСПЕШНО [0m
2025-09-13T09:00:00: 
Получен сигнал SIGINT, останавливаем бота...
2025-09-13T09:00:00: [32m[2025-09-13 13:00:00] [INFO] Планировщик остановлен [0m
2025-09-13T09:00:00: [32m[2025-09-13 13:00:00] [INFO] Бот остановлен [0m
2025-09-13T09:00:00: [32m[2025-09-13 13:00:00] [INFO] Сервер запущен! Логирование настроено. [0m
2025-09-13T09:00:00: [32m[2025-09-13 13:00:00] [INFO] Планировщик автоматической отправки отчетов запущен [0m
2025-09-13T09:00:00: [32m[2025-09-13 13:00:00] [INFO] Отчеты будут отправляться в канал -1002396067751 каждый день в 11:00 по самарскому времени [0m
2025-09-13T12:20:18: [36m[2025-09-13 16:20:18] Пользователь: @a_tsukanov (Andrey , ID: 157535358) | Запрос: /tickets[0m
2025-09-14T07:00:01: [32m[2025-09-14 11:00:01] [INFO] Отправка автоматического отчета о билетах в канал... [0m
2025-09-14T07:00:08: [32m[2025-09-14 11:00:08] [INFO] Отчет о билетах успешно отправлен в канал [0m
2025-09-14T07:00:08: [32m[2025-09-14 11:00:08] [INFO] [2025-09-14T07:00:08.690Z] Автоматическая отправка отчета о билетах в канал -1002396067751 - УСПЕШНО [0m
2025-09-14T07:24:55: [36m[2025-09-14 11:24:55] Пользователь: @a_tsukanov (Andrey , ID: 157535358) | Запрос: /tickets[0m
2025-09-14T09:00:00: 
Получен сигнал SIGINT, останавливаем бота...
2025-09-14T09:00:00: [32m[2025-09-14 13:00:00] [INFO] Планировщик остановлен [0m
2025-09-14T09:00:00: [32m[2025-09-14 13:00:00] [INFO] Бот остановлен [0m
2025-09-14T09:00:00: [32m[2025-09-14 13:00:00] [INFO] Сервер запущен! Логирование настроено. [0m
2025-09-14T09:00:00: [32m[2025-09-14 13:00:00] [INFO] Планировщик автоматической отправки отчетов запущен [0m
2025-09-14T09:00:00: [32m[2025-09-14 13:00:00] [INFO] Отчеты будут отправляться в канал -1002396067751 каждый день в 11:00 по самарскому времени [0m
2025-09-14T09:03:16: [36m[2025-09-14 13:03:16] Пользователь: @anonymous (Воробьев Владимир, ID: 468599147) | Запрос: /tickets[0m
2025-09-14T09:52:07: [36m[2025-09-14 13:52:07] Пользователь: @a_tsukanov (Andrey , ID: 157535358) | Запрос: /tickets[0m
2025-09-14T21:58:44: [36m[2025-09-15 01:58:44] Пользователь: @a_tsukanov (Andrey , ID: 157535358) | Запрос: /tickets[0m
2025-09-15T06:30:14: [36m[2025-09-15 10:30:14] Пользователь: @a_tsukanov (Andrey , ID: 157535358) | Запрос: /tickets[0m
2025-09-15T07:00:01: [32m[2025-09-15 11:00:01] [INFO] Отправка автоматического отчета о билетах в канал... [0m
2025-09-15T07:00:11: [32m[2025-09-15 11:00:11] [INFO] Отчет о билетах успешно отправлен в канал [0m
2025-09-15T07:00:11: [32m[2025-09-15 11:00:11] [INFO] [2025-09-15T07:00:11.696Z] Автоматическая отправка отчета о билетах в канал -1002396067751 - УСПЕШНО [0m
2025-09-15T09:00:00: 
Получен сигнал SIGINT, останавливаем бота...
2025-09-15T09:00:00: [32m[2025-09-15 13:00:00] [INFO] Планировщик остановлен [0m
2025-09-15T09:00:00: [32m[2025-09-15 13:00:00] [INFO] Бот остановлен [0m
2025-09-15T09:00:00: [32m[2025-09-15 13:00:00] [INFO] Сервер запущен! Логирование настроено. [0m
2025-09-15T09:00:00: [32m[2025-09-15 13:00:00] [INFO] Планировщик автоматической отправки отчетов запущен [0m
2025-09-15T09:00:00: [32m[2025-09-15 13:00:00] [INFO] Отчеты будут отправляться в канал -1002396067751 каждый день в 11:00 по самарскому времени [0m
2025-09-15T11:01:29: [36m[2025-09-15 15:01:29] Пользователь: @anonymous (Воробьев Владимир, ID: 468599147) | Запрос: /tickets[0m
2025-09-15T12:12:47: [36m[2025-09-15 16:12:47] Пользователь: @ovsepus873 (Овсеп Адумян, ID: 558808065) | Запрос: /start[0m
2025-09-15T12:12:53: [36m[2025-09-15 16:12:53] Пользователь: @ovsepus873 (Овсеп Адумян, ID: 558808065) | Запрос: /tickets[0m
2025-09-15T12:23:45: [36m[2025-09-15 16:23:45] Пользователь: @slava_tfdf (Vyacheslav Kuznetsov, ID: 256678699) | Запрос: /tickets[0m
2025-09-15T14:32:59: [36m[2025-09-15 18:32:59] Пользователь: @DeM163TLT (⋆𝔻𝕖𝕞⋆ 🎧 , ID: 1701968913) | Запрос: /tickets[0m
2025-09-15T15:42:30: [36m[2025-09-15 19:42:30] Пользователь: @a_tsukanov (Andrey , ID: 157535358) | Запрос: /tickets[0m
2025-09-15T15:45:40: [36m[2025-09-15 19:45:40] Пользователь: @holos21 (Vadim , ID: 403919462) | Запрос: /tickets[0m
2025-09-15T17:46:55: [36m[2025-09-15 21:46:55] Пользователь: @ovsepus873 (Овсеп Адумян, ID: 558808065) | Запрос: /tickets[0m
2025-09-15T19:04:02: [36m[2025-09-15 23:04:02] Пользователь: @a_tsukanov (Andrey , ID: 157535358) | Запрос: /tickets[0m
2025-09-15T20:07:55: [36m[2025-09-16 00:07:55] Пользователь: @ovsepus873 (Овсеп Адумян, ID: 558808065) | Запрос: /tickets[0m
2025-09-16T05:17:29: [36m[2025-09-16 09:17:29] Пользователь: @a_tsukanov (Andrey , ID: 157535358) | Запрос: /tickets[0m
2025-09-16T07:00:01: [32m[2025-09-16 11:00:01] [INFO] Отправка автоматического отчета о билетах в канал... [0m
2025-09-16T07:00:09: [32m[2025-09-16 11:00:09] [INFO] Отчет о билетах успешно отправлен в канал [0m
2025-09-16T07:00:09: [32m[2025-09-16 11:00:09] [INFO] [2025-09-16T07:00:09.597Z] Автоматическая отправка отчета о билетах в канал -1002396067751 - УСПЕШНО [0m
2025-09-16T07:02:37: [36m[2025-09-16 11:02:37] Пользователь: @ovsepus873 (Овсеп Адумян, ID: 558808065) | Запрос: /tickets[0m
2025-09-16T07:12:58: [36m[2025-09-16 11:12:58] Пользователь: @anonymous (Воробьев Владимир, ID: 468599147) | Запрос: /tickets[0m
2025-09-16T07:31:27: [36m[2025-09-16 11:31:27] Пользователь: @slava_tfdf (Vyacheslav Kuznetsov, ID: 256678699) | Запрос: /tickets[0m
2025-09-16T07:40:03: [36m[2025-09-16 11:40:03] Пользователь: @anonymous (Воробьев Владимир, ID: 468599147) | Запрос: /tickets[0m
2025-09-16T09:00:00: 
Получен сигнал SIGINT, останавливаем бота...
2025-09-16T09:00:00: [32m[2025-09-16 13:00:00] [INFO] Планировщик остановлен [0m
2025-09-16T09:00:00: [32m[2025-09-16 13:00:00] [INFO] Бот остановлен [0m
2025-09-16T09:00:00: [32m[2025-09-16 13:00:00] [INFO] Сервер запущен! Логирование настроено. [0m
2025-09-16T09:00:00: [32m[2025-09-16 13:00:00] [INFO] Планировщик автоматической отправки отчетов запущен [0m
2025-09-16T09:00:00: [32m[2025-09-16 13:00:00] [INFO] Отчеты будут отправляться в канал -1002396067751 каждый день в 11:00 по самарскому времени [0m
2025-09-16T09:01:11: [36m[2025-09-16 13:01:11] Пользователь: @vershnn (Регина Вершинина, ID: 808914549) | Запрос: /tickets[0m
2025-09-16T09:20:25: [36m[2025-09-16 13:20:25] Пользователь: @a_tsukanov (Andrey , ID: 157535358) | Запрос: /tickets[0m
2025-09-16T10:13:02: [36m[2025-09-16 14:13:02] Пользователь: @a_tsukanov (Andrey , ID: 157535358) | Запрос: /tickets[0m
2025-09-16T11:52:09: [36m[2025-09-16 15:52:09] Пользователь: @anonymous (Воробьев Владимир, ID: 468599147) | Запрос: /tickets[0m
2025-09-16T12:01:33: [36m[2025-09-16 16:01:33] Пользователь: @anonymous (Воробьев Владимир, ID: 468599147) | Запрос: /tickets[0m
2025-09-16T12:30:32: [36m[2025-09-16 16:30:32] Пользователь: @DeM163TLT (⋆𝔻𝕖𝕞⋆ 🎧 , ID: 1701968913) | Запрос: /tickets[0m
2025-09-16T12:40:16: [36m[2025-09-16 16:40:16] Пользователь: @ovsepus873 (Овсеп Адумян, ID: 558808065) | Запрос: /tickets[0m
2025-09-16T12:41:26: [36m[2025-09-16 16:41:26] Пользователь: @petlitskiy_aleksandr (Александр Петлицкий, ID: 544346415) | Запрос: /tickets[0m
2025-09-16T14:12:16: [36m[2025-09-16 18:12:16] Пользователь: @a_tsukanov (Andrey , ID: 157535358) | Запрос: /tickets[0m
2025-09-16T14:13:45: [36m[2025-09-16 18:13:45] Пользователь: @ovsepus873 (Овсеп Адумян, ID: 558808065) | Запрос: /tickets[0m
2025-09-16T14:20:40: [36m[2025-09-16 18:20:40] Пользователь: @kliushev (Konstantin Kliushev, ID: 187851445) | Запрос: /tickets[0m
2025-09-16T14:37:05: [36m[2025-09-16 18:37:05] Пользователь: @anonymous (Воробьев Владимир, ID: 468599147) | Запрос: /tickets[0m
2025-09-16T14:53:44: [36m[2025-09-16 18:53:44] Пользователь: @anonymous (Воробьев Владимир, ID: 468599147) | Запрос: /tickets[0m
2025-09-16T14:55:40: [36m[2025-09-16 18:55:40] Пользователь: @a_tsukanov (Andrey , ID: 157535358) | Запрос: /tickets[0m
2025-09-16T15:12:42: [36m[2025-09-16 19:12:42] Пользователь: @holos21 (Vadim , ID: 403919462) | Запрос: /tickets[0m
2025-09-16T15:16:59: [36m[2025-09-16 19:16:59] Пользователь: @a_tsukanov (Andrey , ID: 157535358) | Запрос: /tickets[0m
2025-09-16T15:43:11: [36m[2025-09-16 19:43:11] Пользователь: @petlitskiy_aleksandr (Александр Петлицкий, ID: 544346415) | Запрос: /tickets[0m
2025-09-16T15:53:32: [36m[2025-09-16 19:53:32] Пользователь: @DeM163TLT (⋆𝔻𝕖𝕞⋆ 🎧 , ID: 1701968913) | Запрос: /tickets[0m
2025-09-16T15:54:01: [36m[2025-09-16 19:54:01] Пользователь: @slava_tfdf (Vyacheslav Kuznetsov, ID: 256678699) | Запрос: /tickets[0m
2025-09-16T16:07:05: [36m[2025-09-16 20:07:05] Пользователь: @a_tsukanov (Andrey , ID: 157535358) | Запрос: /tickets[0m
2025-09-16T18:26:05: [36m[2025-09-16 22:26:05] Пользователь: @DeM163TLT (⋆𝔻𝕖𝕞⋆ 🎧 , ID: 1701968913) | Запрос: /tickets[0m
2025-09-16T18:42:31: [36m[2025-09-16 22:42:31] Пользователь: @petlitskiy_aleksandr (Александр Петлицкий, ID: 544346415) | Запрос: /tickets[0m
2025-09-16T20:15:43: [36m[2025-09-17 00:15:43] Пользователь: @holos21 (Vadim , ID: 403919462) | Запрос: /tickets[0m
2025-09-16T23:48:59: [36m[2025-09-17 03:48:59] Пользователь: @a_tsukanov (Andrey , ID: 157535358) | Запрос: /tickets[0m
2025-09-17T07:00:01: [32m[2025-09-17 11:00:01] [INFO] Отправка автоматического отчета о билетах в канал... [0m
2025-09-17T07:00:09: [32m[2025-09-17 11:00:09] [INFO] Отчет о билетах успешно отправлен в канал [0m
2025-09-17T07:00:09: [32m[2025-09-17 11:00:09] [INFO] [2025-09-17T07:00:09.061Z] Автоматическая отправка отчета о билетах в канал -1002396067751 - УСПЕШНО [0m
2025-09-17T09:00:00: 
Получен сигнал SIGINT, останавливаем бота...
2025-09-17T09:00:00: [32m[2025-09-17 13:00:00] [INFO] Планировщик остановлен [0m
2025-09-17T09:00:00: [32m[2025-09-17 13:00:00] [INFO] Бот остановлен [0m
2025-09-17T09:00:00: [32m[2025-09-17 13:00:00] [INFO] Сервер запущен! Логирование настроено. [0m
2025-09-17T09:00:00: [32m[2025-09-17 13:00:00] [INFO] Планировщик автоматической отправки отчетов запущен [0m
2025-09-17T09:00:00: [32m[2025-09-17 13:00:00] [INFO] Отчеты будут отправляться в канал -1002396067751 каждый день в 11:00 по самарскому времени [0m
2025-09-17T13:19:08: [36m[2025-09-17 17:19:08] Пользователь: @slava_tfdf (Vyacheslav Kuznetsov, ID: 256678699) | Запрос: /tickets[0m
2025-09-17T13:31:43: [36m[2025-09-17 17:31:43] Пользователь: @ovsepus873 (Овсеп Адумян, ID: 558808065) | Запрос: /tickets[0m
2025-09-17T15:45:08: [36m[2025-09-17 19:45:08] Пользователь: @kliushev (Konstantin Kliushev, ID: 187851445) | Запрос: /tickets[0m
2025-09-18T07:00:01: [32m[2025-09-18 11:00:01] [INFO] Отправка автоматического отчета о билетах в канал... [0m
2025-09-18T07:00:10: [32m[2025-09-18 11:00:10] [INFO] Отчет о билетах успешно отправлен в канал [0m
2025-09-18T07:00:10: [32m[2025-09-18 11:00:10] [INFO] [2025-09-18T07:00:10.075Z] Автоматическая отправка отчета о билетах в канал -1002396067751 - УСПЕШНО [0m
