You have triggered an unhandledRejection, you may have forgotten to catch a Promise rejection:
GrammyError: Call to 'getUpdates' failed! (409: Conflict: terminated by other getUpdates request; make sure that only one bot instance is running)
    at toGrammyError (/root/tgGrammyTickets/node_modules/grammy/out/core/error.js:35:12)
    at ApiClient.callApi (/root/tgGrammyTickets/node_modules/grammy/out/core/client.js:90:48)
    at process.processTicksAndRejections (node:internal/process/task_queues:95:5)
    at async Bot.fetchUpdates (/root/tgGrammyTickets/node_modules/grammy/out/bot.js:391:27)
    at async Bot.loop (/root/tgGrammyTickets/node_modules/grammy/out/bot.js:366:29)
    at async Bot.start (/root/tgGrammyTickets/node_modules/grammy/out/bot.js:305:9)
2025-08-21T07:00:42: [31m[2025-08-21T07:00:42.882Z] Ошибка при отправке отчета в канал:[0m GrammyError: Call to 'sendMessage' failed! (400: Bad Request: chat not found)
    at toGrammyError (/root/tgGrammyTickets/node_modules/grammy/out/core/error.js:35:12)
    at ApiClient.callApi (/root/tgGrammyTickets/node_modules/grammy/out/core/client.js:90:48)
    at process.processTicksAndRejections (node:internal/process/task_queues:95:5)
    at async sendTicketsToChannel (/root/tgGrammyTickets/index.js:305:3) {
  method: 'sendMessage',
  payload: {
    chat_id: '-1002396067751',
    text: '<b>ИНФОРМАЦИЯ О БИЛЕТАХ ПО ВСЕМ МАТЧАМ</b>\n' +
      '\n' +
      '<b>Акрон х Балтика // 31.08.2025</b>\n' +
      '\n' +
      'Продано: <b>139</b>\n' +
      'Пригласительных: <b>10</b>\n' +
      'Сумма: <b>104 980 ₽</b>\n' +
      'Средняя стоимость: <b>755 ₽</b>\n' +
      '\n' +
      'План: <b>2 265 385 ₽</b>\n' +
      'Выполнения плана: <b>5%</b>\n' +
      'Итого: <b>149</b>\n' +
      '\n' +
      '────────────\n' +
      '\n' +
      '<b>Кубок. Акрон х Локомотив // 16.09.2025</b>\n' +
      '\n' +
      'Продано: <b>26</b>\n' +
      'Пригласительных: <b>7</b>\n' +
      'Сумма: <b>41 908 ₽</b>\n' +
      'Средняя стоимость: <b>1 612 ₽</b>\n' +
      '\n' +
      'План: <b>5 989 143 ₽</b>\n' +
      'Выполнения плана: <b>1%</b>\n' +
      'Итого: <b>33</b>\n' +
      '\n' +
      '────────────\n' +
      '\n' +
      '<b>Акрон х Рубин // 20.09.2025</b>\n' +
      '\n' +
      'Продано: <b>2</b>\n' +
      'Пригласительных: <b>0</b>\n' +
      'Сумма: <b>1 971 ₽</b>\n' +
      'Средняя стоимость: <b>986 ₽</b>\n' +
      '\n' +
      'План: <b>2 265 385 ₽</b>\n' +
      'Выполнения плана: <b>0%</b>\n' +
      'Итого: <b>2</b>\n' +
      '\n' +
      '────────────\n' +
      '\n' +
      '<b>Акрон х Зенит // 04.10.2025</b>\n' +
      '\n' +
      'Продано: <b>9</b>\n' +
      'Пригласительных: <b>0</b>\n' +
      'Сумма: <b>16 491 ₽</b>\n' +
      'Средняя стоимость: <b>1 832 ₽</b>\n' +
      '\n' +
      'План: <b>7 522 154 ₽</b>\n' +
      'Выполнения плана: <b>0%</b>\n' +
      'Итого: <b>9</b>\n',
    parse_mode: 'HTML',
    disable_web_page_preview: true
  },
  ok: false,
  error_code: 400,
  description: 'Bad Request: chat not found',
  parameters: {}
}
2025-08-22T07:00:42: Ошибка при получении данных для матча Акрон х Балтика // 31.08.2025: Error: Ошибка в ответе API: Expired Session ID
    at ticketsGetInfo (/root/tgGrammyTickets/index.js:62:9)
    at process.processTicksAndRejections (node:internal/process/task_queues:95:5)
    at async processAllMatches (/root/tgGrammyTickets/index.js:77:20)
    at async formatTicketsMessage (/root/tgGrammyTickets/index.js:238:22)
    at async sendTicketsToChannel (/root/tgGrammyTickets/index.js:303:19)
2025-08-22T07:00:42: Ошибка при получении данных для матча Кубок. Акрон х Локомотив // 16.09.2025: Error: Ошибка в ответе API: Expired Session ID
    at ticketsGetInfo (/root/tgGrammyTickets/index.js:62:9)
    at process.processTicksAndRejections (node:internal/process/task_queues:95:5)
    at async processAllMatches (/root/tgGrammyTickets/index.js:77:20)
    at async formatTicketsMessage (/root/tgGrammyTickets/index.js:238:22)
    at async sendTicketsToChannel (/root/tgGrammyTickets/index.js:303:19)
2025-08-22T07:00:42: Ошибка при получении данных для матча Акрон х Рубин // 20.09.2025: Error: Ошибка в ответе API: Expired Session ID
    at ticketsGetInfo (/root/tgGrammyTickets/index.js:62:9)
    at process.processTicksAndRejections (node:internal/process/task_queues:95:5)
    at async processAllMatches (/root/tgGrammyTickets/index.js:77:20)
    at async formatTicketsMessage (/root/tgGrammyTickets/index.js:238:22)
    at async sendTicketsToChannel (/root/tgGrammyTickets/index.js:303:19)
2025-08-22T07:00:42: Ошибка при получении данных для матча Акрон х Зенит // 04.10.2025: Error: Ошибка в ответе API: Expired Session ID
    at ticketsGetInfo (/root/tgGrammyTickets/index.js:62:9)
    at process.processTicksAndRejections (node:internal/process/task_queues:95:5)
    at async processAllMatches (/root/tgGrammyTickets/index.js:77:20)
    at async formatTicketsMessage (/root/tgGrammyTickets/index.js:238:22)
    at async sendTicketsToChannel (/root/tgGrammyTickets/index.js:303:19)
2025-08-22T07:00:42: [31m[2025-08-22T07:00:42.692Z] Ошибка при отправке отчета в канал:[0m GrammyError: Call to 'sendMessage' failed! (400: Bad Request: chat not found)
    at toGrammyError (/root/tgGrammyTickets/node_modules/grammy/out/core/error.js:35:12)
    at ApiClient.callApi (/root/tgGrammyTickets/node_modules/grammy/out/core/client.js:90:48)
    at process.processTicksAndRejections (node:internal/process/task_queues:95:5)
    at async sendTicketsToChannel (/root/tgGrammyTickets/index.js:305:3) {
  method: 'sendMessage',
  payload: {
    chat_id: '-1002396067751',
    text: '<b>ИНФОРМАЦИЯ О БИЛЕТАХ ПО ВСЕМ МАТЧАМ</b>\n' +
      '\n' +
      '❌ <b>Акрон х Балтика // 31.08.2025</b>\n' +
      'Ошибка: Ошибка в ответе API: Expired Session ID\n' +
      '\n' +
      '❌ <b>Кубок. Акрон х Локомотив // 16.09.2025</b>\n' +
      'Ошибка: Ошибка в ответе API: Expired Session ID\n' +
      '\n' +
      '❌ <b>Акрон х Рубин // 20.09.2025</b>\n' +
      'Ошибка: Ошибка в ответе API: Expired Session ID\n' +
      '\n' +
      '❌ <b>Акрон х Зенит // 04.10.2025</b>\n' +
      'Ошибка: Ошибка в ответе API: Expired Session ID\n' +
      '\n',
    parse_mode: 'HTML',
    disable_web_page_preview: true
  },
  ok: false,
  error_code: 400,
  description: 'Bad Request: chat not found',
  parameters: {}
}
2025-08-22T10:36:09: Ошибка при получении данных для матча Акрон х Балтика // 31.08.2025: Error: Ошибка в ответе API: Expired Session ID
    at ticketsGetInfo (/root/tgGrammyTickets/index.js:62:9)
    at process.processTicksAndRejections (node:internal/process/task_queues:95:5)
    at async processAllMatches (/root/tgGrammyTickets/index.js:77:20)
    at async formatTicketsMessage (/root/tgGrammyTickets/index.js:238:22)
    at async /root/tgGrammyTickets/index.js:185:19
    at async /root/tgGrammyTickets/node_modules/grammy/out/composer.js:532:13
    at async /root/tgGrammyTickets/node_modules/grammy/out/composer.js:61:13
    at async /root/tgGrammyTickets/node_modules/grammy/out/composer.js:532:13
    at async /root/tgGrammyTickets/node_modules/grammy/out/composer.js:61:13
    at async /root/tgGrammyTickets/node_modules/grammy/out/composer.js:61:13
2025-08-22T10:36:09: Ошибка при получении данных для матча Кубок. Акрон х Локомотив // 16.09.2025: Error: Ошибка в ответе API: Expired Session ID
    at ticketsGetInfo (/root/tgGrammyTickets/index.js:62:9)
    at process.processTicksAndRejections (node:internal/process/task_queues:95:5)
    at async processAllMatches (/root/tgGrammyTickets/index.js:77:20)
    at async formatTicketsMessage (/root/tgGrammyTickets/index.js:238:22)
    at async /root/tgGrammyTickets/index.js:185:19
    at async /root/tgGrammyTickets/node_modules/grammy/out/composer.js:532:13
    at async /root/tgGrammyTickets/node_modules/grammy/out/composer.js:61:13
    at async /root/tgGrammyTickets/node_modules/grammy/out/composer.js:532:13
    at async /root/tgGrammyTickets/node_modules/grammy/out/composer.js:61:13
    at async /root/tgGrammyTickets/node_modules/grammy/out/composer.js:61:13
2025-08-22T10:36:09: Ошибка при получении данных для матча Акрон х Рубин // 20.09.2025: Error: Ошибка в ответе API: Expired Session ID
    at ticketsGetInfo (/root/tgGrammyTickets/index.js:62:9)
    at process.processTicksAndRejections (node:internal/process/task_queues:95:5)
    at async processAllMatches (/root/tgGrammyTickets/index.js:77:20)
    at async formatTicketsMessage (/root/tgGrammyTickets/index.js:238:22)
    at async /root/tgGrammyTickets/index.js:185:19
    at async /root/tgGrammyTickets/node_modules/grammy/out/composer.js:532:13
    at async /root/tgGrammyTickets/node_modules/grammy/out/composer.js:61:13
    at async /root/tgGrammyTickets/node_modules/grammy/out/composer.js:532:13
    at async /root/tgGrammyTickets/node_modules/grammy/out/composer.js:61:13
    at async /root/tgGrammyTickets/node_modules/grammy/out/composer.js:61:13
2025-08-22T10:36:10: Ошибка при получении данных для матча Акрон х Зенит // 04.10.2025: Error: Ошибка в ответе API: Expired Session ID
    at ticketsGetInfo (/root/tgGrammyTickets/index.js:62:9)
    at process.processTicksAndRejections (node:internal/process/task_queues:95:5)
    at async processAllMatches (/root/tgGrammyTickets/index.js:77:20)
    at async formatTicketsMessage (/root/tgGrammyTickets/index.js:238:22)
    at async /root/tgGrammyTickets/index.js:185:19
    at async /root/tgGrammyTickets/node_modules/grammy/out/composer.js:532:13
    at async /root/tgGrammyTickets/node_modules/grammy/out/composer.js:61:13
    at async /root/tgGrammyTickets/node_modules/grammy/out/composer.js:532:13
    at async /root/tgGrammyTickets/node_modules/grammy/out/composer.js:61:13
    at async /root/tgGrammyTickets/node_modules/grammy/out/composer.js:61:13
2025-08-23T07:00:38: [31m[2025-08-23T07:00:38.507Z] Ошибка при отправке отчета в канал:[0m GrammyError: Call to 'sendMessage' failed! (400: Bad Request: chat not found)
    at toGrammyError (/root/tgGrammyTickets/node_modules/grammy/out/core/error.js:35:12)
    at ApiClient.callApi (/root/tgGrammyTickets/node_modules/grammy/out/core/client.js:90:48)
    at process.processTicksAndRejections (node:internal/process/task_queues:95:5)
    at async sendTicketsToChannel (/root/tgGrammyTickets/index.js:305:3) {
  method: 'sendMessage',
  payload: {
    chat_id: '-1002396067751',
    text: '<b>ИНФОРМАЦИЯ О БИЛЕТАХ ПО ВСЕМ МАТЧАМ</b>\n' +
      '\n' +
      '<b>Акрон х Балтика // 31.08.2025</b>\n' +
      '\n' +
      'Продано: <b>180</b>\n' +
      'Пригласительных: <b>10</b>\n' +
      'Сумма: <b>143 513 ₽</b>\n' +
      'Средняя стоимость: <b>797 ₽</b>\n' +
      '\n' +
      'План: <b>2 265 385 ₽</b>\n' +
      'Выполнения плана: <b>6%</b>\n' +
      'Итого: <b>190</b>\n' +
      '\n' +
      '────────────\n' +
      '\n' +
      '<b>Кубок. Акрон х Локомотив // 16.09.2025</b>\n' +
      '\n' +
      'Продано: <b>34</b>\n' +
      'Пригласительных: <b>7</b>\n' +
      'Сумма: <b>49 228 ₽</b>\n' +
      'Средняя стоимость: <b>1 448 ₽</b>\n' +
      '\n' +
      'План: <b>5 989 143 ₽</b>\n' +
      'Выполнения плана: <b>1%</b>\n' +
      'Итого: <b>41</b>\n' +
      '\n' +
      '────────────\n' +
      '\n' +
      '<b>Акрон х Рубин // 20.09.2025</b>\n' +
      '\n' +
      'Продано: <b>11</b>\n' +
      'Пригласительных: <b>0</b>\n' +
      'Сумма: <b>10 537 ₽</b>\n' +
      'Средняя стоимость: <b>958 ₽</b>\n' +
      '\n' +
      'План: <b>2 265 385 ₽</b>\n' +
      'Выполнения плана: <b>0%</b>\n' +
      'Итого: <b>11</b>\n' +
      '\n' +
      '────────────\n' +
      '\n' +
      '<b>Акрон х Зенит // 04.10.2025</b>\n' +
      '\n' +
      'Продано: <b>24</b>\n' +
      'Пригласительных: <b>0</b>\n' +
      'Сумма: <b>31 561 ₽</b>\n' +
      'Средняя стоимость: <b>1 315 ₽</b>\n' +
      '\n' +
      'План: <b>7 522 154 ₽</b>\n' +
      'Выполнения плана: <b>0%</b>\n' +
      'Итого: <b>24</b>\n',
    parse_mode: 'HTML',
    disable_web_page_preview: true
  },
  ok: false,
  error_code: 400,
  description: 'Bad Request: chat not found',
  parameters: {}
}
2025-08-24T07:00:03: [31m[2025-08-24T07:00:03.169Z] Ошибка при отправке отчета в канал:[0m GrammyError: Call to 'sendMessage' failed! (400: Bad Request: chat not found)
    at toGrammyError (/root/tgGrammyTickets/node_modules/grammy/out/core/error.js:35:12)
    at ApiClient.callApi (/root/tgGrammyTickets/node_modules/grammy/out/core/client.js:90:48)
    at process.processTicksAndRejections (node:internal/process/task_queues:95:5)
    at async sendTicketsToChannel (/root/tgGrammyTickets/index.js:305:3) {
  method: 'sendMessage',
  payload: {
    chat_id: '-1002396067751',
    text: '<b>ИНФОРМАЦИЯ О БИЛЕТАХ ПО ВСЕМ МАТЧАМ</b>\n' +
      '\n' +
      '<b>Акрон х Балтика // 31.08.2025</b>\n' +
      '\n' +
      'Продано: <b>208</b>\n' +
      'Пригласительных: <b>10</b>\n' +
      'Сумма: <b>162 135 ₽</b>\n' +
      'Средняя стоимость: <b>779 ₽</b>\n' +
      '\n' +
      'План: <b>2 265 385 ₽</b>\n' +
      'Выполнения плана: <b>7%</b>\n' +
      'Итого: <b>218</b>\n' +
      '\n' +
      '────────────\n' +
      '\n' +
      '<b>Кубок. Акрон х Локомотив // 16.09.2025</b>\n' +
      '\n' +
      'Продано: <b>34</b>\n' +
      'Пригласительных: <b>7</b>\n' +
      'Сумма: <b>49 228 ₽</b>\n' +
      'Средняя стоимость: <b>1 448 ₽</b>\n' +
      '\n' +
      'План: <b>5 989 143 ₽</b>\n' +
      'Выполнения плана: <b>1%</b>\n' +
      'Итого: <b>41</b>\n' +
      '\n' +
      '────────────\n' +
      '\n' +
      '<b>Акрон х Рубин // 20.09.2025</b>\n' +
      '\n' +
      'Продано: <b>12</b>\n' +
      'Пригласительных: <b>0</b>\n' +
      'Сумма: <b>11 227 ₽</b>\n' +
      'Средняя стоимость: <b>936 ₽</b>\n' +
      '\n' +
      'План: <b>2 265 385 ₽</b>\n' +
      'Выполнения плана: <b>0%</b>\n' +
      'Итого: <b>12</b>\n' +
      '\n' +
      '────────────\n' +
      '\n' +
      '<b>Акрон х Зенит // 04.10.2025</b>\n' +
      '\n' +
      'Продано: <b>31</b>\n' +
      'Пригласительных: <b>0</b>\n' +
      'Сумма: <b>38 880 ₽</b>\n' +
      'Средняя стоимость: <b>1 254 ₽</b>\n' +
      '\n' +
      'План: <b>7 522 154 ₽</b>\n' +
      'Выполнения плана: <b>1%</b>\n' +
      'Итого: <b>31</b>\n',
    parse_mode: 'HTML',
    disable_web_page_preview: true
  },
  ok: false,
  error_code: 400,
  description: 'Bad Request: chat not found',
  parameters: {}
}
2025-08-25T07:00:03: [31m[2025-08-25T07:00:03.410Z] Ошибка при отправке отчета в канал:[0m GrammyError: Call to 'sendMessage' failed! (400: Bad Request: chat not found)
    at toGrammyError (/root/tgGrammyTickets/node_modules/grammy/out/core/error.js:35:12)
    at ApiClient.callApi (/root/tgGrammyTickets/node_modules/grammy/out/core/client.js:90:48)
    at process.processTicksAndRejections (node:internal/process/task_queues:95:5)
    at async sendTicketsToChannel (/root/tgGrammyTickets/index.js:305:3) {
  method: 'sendMessage',
  payload: {
    chat_id: '-1002396067751',
    text: '<b>ИНФОРМАЦИЯ О БИЛЕТАХ ПО ВСЕМ МАТЧАМ</b>\n' +
      '\n' +
      '<b>Акрон х Балтика // 31.08.2025</b>\n' +
      '\n' +
      'Продано: <b>293</b>\n' +
      'Пригласительных: <b>22</b>\n' +
      'Сумма: <b>225 212 ₽</b>\n' +
      'Средняя стоимость: <b>769 ₽</b>\n' +
      '\n' +
      'План: <b>2 265 385 ₽</b>\n' +
      'Выполнения плана: <b>10%</b>\n' +
      'Итого: <b>315</b>\n' +
      '\n' +
      '────────────\n' +
      '\n' +
      '<b>Кубок. Акрон х Локомотив // 16.09.2025</b>\n' +
      '\n' +
      'Продано: <b>38</b>\n' +
      'Пригласительных: <b>7</b>\n' +
      'Сумма: <b>53 390 ₽</b>\n' +
      'Средняя стоимость: <b>1 405 ₽</b>\n' +
      '\n' +
      'План: <b>5 989 143 ₽</b>\n' +
      'Выполнения плана: <b>1%</b>\n' +
      'Итого: <b>45</b>\n' +
      '\n' +
      '────────────\n' +
      '\n' +
      '<b>Акрон х Рубин // 20.09.2025</b>\n' +
      '\n' +
      'Продано: <b>12</b>\n' +
      'Пригласительных: <b>0</b>\n' +
      'Сумма: <b>11 227 ₽</b>\n' +
      'Средняя стоимость: <b>936 ₽</b>\n' +
      '\n' +
      'План: <b>2 265 385 ₽</b>\n' +
      'Выполнения плана: <b>0%</b>\n' +
      'Итого: <b>12</b>\n' +
      '\n' +
      '────────────\n' +
      '\n' +
      '<b>Акрон х Зенит // 04.10.2025</b>\n' +
      '\n' +
      'Продано: <b>41</b>\n' +
      'Пригласительных: <b>0</b>\n' +
      'Сумма: <b>50 010 ₽</b>\n' +
      'Средняя стоимость: <b>1 220 ₽</b>\n' +
      '\n' +
      'План: <b>7 522 154 ₽</b>\n' +
      'Выполнения плана: <b>1%</b>\n' +
      'Итого: <b>41</b>\n',
    parse_mode: 'HTML',
    disable_web_page_preview: true
  },
  ok: false,
  error_code: 400,
  description: 'Bad Request: chat not found',
  parameters: {}
}
2025-08-26T07:00:03: [31m[2025-08-26T07:00:03.619Z] Ошибка при отправке отчета в канал:[0m GrammyError: Call to 'sendMessage' failed! (400: Bad Request: chat not found)
    at toGrammyError (/root/tgGrammyTickets/node_modules/grammy/out/core/error.js:35:12)
    at ApiClient.callApi (/root/tgGrammyTickets/node_modules/grammy/out/core/client.js:90:48)
    at process.processTicksAndRejections (node:internal/process/task_queues:95:5)
    at async sendTicketsToChannel (/root/tgGrammyTickets/index.js:305:3) {
  method: 'sendMessage',
  payload: {
    chat_id: '-1002396067751',
    text: '<b>ИНФОРМАЦИЯ О БИЛЕТАХ ПО ВСЕМ МАТЧАМ</b>\n' +
      '\n' +
      '<b>Акрон х Балтика // 31.08.2025</b>\n' +
      '\n' +
      'Продано: <b>356</b>\n' +
      'Пригласительных: <b>39</b>\n' +
      'Сумма: <b>280 887 ₽</b>\n' +
      'Средняя стоимость: <b>789 ₽</b>\n' +
      '\n' +
      'План: <b>2 265 385 ₽</b>\n' +
      'Выполнения плана: <b>12%</b>\n' +
      'Итого: <b>395</b>\n' +
      '\n' +
      '────────────\n' +
      '\n' +
      '<b>Кубок. Акрон х Локомотив // 16.09.2025</b>\n' +
      '\n' +
      'Продано: <b>43</b>\n' +
      'Пригласительных: <b>13</b>\n' +
      'Сумма: <b>58 388 ₽</b>\n' +
      'Средняя стоимость: <b>1 358 ₽</b>\n' +
      '\n' +
      'План: <b>5 989 143 ₽</b>\n' +
      'Выполнения плана: <b>1%</b>\n' +
      'Итого: <b>56</b>\n' +
      '\n' +
      '────────────\n' +
      '\n' +
      '<b>Акрон х Рубин // 20.09.2025</b>\n' +
      '\n' +
      'Продано: <b>12</b>\n' +
      'Пригласительных: <b>0</b>\n' +
      'Сумма: <b>11 227 ₽</b>\n' +
      'Средняя стоимость: <b>936 ₽</b>\n' +
      '\n' +
      'План: <b>2 265 385 ₽</b>\n' +
      'Выполнения плана: <b>0%</b>\n' +
      'Итого: <b>12</b>\n' +
      '\n' +
      '────────────\n' +
      '\n' +
      '<b>Акрон х Зенит // 04.10.2025</b>\n' +
      '\n' +
      'Продано: <b>53</b>\n' +
      'Пригласительных: <b>0</b>\n' +
      'Сумма: <b>64 562 ₽</b>\n' +
      'Средняя стоимость: <b>1 218 ₽</b>\n' +
      '\n' +
      'План: <b>7 522 154 ₽</b>\n' +
      'Выполнения плана: <b>1%</b>\n' +
      'Итого: <b>53</b>\n',
    parse_mode: 'HTML',
    disable_web_page_preview: true
  },
  ok: false,
  error_code: 400,
  description: 'Bad Request: chat not found',
  parameters: {}
}
2025-08-27T07:00:03: [31m[2025-08-27T07:00:03.932Z] Ошибка при отправке отчета в канал:[0m GrammyError: Call to 'sendMessage' failed! (400: Bad Request: chat not found)
    at toGrammyError (/root/tgGrammyTickets/node_modules/grammy/out/core/error.js:35:12)
    at ApiClient.callApi (/root/tgGrammyTickets/node_modules/grammy/out/core/client.js:90:48)
    at process.processTicksAndRejections (node:internal/process/task_queues:95:5)
    at async sendTicketsToChannel (/root/tgGrammyTickets/index.js:305:3) {
  method: 'sendMessage',
  payload: {
    chat_id: '-1002396067751',
    text: '<b>ИНФОРМАЦИЯ О БИЛЕТАХ ПО ВСЕМ МАТЧАМ</b>\n' +
      '\n' +
      '<b>Акрон х Балтика // 31.08.2025</b>\n' +
      '\n' +
      'Продано: <b>431</b>\n' +
      'Пригласительных: <b>53</b>\n' +
      'Сумма: <b>340 870 ₽</b>\n' +
      'Средняя стоимость: <b>791 ₽</b>\n' +
      '\n' +
      'План: <b>2 265 385 ₽</b>\n' +
      'Выполнения плана: <b>15%</b>\n' +
      'Итого: <b>484</b>\n' +
      '\n' +
      '────────────\n' +
      '\n' +
      '<b>Кубок. Акрон х Локомотив // 16.09.2025</b>\n' +
      '\n' +
      'Продано: <b>45</b>\n' +
      'Пригласительных: <b>13</b>\n' +
      'Сумма: <b>60 768 ₽</b>\n' +
      'Средняя стоимость: <b>1 350 ₽</b>\n' +
      '\n' +
      'План: <b>5 989 143 ₽</b>\n' +
      'Выполнения плана: <b>1%</b>\n' +
      'Итого: <b>58</b>\n' +
      '\n' +
      '────────────\n' +
      '\n' +
      '<b>Акрон х Рубин // 20.09.2025</b>\n' +
      '\n' +
      'Продано: <b>12</b>\n' +
      'Пригласительных: <b>0</b>\n' +
      'Сумма: <b>11 227 ₽</b>\n' +
      'Средняя стоимость: <b>936 ₽</b>\n' +
      '\n' +
      'План: <b>2 265 385 ₽</b>\n' +
      'Выполнения плана: <b>0%</b>\n' +
      'Итого: <b>12</b>\n' +
      '\n' +
      '────────────\n' +
      '\n' +
      '<b>Акрон х Зенит // 04.10.2025</b>\n' +
      '\n' +
      'Продано: <b>63</b>\n' +
      'Пригласительных: <b>0</b>\n' +
      'Сумма: <b>73 282 ₽</b>\n' +
      'Средняя стоимость: <b>1 163 ₽</b>\n' +
      '\n' +
      'План: <b>7 522 154 ₽</b>\n' +
      'Выполнения плана: <b>1%</b>\n' +
      'Итого: <b>63</b>\n',
    parse_mode: 'HTML',
    disable_web_page_preview: true
  },
  ok: false,
  error_code: 400,
  description: 'Bad Request: chat not found',
  parameters: {}
}
2025-08-28T07:00:06: [31m[2025-08-28T07:00:06.341Z] Ошибка при отправке отчета в канал:[0m GrammyError: Call to 'sendMessage' failed! (400: Bad Request: chat not found)
    at toGrammyError (/root/tgGrammyTickets/node_modules/grammy/out/core/error.js:35:12)
    at ApiClient.callApi (/root/tgGrammyTickets/node_modules/grammy/out/core/client.js:90:48)
    at process.processTicksAndRejections (node:internal/process/task_queues:95:5)
    at async sendTicketsToChannel (/root/tgGrammyTickets/index.js:305:3) {
  method: 'sendMessage',
  payload: {
    chat_id: '-1002396067751',
    text: '<b>ИНФОРМАЦИЯ О БИЛЕТАХ ПО ВСЕМ МАТЧАМ</b>\n' +
      '\n' +
      '<b>Акрон х Балтика // 31.08.2025</b>\n' +
      '\n' +
      'Продано: <b>501</b>\n' +
      'Пригласительных: <b>501</b>\n' +
      'Сумма: <b>399 758 ₽</b>\n' +
      'Средняя стоимость: <b>798 ₽</b>\n' +
      '\n' +
      'План: <b>2 265 385 ₽</b>\n' +
      'Выполнения плана: <b>18%</b>\n' +
      'Итого: <b>1 002</b>\n' +
      '\n' +
      '────────────\n' +
      '\n' +
      '<b>Кубок. Акрон х Локомотив // 16.09.2025</b>\n' +
      '\n' +
      'Продано: <b>50</b>\n' +
      'Пригласительных: <b>17</b>\n' +
      'Сумма: <b>67 518 ₽</b>\n' +
      'Средняя стоимость: <b>1 350 ₽</b>\n' +
      '\n' +
      'План: <b>5 989 143 ₽</b>\n' +
      'Выполнения плана: <b>1%</b>\n' +
      'Итого: <b>67</b>\n' +
      '\n' +
      '────────────\n' +
      '\n' +
      '<b>Акрон х Рубин // 20.09.2025</b>\n' +
      '\n' +
      'Продано: <b>12</b>\n' +
      'Пригласительных: <b>4</b>\n' +
      'Сумма: <b>11 227 ₽</b>\n' +
      'Средняя стоимость: <b>936 ₽</b>\n' +
      '\n' +
      'План: <b>2 265 385 ₽</b>\n' +
      'Выполнения плана: <b>0%</b>\n' +
      'Итого: <b>16</b>\n' +
      '\n' +
      '────────────\n' +
      '\n' +
      '<b>Акрон х Зенит // 04.10.2025</b>\n' +
      '\n' +
      'Продано: <b>73</b>\n' +
      'Пригласительных: <b>27</b>\n' +
      'Сумма: <b>87 672 ₽</b>\n' +
      'Средняя стоимость: <b>1 201 ₽</b>\n' +
      '\n' +
      'План: <b>7 522 154 ₽</b>\n' +
      'Выполнения плана: <b>1%</b>\n' +
      'Итого: <b>100</b>\n',
    parse_mode: 'HTML',
    disable_web_page_preview: true
  },
  ok: false,
  error_code: 400,
  description: 'Bad Request: chat not found',
  parameters: {}
}
2025-08-29T07:00:06: [31m[2025-08-29T07:00:06.173Z] Ошибка при отправке отчета в канал:[0m GrammyError: Call to 'sendMessage' failed! (400: Bad Request: chat not found)
    at toGrammyError (/root/tgGrammyTickets/node_modules/grammy/out/core/error.js:35:12)
    at ApiClient.callApi (/root/tgGrammyTickets/node_modules/grammy/out/core/client.js:90:48)
    at process.processTicksAndRejections (node:internal/process/task_queues:95:5)
    at async sendTicketsToChannel (/root/tgGrammyTickets/index.js:305:3) {
  method: 'sendMessage',
  payload: {
    chat_id: '-1002396067751',
    text: '<b>ИНФОРМАЦИЯ О БИЛЕТАХ ПО ВСЕМ МАТЧАМ</b>\n' +
      '\n' +
      '<b>Акрон х Балтика // 31.08.2025</b>\n' +
      '\n' +
      'Продано: <b>615</b>\n' +
      'Пригласительных: <b>667</b>\n' +
      'Сумма: <b>967 989 ₽</b>\n' +
      'Средняя стоимость: <b>1 574 ₽</b>\n' +
      '\n' +
      'План: <b>2 265 385 ₽</b>\n' +
      'Выполнения плана: <b>43%</b>\n' +
      'Итого: <b>1 282</b>\n' +
      '\n' +
      '────────────\n' +
      '\n' +
      '<b>Кубок. Акрон х Локомотив // 16.09.2025</b>\n' +
      '\n' +
      'Продано: <b>54</b>\n' +
      'Пригласительных: <b>17</b>\n' +
      'Сумма: <b>89 258 ₽</b>\n' +
      'Средняя стоимость: <b>1 653 ₽</b>\n' +
      '\n' +
      'План: <b>5 989 143 ₽</b>\n' +
      'Выполнения плана: <b>1%</b>\n' +
      'Итого: <b>71</b>\n' +
      '\n' +
      '────────────\n' +
      '\n' +
      '<b>Акрон х Рубин // 20.09.2025</b>\n' +
      '\n' +
      'Продано: <b>16</b>\n' +
      'Пригласительных: <b>4</b>\n' +
      'Сумма: <b>20 607 ₽</b>\n' +
      'Средняя стоимость: <b>1 288 ₽</b>\n' +
      '\n' +
      'План: <b>2 265 385 ₽</b>\n' +
      'Выполнения плана: <b>1%</b>\n' +
      'Итого: <b>20</b>\n' +
      '\n' +
      '────────────\n' +
      '\n' +
      '<b>Акрон х Зенит // 04.10.2025</b>\n' +
      '\n' +
      'Продано: <b>79</b>\n' +
      'Пригласительных: <b>27</b>\n' +
      'Сумма: <b>95 432 ₽</b>\n' +
      'Средняя стоимость: <b>1 208 ₽</b>\n' +
      '\n' +
      'План: <b>7 522 154 ₽</b>\n' +
      'Выполнения плана: <b>1%</b>\n' +
      'Итого: <b>106</b>\n',
    parse_mode: 'HTML',
    disable_web_page_preview: true
  },
  ok: false,
  error_code: 400,
  description: 'Bad Request: chat not found',
  parameters: {}
}
2025-08-30T07:00:04: [31m[2025-08-30T07:00:04.939Z] Ошибка при отправке отчета в канал:[0m GrammyError: Call to 'sendMessage' failed! (400: Bad Request: chat not found)
    at toGrammyError (/root/tgGrammyTickets/node_modules/grammy/out/core/error.js:35:12)
    at ApiClient.callApi (/root/tgGrammyTickets/node_modules/grammy/out/core/client.js:90:48)
    at process.processTicksAndRejections (node:internal/process/task_queues:95:5)
    at async sendTicketsToChannel (/root/tgGrammyTickets/index.js:305:3) {
  method: 'sendMessage',
  payload: {
    chat_id: '-1002396067751',
    text: '<b>ИНФОРМАЦИЯ О БИЛЕТАХ ПО ВСЕМ МАТЧАМ</b>\n' +
      '\n' +
      '<b>Акрон х Балтика // 31.08.2025</b>\n' +
      '\n' +
      'Продано: <b>933</b>\n' +
      'Пригласительных: <b>889</b>\n' +
      'Сумма: <b>1 404 956 ₽</b>\n' +
      'Средняя стоимость: <b>1 506 ₽</b>\n' +
      '\n' +
      'План: <b>2 265 385 ₽</b>\n' +
      'Выполнения плана: <b>62%</b>\n' +
      'Итого: <b>1 822</b>\n' +
      '\n' +
      '────────────\n' +
      '\n' +
      '<b>Кубок. Акрон х Локомотив // 16.09.2025</b>\n' +
      '\n' +
      'Продано: <b>63</b>\n' +
      'Пригласительных: <b>17</b>\n' +
      'Сумма: <b>95 274 ₽</b>\n' +
      'Средняя стоимость: <b>1 512 ₽</b>\n' +
      '\n' +
      'План: <b>5 989 143 ₽</b>\n' +
      'Выполнения плана: <b>2%</b>\n' +
      'Итого: <b>80</b>\n' +
      '\n' +
      '────────────\n' +
      '\n' +
      '<b>Акрон х Рубин // 20.09.2025</b>\n' +
      '\n' +
      'Продано: <b>25</b>\n' +
      'Пригласительных: <b>4</b>\n' +
      'Сумма: <b>23 879 ₽</b>\n' +
      'Средняя стоимость: <b>955 ₽</b>\n' +
      '\n' +
      'План: <b>2 265 385 ₽</b>\n' +
      'Выполнения плана: <b>1%</b>\n' +
      'Итого: <b>29</b>\n' +
      '\n' +
      '────────────\n' +
      '\n' +
      '<b>Акрон х Зенит // 04.10.2025</b>\n' +
      '\n' +
      'Продано: <b>88</b>\n' +
      'Пригласительных: <b>27</b>\n' +
      'Сумма: <b>102 270 ₽</b>\n' +
      'Средняя стоимость: <b>1 162 ₽</b>\n' +
      '\n' +
      'План: <b>7 522 154 ₽</b>\n' +
      'Выполнения плана: <b>1%</b>\n' +
      'Итого: <b>115</b>\n',
    parse_mode: 'HTML',
    disable_web_page_preview: true
  },
  ok: false,
  error_code: 400,
  description: 'Bad Request: chat not found',
  parameters: {}
}
2025-08-31T07:00:05: [31m[2025-08-31T07:00:05.589Z] Ошибка при отправке отчета в канал:[0m GrammyError: Call to 'sendMessage' failed! (400: Bad Request: chat not found)
    at toGrammyError (/root/tgGrammyTickets/node_modules/grammy/out/core/error.js:35:12)
    at ApiClient.callApi (/root/tgGrammyTickets/node_modules/grammy/out/core/client.js:90:48)
    at process.processTicksAndRejections (node:internal/process/task_queues:95:5)
    at async sendTicketsToChannel (/root/tgGrammyTickets/index.js:305:3) {
  method: 'sendMessage',
  payload: {
    chat_id: '-1002396067751',
    text: '<b>ИНФОРМАЦИЯ О БИЛЕТАХ ПО ВСЕМ МАТЧАМ</b>\n' +
      '\n' +
      '<b>Акрон х Балтика // 31.08.2025</b>\n' +
      '\n' +
      'Продано: <b>1 160</b>\n' +
      'Пригласительных: <b>1 658</b>\n' +
      'Сумма: <b>1 597 966 ₽</b>\n' +
      'Средняя стоимость: <b>1 378 ₽</b>\n' +
      '\n' +
      'План: <b>2 265 385 ₽</b>\n' +
      'Выполнения плана: <b>71%</b>\n' +
      'Итого: <b>2 818</b>\n' +
      '\n' +
      '────────────\n' +
      '\n' +
      '<b>Кубок. Акрон х Локомотив // 16.09.2025</b>\n' +
      '\n' +
      'Продано: <b>64</b>\n' +
      'Пригласительных: <b>17</b>\n' +
      'Сумма: <b>96 864 ₽</b>\n' +
      'Средняя стоимость: <b>1 514 ₽</b>\n' +
      '\n' +
      'План: <b>5 989 143 ₽</b>\n' +
      'Выполнения плана: <b>2%</b>\n' +
      'Итого: <b>81</b>\n' +
      '\n' +
      '────────────\n' +
      '\n' +
      '<b>Акрон х Рубин // 20.09.2025</b>\n' +
      '\n' +
      'Продано: <b>25</b>\n' +
      'Пригласительных: <b>4</b>\n' +
      'Сумма: <b>23 879 ₽</b>\n' +
      'Средняя стоимость: <b>955 ₽</b>\n' +
      '\n' +
      'План: <b>2 265 385 ₽</b>\n' +
      'Выполнения плана: <b>1%</b>\n' +
      'Итого: <b>29</b>\n' +
      '\n' +
      '────────────\n' +
      '\n' +
      '<b>Акрон х Зенит // 04.10.2025</b>\n' +
      '\n' +
      'Продано: <b>93</b>\n' +
      'Пригласительных: <b>27</b>\n' +
      'Сумма: <b>106 861 ₽</b>\n' +
      'Средняя стоимость: <b>1 149 ₽</b>\n' +
      '\n' +
      'План: <b>7 522 154 ₽</b>\n' +
      'Выполнения плана: <b>1%</b>\n' +
      'Итого: <b>120</b>\n',
    parse_mode: 'HTML',
    disable_web_page_preview: true
  },
  ok: false,
  error_code: 400,
  description: 'Bad Request: chat not found',
  parameters: {}
}
2025-09-01T07:00:05: [31m[2025-09-01T07:00:05.502Z] Ошибка при отправке отчета в канал:[0m GrammyError: Call to 'sendMessage' failed! (400: Bad Request: chat not found)
    at toGrammyError (/root/tgGrammyTickets/node_modules/grammy/out/core/error.js:35:12)
    at ApiClient.callApi (/root/tgGrammyTickets/node_modules/grammy/out/core/client.js:90:48)
    at process.processTicksAndRejections (node:internal/process/task_queues:95:5)
    at async sendTicketsToChannel (/root/tgGrammyTickets/index.js:305:3) {
  method: 'sendMessage',
  payload: {
    chat_id: '-1002396067751',
    text: '<b>ИНФОРМАЦИЯ О БИЛЕТАХ ПО ВСЕМ МАТЧАМ</b>\n' +
      '\n' +
      '<b>Акрон х Балтика // 31.08.2025</b>\n' +
      '\n' +
      'Продано: <b>1 471</b>\n' +
      'Пригласительных: <b>1 721</b>\n' +
      'Сумма: <b>1 886 473 ₽</b>\n' +
      'Средняя стоимость: <b>1 282 ₽</b>\n' +
      '\n' +
      'План: <b>2 265 385 ₽</b>\n' +
      'Выполнения плана: <b>83%</b>\n' +
      'Итого: <b>3 192</b>\n' +
      '\n' +
      '────────────\n' +
      '\n' +
      '<b>Кубок. Акрон х Локомотив // 16.09.2025</b>\n' +
      '\n' +
      'Продано: <b>76</b>\n' +
      'Пригласительных: <b>19</b>\n' +
      'Сумма: <b>113 123 ₽</b>\n' +
      'Средняя стоимость: <b>1 488 ₽</b>\n' +
      '\n' +
      'План: <b>5 989 143 ₽</b>\n' +
      'Выполнения плана: <b>2%</b>\n' +
      'Итого: <b>95</b>\n' +
      '\n' +
      '────────────\n' +
      '\n' +
      '<b>Акрон х Рубин // 20.09.2025</b>\n' +
      '\n' +
      'Продано: <b>26</b>\n' +
      'Пригласительных: <b>9</b>\n' +
      'Сумма: <b>24 369 ₽</b>\n' +
      'Средняя стоимость: <b>937 ₽</b>\n' +
      '\n' +
      'План: <b>2 265 385 ₽</b>\n' +
      'Выполнения плана: <b>1%</b>\n' +
      'Итого: <b>35</b>\n' +
      '\n' +
      '────────────\n' +
      '\n' +
      '<b>Акрон х Зенит // 04.10.2025</b>\n' +
      '\n' +
      'Продано: <b>107</b>\n' +
      'Пригласительных: <b>32</b>\n' +
      'Сумма: <b>124 661 ₽</b>\n' +
      'Средняя стоимость: <b>1 165 ₽</b>\n' +
      '\n' +
      'План: <b>7 522 154 ₽</b>\n' +
      'Выполнения плана: <b>2%</b>\n' +
      'Итого: <b>139</b>\n',
    parse_mode: 'HTML',
    disable_web_page_preview: true
  },
  ok: false,
  error_code: 400,
  description: 'Bad Request: chat not found',
  parameters: {}
}
You have triggered an unhandledRejection, you may have forgotten to catch a Promise rejection:
GrammyError: Call to 'getUpdates' failed! (409: Conflict: terminated by other getUpdates request; make sure that only one bot instance is running)
    at toGrammyError (/root/tgGrammyTickets/node_modules/grammy/out/core/error.js:35:12)
    at ApiClient.callApi (/root/tgGrammyTickets/node_modules/grammy/out/core/client.js:90:48)
    at process.processTicksAndRejections (node:internal/process/task_queues:95:5)
    at async Bot.fetchUpdates (/root/tgGrammyTickets/node_modules/grammy/out/bot.js:391:27)
    at async Bot.loop (/root/tgGrammyTickets/node_modules/grammy/out/bot.js:366:29)
    at async Bot.start (/root/tgGrammyTickets/node_modules/grammy/out/bot.js:305:9)
You have triggered an unhandledRejection, you may have forgotten to catch a Promise rejection:
GrammyError: Call to 'getUpdates' failed! (409: Conflict: terminated by other getUpdates request; make sure that only one bot instance is running)
    at toGrammyError (/root/tgGrammyTickets/node_modules/grammy/out/core/error.js:35:12)
    at ApiClient.callApi (/root/tgGrammyTickets/node_modules/grammy/out/core/client.js:90:48)
    at process.processTicksAndRejections (node:internal/process/task_queues:95:5)
    at async Bot.fetchUpdates (/root/tgGrammyTickets/node_modules/grammy/out/bot.js:391:27)
    at async Bot.loop (/root/tgGrammyTickets/node_modules/grammy/out/bot.js:366:29)
    at async Bot.start (/root/tgGrammyTickets/node_modules/grammy/out/bot.js:305:9)
You have triggered an unhandledRejection, you may have forgotten to catch a Promise rejection:
GrammyError: Call to 'getUpdates' failed! (409: Conflict: terminated by other getUpdates request; make sure that only one bot instance is running)
    at toGrammyError (/root/tgGrammyTickets/node_modules/grammy/out/core/error.js:35:12)
    at ApiClient.callApi (/root/tgGrammyTickets/node_modules/grammy/out/core/client.js:90:48)
    at process.processTicksAndRejections (node:internal/process/task_queues:95:5)
    at async Bot.fetchUpdates (/root/tgGrammyTickets/node_modules/grammy/out/bot.js:391:27)
    at async Bot.loop (/root/tgGrammyTickets/node_modules/grammy/out/bot.js:366:29)
    at async Bot.start (/root/tgGrammyTickets/node_modules/grammy/out/bot.js:305:9)
2025-09-02T07:00:54: [33m[2025-09-02 11:00:54] [WARN] Ошибка при отправке отчета в канал (не критическая) "Call to 'sendMessage' failed! (400: Bad Request: chat not found)"[0m
2025-09-02T07:00:54: [33m[2025-09-02 11:00:54] [WARN] [2025-09-02T07:00:54.623Z] Ошибка при автоматической отправке отчета в канал -1002396067751: Call to 'sendMessage' failed! (400: Bad Request: chat not found) [0m
2025-09-03T07:00:06: [33m[2025-09-03 11:00:06] [WARN] Ошибка при отправке отчета в канал (не критическая) "Call to 'sendMessage' failed! (400: Bad Request: chat not found)"[0m
2025-09-03T07:00:06: [33m[2025-09-03 11:00:06] [WARN] [2025-09-03T07:00:06.139Z] Ошибка при автоматической отправке отчета в канал -1002396067751: Call to 'sendMessage' failed! (400: Bad Request: chat not found) [0m
2025-09-04T07:00:06: [33m[2025-09-04 11:00:06] [WARN] Ошибка при отправке отчета в канал (не критическая) "Call to 'sendMessage' failed! (400: Bad Request: chat not found)"[0m
2025-09-04T07:00:06: [33m[2025-09-04 11:00:06] [WARN] [2025-09-04T07:00:06.233Z] Ошибка при автоматической отправке отчета в канал -1002396067751: Call to 'sendMessage' failed! (400: Bad Request: chat not found) [0m
2025-09-05T07:00:08: [33m[2025-09-05 11:00:08] [WARN] Ошибка при отправке отчета в канал (не критическая) "Call to 'sendMessage' failed! (400: Bad Request: chat not found)"[0m
2025-09-05T07:00:08: [33m[2025-09-05 11:00:08] [WARN] [2025-09-05T07:00:08.508Z] Ошибка при автоматической отправке отчета в канал -1002396067751: Call to 'sendMessage' failed! (400: Bad Request: chat not found) [0m
2025-09-06T07:00:08: [33m[2025-09-06 11:00:08] [WARN] Ошибка при отправке отчета в канал (не критическая) "Call to 'sendMessage' failed! (400: Bad Request: chat not found)"[0m
2025-09-06T07:00:08: [33m[2025-09-06 11:00:08] [WARN] [2025-09-06T07:00:08.611Z] Ошибка при автоматической отправке отчета в канал -1002396067751: Call to 'sendMessage' failed! (400: Bad Request: chat not found) [0m
2025-09-07T07:00:07: [33m[2025-09-07 11:00:07] [WARN] Ошибка при отправке отчета в канал (не критическая) "Call to 'sendMessage' failed! (400: Bad Request: chat not found)"[0m
2025-09-07T07:00:07: [33m[2025-09-07 11:00:07] [WARN] [2025-09-07T07:00:07.936Z] Ошибка при автоматической отправке отчета в канал -1002396067751: Call to 'sendMessage' failed! (400: Bad Request: chat not found) [0m
2025-09-08T07:00:07: [33m[2025-09-08 11:00:07] [WARN] Ошибка при отправке отчета в канал (не критическая) "Call to 'sendMessage' failed! (400: Bad Request: chat not found)"[0m
2025-09-08T07:00:07: [33m[2025-09-08 11:00:07] [WARN] [2025-09-08T07:00:07.683Z] Ошибка при автоматической отправке отчета в канал -1002396067751: Call to 'sendMessage' failed! (400: Bad Request: chat not found) [0m
2025-09-09T07:00:07: [33m[2025-09-09 11:00:07] [WARN] Ошибка при отправке отчета в канал (не критическая) "Call to 'sendMessage' failed! (400: Bad Request: chat not found)"[0m
2025-09-09T07:00:07: [33m[2025-09-09 11:00:07] [WARN] [2025-09-09T07:00:07.962Z] Ошибка при автоматической отправке отчета в канал -1002396067751: Call to 'sendMessage' failed! (400: Bad Request: chat not found) [0m
2025-09-21T11:02:30: [31m[2025-09-21 15:02:30] [ERROR] Ошибка при запуске бота GrammyError: Call to 'getUpdates' failed! (409: Conflict: terminated by setWebhook request)
    at toGrammyError (/root/tgGrammyTickets/node_modules/grammy/out/core/error.js:35:12)
    at ApiClient.callApi (/root/tgGrammyTickets/node_modules/grammy/out/core/client.js:90:48)
    at process.processTicksAndRejections (node:internal/process/task_queues:95:5)
    at async Bot.fetchUpdates (/root/tgGrammyTickets/node_modules/grammy/out/bot.js:391:27)
    at async Bot.loop (/root/tgGrammyTickets/node_modules/grammy/out/bot.js:366:29)
    at async Bot.start (/root/tgGrammyTickets/node_modules/grammy/out/bot.js:305:9)
    at async TelegramBot.start (/root/tgGrammyTickets/src/bot.js:147:4)
    at async main (/root/tgGrammyTickets/src/index.js:12:3)[0m
2025-10-22T14:06:37: Ошибка при получении данных для матча Акрон х Зенит // 04.10.2025: FetchError: request to https://api.tickets.yandex.net/api/crm/?action=crm.order.ticket.list&auth=fca_api:421ae772bdd56f7f08fbe9abaac4db70eb3c46ac:1761141997&city_id=3296193&event_id=42315054 failed, reason: getaddrinfo EAI_AGAIN api.tickets.yandex.net
    at ClientRequest.<anonymous> (/root/tgGrammyTickets/node_modules/node-fetch/lib/index.js:1501:11)
    at ClientRequest.emit (node:events:517:28)
    at TLSSocket.socketErrorListener (node:_http_client:501:9)
    at TLSSocket.emit (node:events:517:28)
    at emitErrorNT (node:internal/streams/destroy:151:8)
    at emitErrorCloseNT (node:internal/streams/destroy:116:3)
    at process.processTicksAndRejections (node:internal/process/task_queues:82:21) {
  type: 'system',
  errno: 'EAI_AGAIN',
  code: 'EAI_AGAIN'
}
2025-10-22T14:06:37: Ошибка при получении данных для матча Акрон х Локомотив // 26.10.2025: FetchError: request to https://api.tickets.yandex.net/api/crm/?action=crm.order.ticket.list&auth=fca_api:421ae772bdd56f7f08fbe9abaac4db70eb3c46ac:1761141997&city_id=3296193&event_id=43608494 failed, reason: getaddrinfo EAI_AGAIN api.tickets.yandex.net
    at ClientRequest.<anonymous> (/root/tgGrammyTickets/node_modules/node-fetch/lib/index.js:1501:11)
    at ClientRequest.emit (node:events:517:28)
    at TLSSocket.socketErrorListener (node:_http_client:501:9)
    at TLSSocket.emit (node:events:517:28)
    at emitErrorNT (node:internal/streams/destroy:151:8)
    at emitErrorCloseNT (node:internal/streams/destroy:116:3)
    at process.processTicksAndRejections (node:internal/process/task_queues:82:21) {
  type: 'system',
  errno: 'EAI_AGAIN',
  code: 'EAI_AGAIN'
}
2025-10-22T14:06:46: Ошибка при получении данных для матча Акрон х Зенит // 04.10.2025: FetchError: request to https://api.tickets.yandex.net/api/crm/?action=crm.order.ticket.list&auth=fca_api:40f4ae876d887f85b8cb8af8bdf3ec388efaa791:1761142006&city_id=3296193&event_id=42315054 failed, reason: getaddrinfo EAI_AGAIN api.tickets.yandex.net
    at ClientRequest.<anonymous> (/root/tgGrammyTickets/node_modules/node-fetch/lib/index.js:1501:11)
    at ClientRequest.emit (node:events:517:28)
    at TLSSocket.socketErrorListener (node:_http_client:501:9)
    at TLSSocket.emit (node:events:517:28)
    at emitErrorNT (node:internal/streams/destroy:151:8)
    at emitErrorCloseNT (node:internal/streams/destroy:116:3)
    at process.processTicksAndRejections (node:internal/process/task_queues:82:21) {
  type: 'system',
  errno: 'EAI_AGAIN',
  code: 'EAI_AGAIN'
}
2025-10-22T14:06:46: Ошибка при получении данных для матча Акрон х Локомотив // 26.10.2025: FetchError: request to https://api.tickets.yandex.net/api/crm/?action=crm.order.ticket.list&auth=fca_api:40f4ae876d887f85b8cb8af8bdf3ec388efaa791:1761142006&city_id=3296193&event_id=43608494 failed, reason: getaddrinfo EAI_AGAIN api.tickets.yandex.net
    at ClientRequest.<anonymous> (/root/tgGrammyTickets/node_modules/node-fetch/lib/index.js:1501:11)
    at ClientRequest.emit (node:events:517:28)
    at TLSSocket.socketErrorListener (node:_http_client:501:9)
    at TLSSocket.emit (node:events:517:28)
    at emitErrorNT (node:internal/streams/destroy:151:8)
    at emitErrorCloseNT (node:internal/streams/destroy:116:3)
    at process.processTicksAndRejections (node:internal/process/task_queues:82:21) {
  type: 'system',
  errno: 'EAI_AGAIN',
  code: 'EAI_AGAIN'
}
2025-10-22T14:07:20: Ошибка при получении данных для матча Акрон х Зенит // 04.10.2025: FetchError: request to https://api.tickets.yandex.net/api/crm/?action=crm.order.ticket.list&auth=fca_api:c04bbdbfaf057946eb92208f2ab46d08061f653c:1761142040&city_id=3296193&event_id=42315054 failed, reason: getaddrinfo EAI_AGAIN api.tickets.yandex.net
    at ClientRequest.<anonymous> (/root/tgGrammyTickets/node_modules/node-fetch/lib/index.js:1501:11)
    at ClientRequest.emit (node:events:517:28)
    at TLSSocket.socketErrorListener (node:_http_client:501:9)
    at TLSSocket.emit (node:events:517:28)
    at emitErrorNT (node:internal/streams/destroy:151:8)
    at emitErrorCloseNT (node:internal/streams/destroy:116:3)
    at process.processTicksAndRejections (node:internal/process/task_queues:82:21) {
  type: 'system',
  errno: 'EAI_AGAIN',
  code: 'EAI_AGAIN'
}
2025-10-22T14:07:20: Ошибка при получении данных для матча Акрон х Локомотив // 26.10.2025: FetchError: request to https://api.tickets.yandex.net/api/crm/?action=crm.order.ticket.list&auth=fca_api:c04bbdbfaf057946eb92208f2ab46d08061f653c:1761142040&city_id=3296193&event_id=43608494 failed, reason: getaddrinfo EAI_AGAIN api.tickets.yandex.net
    at ClientRequest.<anonymous> (/root/tgGrammyTickets/node_modules/node-fetch/lib/index.js:1501:11)
    at ClientRequest.emit (node:events:517:28)
    at TLSSocket.socketErrorListener (node:_http_client:501:9)
    at TLSSocket.emit (node:events:517:28)
    at emitErrorNT (node:internal/streams/destroy:151:8)
    at emitErrorCloseNT (node:internal/streams/destroy:116:3)
    at process.processTicksAndRejections (node:internal/process/task_queues:82:21) {
  type: 'system',
  errno: 'EAI_AGAIN',
  code: 'EAI_AGAIN'
}
2025-10-22T14:07:36: Ошибка при получении данных для матча Акрон х Зенит // 04.10.2025: FetchError: request to https://api.tickets.yandex.net/api/crm/?action=crm.order.ticket.list&auth=fca_api:f671d74abd5458f01f9df9dd2b62dfafb73d9a9e:1761142056&city_id=3296193&event_id=42315054 failed, reason: getaddrinfo EAI_AGAIN api.tickets.yandex.net
    at ClientRequest.<anonymous> (/root/tgGrammyTickets/node_modules/node-fetch/lib/index.js:1501:11)
    at ClientRequest.emit (node:events:517:28)
    at TLSSocket.socketErrorListener (node:_http_client:501:9)
    at TLSSocket.emit (node:events:517:28)
    at emitErrorNT (node:internal/streams/destroy:151:8)
    at emitErrorCloseNT (node:internal/streams/destroy:116:3)
    at process.processTicksAndRejections (node:internal/process/task_queues:82:21) {
  type: 'system',
  errno: 'EAI_AGAIN',
  code: 'EAI_AGAIN'
}
2025-10-22T14:07:36: Ошибка при получении данных для матча Акрон х Локомотив // 26.10.2025: FetchError: request to https://api.tickets.yandex.net/api/crm/?action=crm.order.ticket.list&auth=fca_api:f671d74abd5458f01f9df9dd2b62dfafb73d9a9e:1761142056&city_id=3296193&event_id=43608494 failed, reason: getaddrinfo EAI_AGAIN api.tickets.yandex.net
    at ClientRequest.<anonymous> (/root/tgGrammyTickets/node_modules/node-fetch/lib/index.js:1501:11)
    at ClientRequest.emit (node:events:517:28)
    at TLSSocket.socketErrorListener (node:_http_client:501:9)
    at TLSSocket.emit (node:events:517:28)
    at emitErrorNT (node:internal/streams/destroy:151:8)
    at emitErrorCloseNT (node:internal/streams/destroy:116:3)
    at process.processTicksAndRejections (node:internal/process/task_queues:82:21) {
  type: 'system',
  errno: 'EAI_AGAIN',
  code: 'EAI_AGAIN'
}
2025-10-22T14:09:12: Ошибка при получении данных для матча Акрон х Зенит // 04.10.2025: FetchError: request to https://api.tickets.yandex.net/api/crm/?action=crm.order.ticket.list&auth=fca_api:c950c5da021adc12be3ecb0813c5b40b37d565c1:1761142152&city_id=3296193&event_id=42315054 failed, reason: getaddrinfo EAI_AGAIN api.tickets.yandex.net
    at ClientRequest.<anonymous> (/root/tgGrammyTickets/node_modules/node-fetch/lib/index.js:1501:11)
    at ClientRequest.emit (node:events:517:28)
    at TLSSocket.socketErrorListener (node:_http_client:501:9)
    at TLSSocket.emit (node:events:517:28)
    at emitErrorNT (node:internal/streams/destroy:151:8)
    at emitErrorCloseNT (node:internal/streams/destroy:116:3)
    at process.processTicksAndRejections (node:internal/process/task_queues:82:21) {
  type: 'system',
  errno: 'EAI_AGAIN',
  code: 'EAI_AGAIN'
}
2025-10-22T14:09:12: Ошибка при получении данных для матча Акрон х Локомотив // 26.10.2025: FetchError: request to https://api.tickets.yandex.net/api/crm/?action=crm.order.ticket.list&auth=fca_api:c950c5da021adc12be3ecb0813c5b40b37d565c1:1761142152&city_id=3296193&event_id=43608494 failed, reason: getaddrinfo EAI_AGAIN api.tickets.yandex.net
    at ClientRequest.<anonymous> (/root/tgGrammyTickets/node_modules/node-fetch/lib/index.js:1501:11)
    at ClientRequest.emit (node:events:517:28)
    at TLSSocket.socketErrorListener (node:_http_client:501:9)
    at TLSSocket.emit (node:events:517:28)
    at emitErrorNT (node:internal/streams/destroy:151:8)
    at emitErrorCloseNT (node:internal/streams/destroy:116:3)
    at process.processTicksAndRejections (node:internal/process/task_queues:82:21) {
  type: 'system',
  errno: 'EAI_AGAIN',
  code: 'EAI_AGAIN'
}
2025-10-22T17:05:38: Ошибка при получении данных для матча Акрон х Зенит // 04.10.2025: FetchError: request to https://api.tickets.yandex.net/api/crm/?action=crm.order.ticket.list&auth=fca_api:668d814d021c60c4d265c7820c71bbf693d60e28:1761152738&city_id=3296193&event_id=42315054 failed, reason: getaddrinfo EAI_AGAIN api.tickets.yandex.net
    at ClientRequest.<anonymous> (/root/tgGrammyTickets/node_modules/node-fetch/lib/index.js:1501:11)
    at ClientRequest.emit (node:events:517:28)
    at TLSSocket.socketErrorListener (node:_http_client:501:9)
    at TLSSocket.emit (node:events:517:28)
    at emitErrorNT (node:internal/streams/destroy:151:8)
    at emitErrorCloseNT (node:internal/streams/destroy:116:3)
    at process.processTicksAndRejections (node:internal/process/task_queues:82:21) {
  type: 'system',
  errno: 'EAI_AGAIN',
  code: 'EAI_AGAIN'
}
2025-10-22T17:05:38: Ошибка при получении данных для матча Акрон х Локомотив // 26.10.2025: FetchError: request to https://api.tickets.yandex.net/api/crm/?action=crm.order.ticket.list&auth=fca_api:668d814d021c60c4d265c7820c71bbf693d60e28:1761152738&city_id=3296193&event_id=43608494 failed, reason: getaddrinfo EAI_AGAIN api.tickets.yandex.net
    at ClientRequest.<anonymous> (/root/tgGrammyTickets/node_modules/node-fetch/lib/index.js:1501:11)
    at ClientRequest.emit (node:events:517:28)
    at TLSSocket.socketErrorListener (node:_http_client:501:9)
    at TLSSocket.emit (node:events:517:28)
    at emitErrorNT (node:internal/streams/destroy:151:8)
    at emitErrorCloseNT (node:internal/streams/destroy:116:3)
    at process.processTicksAndRejections (node:internal/process/task_queues:82:21) {
  type: 'system',
  errno: 'EAI_AGAIN',
  code: 'EAI_AGAIN'
}
2025-10-22T17:05:45: Ошибка при получении данных для матча Акрон х Зенит // 04.10.2025: FetchError: request to https://api.tickets.yandex.net/api/crm/?action=crm.order.ticket.list&auth=fca_api:68b3dca22c1abc1d1e82c982a06c305a1dba26e2:1761152745&city_id=3296193&event_id=42315054 failed, reason: getaddrinfo EAI_AGAIN api.tickets.yandex.net
    at ClientRequest.<anonymous> (/root/tgGrammyTickets/node_modules/node-fetch/lib/index.js:1501:11)
    at ClientRequest.emit (node:events:517:28)
    at TLSSocket.socketErrorListener (node:_http_client:501:9)
    at TLSSocket.emit (node:events:517:28)
    at emitErrorNT (node:internal/streams/destroy:151:8)
    at emitErrorCloseNT (node:internal/streams/destroy:116:3)
    at process.processTicksAndRejections (node:internal/process/task_queues:82:21) {
  type: 'system',
  errno: 'EAI_AGAIN',
  code: 'EAI_AGAIN'
}
2025-10-22T17:05:45: Ошибка при получении данных для матча Акрон х Локомотив // 26.10.2025: FetchError: request to https://api.tickets.yandex.net/api/crm/?action=crm.order.ticket.list&auth=fca_api:68b3dca22c1abc1d1e82c982a06c305a1dba26e2:1761152745&city_id=3296193&event_id=43608494 failed, reason: getaddrinfo EAI_AGAIN api.tickets.yandex.net
    at ClientRequest.<anonymous> (/root/tgGrammyTickets/node_modules/node-fetch/lib/index.js:1501:11)
    at ClientRequest.emit (node:events:517:28)
    at TLSSocket.socketErrorListener (node:_http_client:501:9)
    at TLSSocket.emit (node:events:517:28)
    at emitErrorNT (node:internal/streams/destroy:151:8)
    at emitErrorCloseNT (node:internal/streams/destroy:116:3)
    at process.processTicksAndRejections (node:internal/process/task_queues:82:21) {
  type: 'system',
  errno: 'EAI_AGAIN',
  code: 'EAI_AGAIN'
}
2025-10-22T17:05:46: Ошибка при получении данных для матча Акрон х Зенит // 04.10.2025: FetchError: request to https://api.tickets.yandex.net/api/crm/?action=crm.order.ticket.list&auth=fca_api:23614dac8fd1f56b4bc60b4349aef5f9056b3a00:1761152746&city_id=3296193&event_id=42315054 failed, reason: getaddrinfo EAI_AGAIN api.tickets.yandex.net
    at ClientRequest.<anonymous> (/root/tgGrammyTickets/node_modules/node-fetch/lib/index.js:1501:11)
    at ClientRequest.emit (node:events:517:28)
    at TLSSocket.socketErrorListener (node:_http_client:501:9)
    at TLSSocket.emit (node:events:517:28)
    at emitErrorNT (node:internal/streams/destroy:151:8)
    at emitErrorCloseNT (node:internal/streams/destroy:116:3)
    at process.processTicksAndRejections (node:internal/process/task_queues:82:21) {
  type: 'system',
  errno: 'EAI_AGAIN',
  code: 'EAI_AGAIN'
}
2025-10-22T17:05:46: Ошибка при получении данных для матча Акрон х Локомотив // 26.10.2025: FetchError: request to https://api.tickets.yandex.net/api/crm/?action=crm.order.ticket.list&auth=fca_api:23614dac8fd1f56b4bc60b4349aef5f9056b3a00:1761152746&city_id=3296193&event_id=43608494 failed, reason: getaddrinfo EAI_AGAIN api.tickets.yandex.net
    at ClientRequest.<anonymous> (/root/tgGrammyTickets/node_modules/node-fetch/lib/index.js:1501:11)
    at ClientRequest.emit (node:events:517:28)
    at TLSSocket.socketErrorListener (node:_http_client:501:9)
    at TLSSocket.emit (node:events:517:28)
    at emitErrorNT (node:internal/streams/destroy:151:8)
    at emitErrorCloseNT (node:internal/streams/destroy:116:3)
    at process.processTicksAndRejections (node:internal/process/task_queues:82:21) {
  type: 'system',
  errno: 'EAI_AGAIN',
  code: 'EAI_AGAIN'
}
2025-10-22T17:05:56: Ошибка при получении данных для матча Акрон х Зенит // 04.10.2025: FetchError: request to https://api.tickets.yandex.net/api/crm/?action=crm.order.ticket.list&auth=fca_api:1e3d7966d21ccaa0e932ad5707cb97cbcd18ee28:1761152756&city_id=3296193&event_id=42315054 failed, reason: getaddrinfo EAI_AGAIN api.tickets.yandex.net
    at ClientRequest.<anonymous> (/root/tgGrammyTickets/node_modules/node-fetch/lib/index.js:1501:11)
    at ClientRequest.emit (node:events:517:28)
    at TLSSocket.socketErrorListener (node:_http_client:501:9)
    at TLSSocket.emit (node:events:517:28)
    at emitErrorNT (node:internal/streams/destroy:151:8)
    at emitErrorCloseNT (node:internal/streams/destroy:116:3)
    at process.processTicksAndRejections (node:internal/process/task_queues:82:21) {
  type: 'system',
  errno: 'EAI_AGAIN',
  code: 'EAI_AGAIN'
}
2025-10-22T17:05:56: Ошибка при получении данных для матча Акрон х Локомотив // 26.10.2025: FetchError: request to https://api.tickets.yandex.net/api/crm/?action=crm.order.ticket.list&auth=fca_api:1e3d7966d21ccaa0e932ad5707cb97cbcd18ee28:1761152756&city_id=3296193&event_id=43608494 failed, reason: getaddrinfo EAI_AGAIN api.tickets.yandex.net
    at ClientRequest.<anonymous> (/root/tgGrammyTickets/node_modules/node-fetch/lib/index.js:1501:11)
    at ClientRequest.emit (node:events:517:28)
    at TLSSocket.socketErrorListener (node:_http_client:501:9)
    at TLSSocket.emit (node:events:517:28)
    at emitErrorNT (node:internal/streams/destroy:151:8)
    at emitErrorCloseNT (node:internal/streams/destroy:116:3)
    at process.processTicksAndRejections (node:internal/process/task_queues:82:21) {
  type: 'system',
  errno: 'EAI_AGAIN',
  code: 'EAI_AGAIN'
}
2025-10-22T17:06:56: Ошибка при получении данных для матча Акрон х Зенит // 04.10.2025: FetchError: request to https://api.tickets.yandex.net/api/crm/?action=crm.order.ticket.list&auth=fca_api:b3c629eafe43fea2147083cfa4d66ea1b84ada43:1761152816&city_id=3296193&event_id=42315054 failed, reason: getaddrinfo EAI_AGAIN api.tickets.yandex.net
    at ClientRequest.<anonymous> (/root/tgGrammyTickets/node_modules/node-fetch/lib/index.js:1501:11)
    at ClientRequest.emit (node:events:517:28)
    at TLSSocket.socketErrorListener (node:_http_client:501:9)
    at TLSSocket.emit (node:events:517:28)
    at emitErrorNT (node:internal/streams/destroy:151:8)
    at emitErrorCloseNT (node:internal/streams/destroy:116:3)
    at process.processTicksAndRejections (node:internal/process/task_queues:82:21) {
  type: 'system',
  errno: 'EAI_AGAIN',
  code: 'EAI_AGAIN'
}
2025-10-22T17:06:56: Ошибка при получении данных для матча Акрон х Локомотив // 26.10.2025: FetchError: request to https://api.tickets.yandex.net/api/crm/?action=crm.order.ticket.list&auth=fca_api:b3c629eafe43fea2147083cfa4d66ea1b84ada43:1761152816&city_id=3296193&event_id=43608494 failed, reason: getaddrinfo EAI_AGAIN api.tickets.yandex.net
    at ClientRequest.<anonymous> (/root/tgGrammyTickets/node_modules/node-fetch/lib/index.js:1501:11)
    at ClientRequest.emit (node:events:517:28)
    at TLSSocket.socketErrorListener (node:_http_client:501:9)
    at TLSSocket.emit (node:events:517:28)
    at emitErrorNT (node:internal/streams/destroy:151:8)
    at emitErrorCloseNT (node:internal/streams/destroy:116:3)
    at process.processTicksAndRejections (node:internal/process/task_queues:82:21) {
  type: 'system',
  errno: 'EAI_AGAIN',
  code: 'EAI_AGAIN'
}
2025-10-22T17:07:47: Ошибка при получении данных для матча Акрон х Зенит // 04.10.2025: FetchError: request to https://api.tickets.yandex.net/api/crm/?action=crm.order.ticket.list&auth=fca_api:b4cb37cd574fdbcfacdd4c11906ec5ee2e0f974f:1761152867&city_id=3296193&event_id=42315054 failed, reason: getaddrinfo EAI_AGAIN api.tickets.yandex.net
    at ClientRequest.<anonymous> (/root/tgGrammyTickets/node_modules/node-fetch/lib/index.js:1501:11)
    at ClientRequest.emit (node:events:517:28)
    at TLSSocket.socketErrorListener (node:_http_client:501:9)
    at TLSSocket.emit (node:events:517:28)
    at emitErrorNT (node:internal/streams/destroy:151:8)
    at emitErrorCloseNT (node:internal/streams/destroy:116:3)
    at process.processTicksAndRejections (node:internal/process/task_queues:82:21) {
  type: 'system',
  errno: 'EAI_AGAIN',
  code: 'EAI_AGAIN'
}
2025-10-22T17:07:47: Ошибка при получении данных для матча Акрон х Локомотив // 26.10.2025: FetchError: request to https://api.tickets.yandex.net/api/crm/?action=crm.order.ticket.list&auth=fca_api:b4cb37cd574fdbcfacdd4c11906ec5ee2e0f974f:1761152867&city_id=3296193&event_id=43608494 failed, reason: getaddrinfo EAI_AGAIN api.tickets.yandex.net
    at ClientRequest.<anonymous> (/root/tgGrammyTickets/node_modules/node-fetch/lib/index.js:1501:11)
    at ClientRequest.emit (node:events:517:28)
    at TLSSocket.socketErrorListener (node:_http_client:501:9)
    at TLSSocket.emit (node:events:517:28)
    at emitErrorNT (node:internal/streams/destroy:151:8)
    at emitErrorCloseNT (node:internal/streams/destroy:116:3)
    at process.processTicksAndRejections (node:internal/process/task_queues:82:21) {
  type: 'system',
  errno: 'EAI_AGAIN',
  code: 'EAI_AGAIN'
}
2025-10-22T19:01:24: Ошибка при получении данных для матча Акрон х Зенит // 04.10.2025: FetchError: request to https://api.tickets.yandex.net/api/crm/?action=crm.order.ticket.list&auth=fca_api:4c4221ccc2d993e1f712da39f5be69eb55447e6d:1761159684&city_id=3296193&event_id=42315054 failed, reason: getaddrinfo EAI_AGAIN api.tickets.yandex.net
    at ClientRequest.<anonymous> (/root/tgGrammyTickets/node_modules/node-fetch/lib/index.js:1501:11)
    at ClientRequest.emit (node:events:517:28)
    at TLSSocket.socketErrorListener (node:_http_client:501:9)
    at TLSSocket.emit (node:events:517:28)
    at emitErrorNT (node:internal/streams/destroy:151:8)
    at emitErrorCloseNT (node:internal/streams/destroy:116:3)
    at process.processTicksAndRejections (node:internal/process/task_queues:82:21) {
  type: 'system',
  errno: 'EAI_AGAIN',
  code: 'EAI_AGAIN'
}
2025-10-22T19:01:24: Ошибка при получении данных для матча Акрон х Локомотив // 26.10.2025: FetchError: request to https://api.tickets.yandex.net/api/crm/?action=crm.order.ticket.list&auth=fca_api:4c4221ccc2d993e1f712da39f5be69eb55447e6d:1761159684&city_id=3296193&event_id=43608494 failed, reason: getaddrinfo EAI_AGAIN api.tickets.yandex.net
    at ClientRequest.<anonymous> (/root/tgGrammyTickets/node_modules/node-fetch/lib/index.js:1501:11)
    at ClientRequest.emit (node:events:517:28)
    at TLSSocket.socketErrorListener (node:_http_client:501:9)
    at TLSSocket.emit (node:events:517:28)
    at emitErrorNT (node:internal/streams/destroy:151:8)
    at emitErrorCloseNT (node:internal/streams/destroy:116:3)
    at process.processTicksAndRejections (node:internal/process/task_queues:82:21) {
  type: 'system',
  errno: 'EAI_AGAIN',
  code: 'EAI_AGAIN'
}
2025-10-22T19:02:24: Ошибка при получении данных для матча Акрон х Зенит // 04.10.2025: FetchError: request to https://api.tickets.yandex.net/api/crm/?action=crm.order.ticket.list&auth=fca_api:6d8659460388a2f265804e1209c109ece3570bf6:1761159744&city_id=3296193&event_id=42315054 failed, reason: getaddrinfo EAI_AGAIN api.tickets.yandex.net
    at ClientRequest.<anonymous> (/root/tgGrammyTickets/node_modules/node-fetch/lib/index.js:1501:11)
    at ClientRequest.emit (node:events:517:28)
    at TLSSocket.socketErrorListener (node:_http_client:501:9)
    at TLSSocket.emit (node:events:517:28)
    at emitErrorNT (node:internal/streams/destroy:151:8)
    at emitErrorCloseNT (node:internal/streams/destroy:116:3)
    at process.processTicksAndRejections (node:internal/process/task_queues:82:21) {
  type: 'system',
  errno: 'EAI_AGAIN',
  code: 'EAI_AGAIN'
}
2025-10-22T19:02:24: Ошибка при получении данных для матча Акрон х Локомотив // 26.10.2025: FetchError: request to https://api.tickets.yandex.net/api/crm/?action=crm.order.ticket.list&auth=fca_api:6d8659460388a2f265804e1209c109ece3570bf6:1761159744&city_id=3296193&event_id=43608494 failed, reason: getaddrinfo EAI_AGAIN api.tickets.yandex.net
    at ClientRequest.<anonymous> (/root/tgGrammyTickets/node_modules/node-fetch/lib/index.js:1501:11)
    at ClientRequest.emit (node:events:517:28)
    at TLSSocket.socketErrorListener (node:_http_client:501:9)
    at TLSSocket.emit (node:events:517:28)
    at emitErrorNT (node:internal/streams/destroy:151:8)
    at emitErrorCloseNT (node:internal/streams/destroy:116:3)
    at process.processTicksAndRejections (node:internal/process/task_queues:82:21) {
  type: 'system',
  errno: 'EAI_AGAIN',
  code: 'EAI_AGAIN'
}
2025-10-22T19:02:26: Ошибка при получении данных для матча Акрон х Зенит // 04.10.2025: FetchError: request to https://api.tickets.yandex.net/api/crm/?action=crm.order.ticket.list&auth=fca_api:62b501530fb67aab33894e8c6221927c086c7820:1761159746&city_id=3296193&event_id=42315054 failed, reason: getaddrinfo EAI_AGAIN api.tickets.yandex.net
    at ClientRequest.<anonymous> (/root/tgGrammyTickets/node_modules/node-fetch/lib/index.js:1501:11)
    at ClientRequest.emit (node:events:517:28)
    at TLSSocket.socketErrorListener (node:_http_client:501:9)
    at TLSSocket.emit (node:events:517:28)
    at emitErrorNT (node:internal/streams/destroy:151:8)
    at emitErrorCloseNT (node:internal/streams/destroy:116:3)
    at process.processTicksAndRejections (node:internal/process/task_queues:82:21) {
  type: 'system',
  errno: 'EAI_AGAIN',
  code: 'EAI_AGAIN'
}
2025-10-22T19:02:26: Ошибка при получении данных для матча Акрон х Локомотив // 26.10.2025: FetchError: request to https://api.tickets.yandex.net/api/crm/?action=crm.order.ticket.list&auth=fca_api:62b501530fb67aab33894e8c6221927c086c7820:1761159746&city_id=3296193&event_id=43608494 failed, reason: getaddrinfo EAI_AGAIN api.tickets.yandex.net
    at ClientRequest.<anonymous> (/root/tgGrammyTickets/node_modules/node-fetch/lib/index.js:1501:11)
    at ClientRequest.emit (node:events:517:28)
    at TLSSocket.socketErrorListener (node:_http_client:501:9)
    at TLSSocket.emit (node:events:517:28)
    at emitErrorNT (node:internal/streams/destroy:151:8)
    at emitErrorCloseNT (node:internal/streams/destroy:116:3)
    at process.processTicksAndRejections (node:internal/process/task_queues:82:21) {
  type: 'system',
  errno: 'EAI_AGAIN',
  code: 'EAI_AGAIN'
}
2025-10-22T19:41:45: Ошибка при получении данных для матча Акрон х Зенит // 04.10.2025: FetchError: request to https://api.tickets.yandex.net/api/crm/?action=crm.order.ticket.list&auth=fca_api:4ea328f772084e21288ba0921cc4e0187caea5f7:1761162105&city_id=3296193&event_id=42315054 failed, reason: getaddrinfo EAI_AGAIN api.tickets.yandex.net
    at ClientRequest.<anonymous> (/root/tgGrammyTickets/node_modules/node-fetch/lib/index.js:1501:11)
    at ClientRequest.emit (node:events:517:28)
    at TLSSocket.socketErrorListener (node:_http_client:501:9)
    at TLSSocket.emit (node:events:517:28)
    at emitErrorNT (node:internal/streams/destroy:151:8)
    at emitErrorCloseNT (node:internal/streams/destroy:116:3)
    at process.processTicksAndRejections (node:internal/process/task_queues:82:21) {
  type: 'system',
  errno: 'EAI_AGAIN',
  code: 'EAI_AGAIN'
}
2025-10-22T19:41:45: Ошибка при получении данных для матча Акрон х Локомотив // 26.10.2025: FetchError: request to https://api.tickets.yandex.net/api/crm/?action=crm.order.ticket.list&auth=fca_api:4ea328f772084e21288ba0921cc4e0187caea5f7:1761162105&city_id=3296193&event_id=43608494 failed, reason: getaddrinfo EAI_AGAIN api.tickets.yandex.net
    at ClientRequest.<anonymous> (/root/tgGrammyTickets/node_modules/node-fetch/lib/index.js:1501:11)
    at ClientRequest.emit (node:events:517:28)
    at TLSSocket.socketErrorListener (node:_http_client:501:9)
    at TLSSocket.emit (node:events:517:28)
    at emitErrorNT (node:internal/streams/destroy:151:8)
    at emitErrorCloseNT (node:internal/streams/destroy:116:3)
    at process.processTicksAndRejections (node:internal/process/task_queues:82:21) {
  type: 'system',
  errno: 'EAI_AGAIN',
  code: 'EAI_AGAIN'
}
2025-10-22T19:42:10: Ошибка при получении данных для матча Акрон х Зенит // 04.10.2025: FetchError: request to https://api.tickets.yandex.net/api/crm/?action=crm.order.ticket.list&auth=fca_api:6779de59dc8f6561915dc30628b2bc18295f53ff:1761162130&city_id=3296193&event_id=42315054 failed, reason: getaddrinfo EAI_AGAIN api.tickets.yandex.net
    at ClientRequest.<anonymous> (/root/tgGrammyTickets/node_modules/node-fetch/lib/index.js:1501:11)
    at ClientRequest.emit (node:events:517:28)
    at TLSSocket.socketErrorListener (node:_http_client:501:9)
    at TLSSocket.emit (node:events:517:28)
    at emitErrorNT (node:internal/streams/destroy:151:8)
    at emitErrorCloseNT (node:internal/streams/destroy:116:3)
    at process.processTicksAndRejections (node:internal/process/task_queues:82:21) {
  type: 'system',
  errno: 'EAI_AGAIN',
  code: 'EAI_AGAIN'
}
2025-10-22T19:42:10: Ошибка при получении данных для матча Акрон х Локомотив // 26.10.2025: FetchError: request to https://api.tickets.yandex.net/api/crm/?action=crm.order.ticket.list&auth=fca_api:6779de59dc8f6561915dc30628b2bc18295f53ff:1761162130&city_id=3296193&event_id=43608494 failed, reason: getaddrinfo EAI_AGAIN api.tickets.yandex.net
    at ClientRequest.<anonymous> (/root/tgGrammyTickets/node_modules/node-fetch/lib/index.js:1501:11)
    at ClientRequest.emit (node:events:517:28)
    at TLSSocket.socketErrorListener (node:_http_client:501:9)
    at TLSSocket.emit (node:events:517:28)
    at emitErrorNT (node:internal/streams/destroy:151:8)
    at emitErrorCloseNT (node:internal/streams/destroy:116:3)
    at process.processTicksAndRejections (node:internal/process/task_queues:82:21) {
  type: 'system',
  errno: 'EAI_AGAIN',
  code: 'EAI_AGAIN'
}
2025-10-22T19:42:19: Ошибка при получении данных для матча Акрон х Зенит // 04.10.2025: FetchError: request to https://api.tickets.yandex.net/api/crm/?action=crm.order.ticket.list&auth=fca_api:660ca0422a8b600109ae13503e949b7fddf1797e:1761162139&city_id=3296193&event_id=42315054 failed, reason: getaddrinfo EAI_AGAIN api.tickets.yandex.net
    at ClientRequest.<anonymous> (/root/tgGrammyTickets/node_modules/node-fetch/lib/index.js:1501:11)
    at ClientRequest.emit (node:events:517:28)
    at TLSSocket.socketErrorListener (node:_http_client:501:9)
    at TLSSocket.emit (node:events:517:28)
    at emitErrorNT (node:internal/streams/destroy:151:8)
    at emitErrorCloseNT (node:internal/streams/destroy:116:3)
    at process.processTicksAndRejections (node:internal/process/task_queues:82:21) {
  type: 'system',
  errno: 'EAI_AGAIN',
  code: 'EAI_AGAIN'
}
2025-10-22T19:42:19: Ошибка при получении данных для матча Акрон х Локомотив // 26.10.2025: FetchError: request to https://api.tickets.yandex.net/api/crm/?action=crm.order.ticket.list&auth=fca_api:660ca0422a8b600109ae13503e949b7fddf1797e:1761162139&city_id=3296193&event_id=43608494 failed, reason: getaddrinfo EAI_AGAIN api.tickets.yandex.net
    at ClientRequest.<anonymous> (/root/tgGrammyTickets/node_modules/node-fetch/lib/index.js:1501:11)
    at ClientRequest.emit (node:events:517:28)
    at TLSSocket.socketErrorListener (node:_http_client:501:9)
    at TLSSocket.emit (node:events:517:28)
    at emitErrorNT (node:internal/streams/destroy:151:8)
    at emitErrorCloseNT (node:internal/streams/destroy:116:3)
    at process.processTicksAndRejections (node:internal/process/task_queues:82:21) {
  type: 'system',
  errno: 'EAI_AGAIN',
  code: 'EAI_AGAIN'
}
2025-10-22T19:43:26: Ошибка при получении данных для матча Акрон х Зенит // 04.10.2025: FetchError: request to https://api.tickets.yandex.net/api/crm/?action=crm.order.ticket.list&auth=fca_api:7e2bbcc00389fdd4b9adc048a14d186b2408fbd7:1761162206&city_id=3296193&event_id=42315054 failed, reason: getaddrinfo EAI_AGAIN api.tickets.yandex.net
    at ClientRequest.<anonymous> (/root/tgGrammyTickets/node_modules/node-fetch/lib/index.js:1501:11)
    at ClientRequest.emit (node:events:517:28)
    at TLSSocket.socketErrorListener (node:_http_client:501:9)
    at TLSSocket.emit (node:events:517:28)
    at emitErrorNT (node:internal/streams/destroy:151:8)
    at emitErrorCloseNT (node:internal/streams/destroy:116:3)
    at process.processTicksAndRejections (node:internal/process/task_queues:82:21) {
  type: 'system',
  errno: 'EAI_AGAIN',
  code: 'EAI_AGAIN'
}
2025-10-22T19:43:26: Ошибка при получении данных для матча Акрон х Локомотив // 26.10.2025: FetchError: request to https://api.tickets.yandex.net/api/crm/?action=crm.order.ticket.list&auth=fca_api:7e2bbcc00389fdd4b9adc048a14d186b2408fbd7:1761162206&city_id=3296193&event_id=43608494 failed, reason: getaddrinfo EAI_AGAIN api.tickets.yandex.net
    at ClientRequest.<anonymous> (/root/tgGrammyTickets/node_modules/node-fetch/lib/index.js:1501:11)
    at ClientRequest.emit (node:events:517:28)
    at TLSSocket.socketErrorListener (node:_http_client:501:9)
    at TLSSocket.emit (node:events:517:28)
    at emitErrorNT (node:internal/streams/destroy:151:8)
    at emitErrorCloseNT (node:internal/streams/destroy:116:3)
    at process.processTicksAndRejections (node:internal/process/task_queues:82:21) {
  type: 'system',
  errno: 'EAI_AGAIN',
  code: 'EAI_AGAIN'
}
2025-10-22T19:43:29: Ошибка при получении данных для матча Акрон х Зенит // 04.10.2025: FetchError: request to https://api.tickets.yandex.net/api/crm/?action=crm.order.ticket.list&auth=fca_api:e8e1df7f1799f905963be996b0de61fe3f2ade14:1761162209&city_id=3296193&event_id=42315054 failed, reason: getaddrinfo EAI_AGAIN api.tickets.yandex.net
    at ClientRequest.<anonymous> (/root/tgGrammyTickets/node_modules/node-fetch/lib/index.js:1501:11)
    at ClientRequest.emit (node:events:517:28)
    at TLSSocket.socketErrorListener (node:_http_client:501:9)
    at TLSSocket.emit (node:events:517:28)
    at emitErrorNT (node:internal/streams/destroy:151:8)
    at emitErrorCloseNT (node:internal/streams/destroy:116:3)
    at process.processTicksAndRejections (node:internal/process/task_queues:82:21) {
  type: 'system',
  errno: 'EAI_AGAIN',
  code: 'EAI_AGAIN'
}
2025-10-22T19:43:29: Ошибка при получении данных для матча Акрон х Локомотив // 26.10.2025: FetchError: request to https://api.tickets.yandex.net/api/crm/?action=crm.order.ticket.list&auth=fca_api:e8e1df7f1799f905963be996b0de61fe3f2ade14:1761162209&city_id=3296193&event_id=43608494 failed, reason: getaddrinfo EAI_AGAIN api.tickets.yandex.net
    at ClientRequest.<anonymous> (/root/tgGrammyTickets/node_modules/node-fetch/lib/index.js:1501:11)
    at ClientRequest.emit (node:events:517:28)
    at TLSSocket.socketErrorListener (node:_http_client:501:9)
    at TLSSocket.emit (node:events:517:28)
    at emitErrorNT (node:internal/streams/destroy:151:8)
    at emitErrorCloseNT (node:internal/streams/destroy:116:3)
    at process.processTicksAndRejections (node:internal/process/task_queues:82:21) {
  type: 'system',
  errno: 'EAI_AGAIN',
  code: 'EAI_AGAIN'
}
2025-10-22T19:43:34: Ошибка при получении данных для матча Акрон х Зенит // 04.10.2025: FetchError: request to https://api.tickets.yandex.net/api/crm/?action=crm.order.ticket.list&auth=fca_api:3c21f76ae63cdaf6a82af81d8378730d81276155:1761162214&city_id=3296193&event_id=42315054 failed, reason: getaddrinfo EAI_AGAIN api.tickets.yandex.net
    at ClientRequest.<anonymous> (/root/tgGrammyTickets/node_modules/node-fetch/lib/index.js:1501:11)
    at ClientRequest.emit (node:events:517:28)
    at TLSSocket.socketErrorListener (node:_http_client:501:9)
    at TLSSocket.emit (node:events:517:28)
    at emitErrorNT (node:internal/streams/destroy:151:8)
    at emitErrorCloseNT (node:internal/streams/destroy:116:3)
    at process.processTicksAndRejections (node:internal/process/task_queues:82:21) {
  type: 'system',
  errno: 'EAI_AGAIN',
  code: 'EAI_AGAIN'
}
2025-10-22T19:43:34: Ошибка при получении данных для матча Акрон х Локомотив // 26.10.2025: FetchError: request to https://api.tickets.yandex.net/api/crm/?action=crm.order.ticket.list&auth=fca_api:3c21f76ae63cdaf6a82af81d8378730d81276155:1761162214&city_id=3296193&event_id=43608494 failed, reason: getaddrinfo EAI_AGAIN api.tickets.yandex.net
    at ClientRequest.<anonymous> (/root/tgGrammyTickets/node_modules/node-fetch/lib/index.js:1501:11)
    at ClientRequest.emit (node:events:517:28)
    at TLSSocket.socketErrorListener (node:_http_client:501:9)
    at TLSSocket.emit (node:events:517:28)
    at emitErrorNT (node:internal/streams/destroy:151:8)
    at emitErrorCloseNT (node:internal/streams/destroy:116:3)
    at process.processTicksAndRejections (node:internal/process/task_queues:82:21) {
  type: 'system',
  errno: 'EAI_AGAIN',
  code: 'EAI_AGAIN'
}
2025-10-22T19:43:43: Ошибка при получении данных для матча Акрон х Зенит // 04.10.2025: FetchError: request to https://api.tickets.yandex.net/api/crm/?action=crm.order.ticket.list&auth=fca_api:6183a84eb83fa4ea2132f6a5db0207bf32c9be8f:1761162223&city_id=3296193&event_id=42315054 failed, reason: getaddrinfo EAI_AGAIN api.tickets.yandex.net
    at ClientRequest.<anonymous> (/root/tgGrammyTickets/node_modules/node-fetch/lib/index.js:1501:11)
    at ClientRequest.emit (node:events:517:28)
    at TLSSocket.socketErrorListener (node:_http_client:501:9)
    at TLSSocket.emit (node:events:517:28)
    at emitErrorNT (node:internal/streams/destroy:151:8)
    at emitErrorCloseNT (node:internal/streams/destroy:116:3)
    at process.processTicksAndRejections (node:internal/process/task_queues:82:21) {
  type: 'system',
  errno: 'EAI_AGAIN',
  code: 'EAI_AGAIN'
}
2025-10-22T19:43:43: Ошибка при получении данных для матча Акрон х Локомотив // 26.10.2025: FetchError: request to https://api.tickets.yandex.net/api/crm/?action=crm.order.ticket.list&auth=fca_api:6183a84eb83fa4ea2132f6a5db0207bf32c9be8f:1761162223&city_id=3296193&event_id=43608494 failed, reason: getaddrinfo EAI_AGAIN api.tickets.yandex.net
    at ClientRequest.<anonymous> (/root/tgGrammyTickets/node_modules/node-fetch/lib/index.js:1501:11)
    at ClientRequest.emit (node:events:517:28)
    at TLSSocket.socketErrorListener (node:_http_client:501:9)
    at TLSSocket.emit (node:events:517:28)
    at emitErrorNT (node:internal/streams/destroy:151:8)
    at emitErrorCloseNT (node:internal/streams/destroy:116:3)
    at process.processTicksAndRejections (node:internal/process/task_queues:82:21) {
  type: 'system',
  errno: 'EAI_AGAIN',
  code: 'EAI_AGAIN'
}
2025-10-22T19:45:10: Ошибка при получении данных для матча Акрон х Зенит // 04.10.2025: FetchError: request to https://api.tickets.yandex.net/api/crm/?action=crm.order.ticket.list&auth=fca_api:052f0a149f8601e0253f4396e0dfcf6a0a316a3f:1761162310&city_id=3296193&event_id=42315054 failed, reason: getaddrinfo EAI_AGAIN api.tickets.yandex.net
    at ClientRequest.<anonymous> (/root/tgGrammyTickets/node_modules/node-fetch/lib/index.js:1501:11)
    at ClientRequest.emit (node:events:517:28)
    at TLSSocket.socketErrorListener (node:_http_client:501:9)
    at TLSSocket.emit (node:events:517:28)
    at emitErrorNT (node:internal/streams/destroy:151:8)
    at emitErrorCloseNT (node:internal/streams/destroy:116:3)
    at process.processTicksAndRejections (node:internal/process/task_queues:82:21) {
  type: 'system',
  errno: 'EAI_AGAIN',
  code: 'EAI_AGAIN'
}
2025-10-22T19:45:10: Ошибка при получении данных для матча Акрон х Локомотив // 26.10.2025: FetchError: request to https://api.tickets.yandex.net/api/crm/?action=crm.order.ticket.list&auth=fca_api:052f0a149f8601e0253f4396e0dfcf6a0a316a3f:1761162310&city_id=3296193&event_id=43608494 failed, reason: getaddrinfo EAI_AGAIN api.tickets.yandex.net
    at ClientRequest.<anonymous> (/root/tgGrammyTickets/node_modules/node-fetch/lib/index.js:1501:11)
    at ClientRequest.emit (node:events:517:28)
    at TLSSocket.socketErrorListener (node:_http_client:501:9)
    at TLSSocket.emit (node:events:517:28)
    at emitErrorNT (node:internal/streams/destroy:151:8)
    at emitErrorCloseNT (node:internal/streams/destroy:116:3)
    at process.processTicksAndRejections (node:internal/process/task_queues:82:21) {
  type: 'system',
  errno: 'EAI_AGAIN',
  code: 'EAI_AGAIN'
}
Error: Cannot find module 'grammy'
Require stack:
- /Users/slava/code/tgGrammyTickets/grammyjs-bot/src/bot.js
- /Users/slava/code/tgGrammyTickets/grammyjs-bot/src/index.js
    at Module._resolveFilename (node:internal/modules/cjs/loader:1219:15)
    at Hook._require.Module.require (/usr/local/lib/node_modules/pm2/node_modules/require-in-the-middle/index.js:81:25)
    at require (node:internal/modules/helpers:123:16)
    at Object.<anonymous> (/Users/slava/code/tgGrammyTickets/grammyjs-bot/src/bot.js:17:26)
    at Module._compile (node:internal/modules/cjs/loader:1467:14)
    at Module._extensions..js (node:internal/modules/cjs/loader:1551:10)
    at Module.load (node:internal/modules/cjs/loader:1282:32)
    at Module._load (node:internal/modules/cjs/loader:1098:12)
    at TracingChannel.traceSync (node:diagnostics_channel:315:14)
    at wrapModuleLoad (node:internal/modules/cjs/loader:215:24)
2026-04-23T14:09:43: Необработанное исключение: Error: Cannot find module 'grammy'
Require stack:
- /Users/slava/code/tgGrammyTickets/grammyjs-bot/src/bot.js
- /Users/slava/code/tgGrammyTickets/grammyjs-bot/src/index.js
    at Module._resolveFilename (node:internal/modules/cjs/loader:1219:15)
    at Hook._require.Module.require (/usr/local/lib/node_modules/pm2/node_modules/require-in-the-middle/index.js:81:25)
    at require (node:internal/modules/helpers:123:16)
    at Object.<anonymous> (/Users/slava/code/tgGrammyTickets/grammyjs-bot/src/bot.js:17:26)
    at Module._compile (node:internal/modules/cjs/loader:1467:14)
    at Module._extensions..js (node:internal/modules/cjs/loader:1551:10)
    at Module.load (node:internal/modules/cjs/loader:1282:32)
    at Module._load (node:internal/modules/cjs/loader:1098:12)
    at TracingChannel.traceSync (node:diagnostics_channel:315:14)
    at wrapModuleLoad (node:internal/modules/cjs/loader:215:24) {
  code: 'MODULE_NOT_FOUND',
  requireStack: [
    '/Users/slava/code/tgGrammyTickets/grammyjs-bot/src/bot.js',
    '/Users/slava/code/tgGrammyTickets/grammyjs-bot/src/index.js'
  ]
}
2026-04-23T14:09:43: Stack trace: Error: Cannot find module 'grammy'
Require stack:
- /Users/slava/code/tgGrammyTickets/grammyjs-bot/src/bot.js
- /Users/slava/code/tgGrammyTickets/grammyjs-bot/src/index.js
    at Module._resolveFilename (node:internal/modules/cjs/loader:1219:15)
    at Hook._require.Module.require (/usr/local/lib/node_modules/pm2/node_modules/require-in-the-middle/index.js:81:25)
    at require (node:internal/modules/helpers:123:16)
    at Object.<anonymous> (/Users/slava/code/tgGrammyTickets/grammyjs-bot/src/bot.js:17:26)
    at Module._compile (node:internal/modules/cjs/loader:1467:14)
    at Module._extensions..js (node:internal/modules/cjs/loader:1551:10)
    at Module.load (node:internal/modules/cjs/loader:1282:32)
    at Module._load (node:internal/modules/cjs/loader:1098:12)
    at TracingChannel.traceSync (node:diagnostics_channel:315:14)
    at wrapModuleLoad (node:internal/modules/cjs/loader:215:24)
