2025-08-20T14:04:42: [36mСервер запущен! [32mЛогирование настроено.[0m
2025-08-20T14:05:19: [36m[2025-08-20 18:05:19] Пользователь: @slava_tfdf (Vyacheslav Kuznetsov, ID: 256678699) | Запрос: /tickets[0m
2025-08-20T14:11:28: [36mСервер запущен! [32mЛогирование настроено.[0m
2025-08-20T14:11:31: [36m[2025-08-20 18:11:31] Пользователь: @slava_tfdf (Vyacheslav Kuznetsov, ID: 256678699) | Запрос: /tickets[0m
2025-08-20T14:16:38: [36mСервер запущен! [32mЛогирование настроено.[0m
2025-08-20T14:16:43: [36m[2025-08-20 18:16:43] Пользователь: @slava_tfdf (Vyacheslav Kuznetsov, ID: 256678699) | Запрос: /tickets[0m
2025-08-20T14:17:40: [36m[2025-08-20 18:17:40] Пользователь: @a_tsukanov (Andrey , ID: 157535358) | Запрос: /tickets[0m
2025-08-20T14:18:14: [36m[2025-08-20 18:18:14] Пользователь: @a_tsukanov (Andrey , ID: 157535358) | Запрос: /tickets[0m
2025-08-20T15:13:27: [36m[2025-08-20 19:13:27] Пользователь: @slava_tfdf (Vyacheslav Kuznetsov, ID: 256678699) | Запрос: /tickets[0m
2025-08-20T15:15:08: [36m[2025-08-20 19:15:08] Пользователь: @kliushev (Konstantin Kliushev, ID: 187851445) | Запрос: /tickets[0m
2025-08-20T15:41:55: [36m[2025-08-20 19:41:55] Пользователь: @a_tsukanov (Andrey , ID: 157535358) | Запрос: /tickets[0m
2025-08-20T15:49:54: [36m[2025-08-20 19:49:54] Пользователь: @slava_tfdf (Vyacheslav Kuznetsov, ID: 256678699) | Запрос: /tickets[0m
2025-08-20T15:59:19: [36m[2025-08-20 19:59:19] Пользователь: @slava_tfdf (Vyacheslav Kuznetsov, ID: 256678699) | Запрос: /tickets[0m
2025-08-20T16:00:53: [36m[2025-08-20 20:00:53] Пользователь: @a_tsukanov (Andrey , ID: 157535358) | Запрос: /tickets[0m
2025-08-20T17:52:06: [36m[2025-08-20 21:52:06] Пользователь: @slava_tfdf (Vyacheslav Kuznetsov, ID: 256678699) | Запрос: неизвестная команда[0m
You have triggered an unhandledRejection, you may have forgotten to catch a Promise rejection:
GrammyError: Call to 'getUpdates' failed! (409: Conflict: terminated by other getUpdates request; make sure that only one bot instance is running)
    at toGrammyError (/root/tgGrammyTickets/node_modules/grammy/out/core/error.js:35:12)
    at ApiClient.callApi (/root/tgGrammyTickets/node_modules/grammy/out/core/client.js:90:48)
    at process.processTicksAndRejections (node:internal/process/task_queues:95:5)
    at async Bot.fetchUpdates (/root/tgGrammyTickets/node_modules/grammy/out/bot.js:391:27)
    at async Bot.loop (/root/tgGrammyTickets/node_modules/grammy/out/bot.js:366:29)
    at async Bot.start (/root/tgGrammyTickets/node_modules/grammy/out/bot.js:305:9)
2025-08-20T18:44:40: [36mСервер запущен! [32mЛогирование настроено.[0m
2025-08-20T18:44:40: [36mПланировщик автоматической отправки отчетов запущен[0m
2025-08-20T18:44:40: [36mОтчеты будут отправляться в канал -1002396067751 каждый день в 11:00 по самарскому времени[0m
2025-08-20T18:44:41: [36m[2025-08-20 22:44:41] Пользователь: @kliushev (Konstantin Kliushev, ID: 187851445) | Запрос: /tickets[0m
2025-08-20T19:09:28: [36m[2025-08-20 23:09:28] Пользователь: @a_tsukanov (Andrey , ID: 157535358) | Запрос: /tickets[0m
2025-08-20T20:06:37: [36m[2025-08-21 00:06:37] Пользователь: @a_tsukanov (Andrey , ID: 157535358) | Запрос: /tickets[0m
2025-08-20T21:53:07: [36m[2025-08-21 01:53:07] Пользователь: @a_tsukanov (Andrey , ID: 157535358) | Запрос: /tickets[0m
2025-08-21T05:06:06: [36m[2025-08-21 09:06:06] Пользователь: @kliushev (Konstantin Kliushev, ID: 187851445) | Запрос: /tickets[0m
2025-08-21T05:46:44: [36m[2025-08-21 09:46:44] Пользователь: @slava_tfdf (Vyacheslav Kuznetsov, ID: 256678699) | Запрос: /tickets[0m
2025-08-21T05:52:05: [36m[2025-08-21 09:52:05] Пользователь: @a_tsukanov (Andrey , ID: 157535358) | Запрос: /tickets[0m
2025-08-21T07:00:41: [33m[2025-08-21T07:00:41.228Z] Отправка автоматического отчета о билетах в канал...[0m
2025-08-21T07:00:42: [31m[2025-08-21T07:00:42.882Z] Ошибка при отправке отчета в канал:[0m GrammyError: Call to 'sendMessage' failed! (400: Bad Request: chat not found)
    at toGrammyError (/root/tgGrammyTickets/node_modules/grammy/out/core/error.js:35:12)
    at ApiClient.callApi (/root/tgGrammyTickets/node_modules/grammy/out/core/client.js:90:48)
    at process.processTicksAndRejections (node:internal/process/task_queues:95:5)
    at async sendTicketsToChannel (/root/tgGrammyTickets/index.js:305:3) {
  method: 'sendMessage',
  payload: {
    chat_id: '-1002396067751',
    text: '<b>ИНФОРМАЦИЯ О БИЛЕТАХ ПО ВСЕМ МАТЧАМ</b>\n' +
      '\n' +
      '<b>Акрон х Балтика // 31.08.2025</b>\n' +
      '\n' +
      'Продано: <b>139</b>\n' +
      'Пригласительных: <b>10</b>\n' +
      'Сумма: <b>104 980 ₽</b>\n' +
      'Средняя стоимость: <b>755 ₽</b>\n' +
      '\n' +
      'План: <b>2 265 385 ₽</b>\n' +
      'Выполнения плана: <b>5%</b>\n' +
      'Итого: <b>149</b>\n' +
      '\n' +
      '────────────\n' +
      '\n' +
      '<b>Кубок. Акрон х Локомотив // 16.09.2025</b>\n' +
      '\n' +
      'Продано: <b>26</b>\n' +
      'Пригласительных: <b>7</b>\n' +
      'Сумма: <b>41 908 ₽</b>\n' +
      'Средняя стоимость: <b>1 612 ₽</b>\n' +
      '\n' +
      'План: <b>5 989 143 ₽</b>\n' +
      'Выполнения плана: <b>1%</b>\n' +
      'Итого: <b>33</b>\n' +
      '\n' +
      '────────────\n' +
      '\n' +
      '<b>Акрон х Рубин // 20.09.2025</b>\n' +
      '\n' +
      'Продано: <b>2</b>\n' +
      'Пригласительных: <b>0</b>\n' +
      'Сумма: <b>1 971 ₽</b>\n' +
      'Средняя стоимость: <b>986 ₽</b>\n' +
      '\n' +
      'План: <b>2 265 385 ₽</b>\n' +
      'Выполнения плана: <b>0%</b>\n' +
      'Итого: <b>2</b>\n' +
      '\n' +
      '────────────\n' +
      '\n' +
      '<b>Акрон х Зенит // 04.10.2025</b>\n' +
      '\n' +
      'Продано: <b>9</b>\n' +
      'Пригласительных: <b>0</b>\n' +
      'Сумма: <b>16 491 ₽</b>\n' +
      'Средняя стоимость: <b>1 832 ₽</b>\n' +
      '\n' +
      'План: <b>7 522 154 ₽</b>\n' +
      'Выполнения плана: <b>0%</b>\n' +
      'Итого: <b>9</b>\n',
    parse_mode: 'HTML',
    disable_web_page_preview: true
  },
  ok: false,
  error_code: 400,
  description: 'Bad Request: chat not found',
  parameters: {}
}
2025-08-21T07:28:33: [36m[2025-08-21 11:28:33] Пользователь: @slava_tfdf (Vyacheslav Kuznetsov, ID: 256678699) | Запрос: /tickets[0m
2025-08-21T11:23:21: [36m[2025-08-21 15:23:21] Пользователь: @a_tsukanov (Andrey , ID: 157535358) | Запрос: /tickets[0m
2025-08-21T12:24:27: [36m[2025-08-21 16:24:27] Пользователь: @a_tsukanov (Andrey , ID: 157535358) | Запрос: /tickets[0m
2025-08-21T14:48:29: [36m[2025-08-21 18:48:29] Пользователь: @slava_tfdf (Vyacheslav Kuznetsov, ID: 256678699) | Запрос: /tickets[0m
2025-08-21T17:37:02: [36m[2025-08-21 21:37:02] Пользователь: @a_tsukanov (Andrey , ID: 157535358) | Запрос: /tickets[0m
2025-08-22T06:56:59: [36m[2025-08-22 10:56:59] Пользователь: @zRoME047 (⚡️z.RoME0 B1ack⚡️🤷🏻‍♂️, ID: 940431573) | Запрос: неизвестная команда[0m
2025-08-22T07:00:16: [36m[2025-08-22 11:00:16] Пользователь: @zRoME047 (⚡️z.RoME0 B1ack⚡️🤷🏻‍♂️, ID: 940431573) | Запрос: неизвестная команда[0m
2025-08-22T07:00:16: [36m[2025-08-22 11:00:16] Пользователь: @zRoME047 (⚡️z.RoME0 B1ack⚡️🤷🏻‍♂️, ID: 940431573) | Запрос: неизвестная команда[0m
2025-08-22T07:00:16: [36m[2025-08-22 11:00:16] Пользователь: @zRoME047 (⚡️z.RoME0 B1ack⚡️🤷🏻‍♂️, ID: 940431573) | Запрос: неизвестная команда[0m
2025-08-22T07:00:16: [36m[2025-08-22 11:00:16] Пользователь: @zRoME047 (⚡️z.RoME0 B1ack⚡️🤷🏻‍♂️, ID: 940431573) | Запрос: неизвестная команда[0m
2025-08-22T07:00:16: [36m[2025-08-22 11:00:16] Пользователь: @zRoME047 (⚡️z.RoME0 B1ack⚡️🤷🏻‍♂️, ID: 940431573) | Запрос: неизвестная команда[0m
2025-08-22T07:00:16: [36m[2025-08-22 11:00:16] Пользователь: @zRoME047 (⚡️z.RoME0 B1ack⚡️🤷🏻‍♂️, ID: 940431573) | Запрос: неизвестная команда[0m
2025-08-22T07:00:41: [33m[2025-08-22T07:00:41.932Z] Отправка автоматического отчета о билетах в канал...[0m
2025-08-22T07:00:42: Ошибка при получении данных для матча Акрон х Балтика // 31.08.2025: Error: Ошибка в ответе API: Expired Session ID
    at ticketsGetInfo (/root/tgGrammyTickets/index.js:62:9)
    at process.processTicksAndRejections (node:internal/process/task_queues:95:5)
    at async processAllMatches (/root/tgGrammyTickets/index.js:77:20)
    at async formatTicketsMessage (/root/tgGrammyTickets/index.js:238:22)
    at async sendTicketsToChannel (/root/tgGrammyTickets/index.js:303:19)
2025-08-22T07:00:42: Ошибка при получении данных для матча Кубок. Акрон х Локомотив // 16.09.2025: Error: Ошибка в ответе API: Expired Session ID
    at ticketsGetInfo (/root/tgGrammyTickets/index.js:62:9)
    at process.processTicksAndRejections (node:internal/process/task_queues:95:5)
    at async processAllMatches (/root/tgGrammyTickets/index.js:77:20)
    at async formatTicketsMessage (/root/tgGrammyTickets/index.js:238:22)
    at async sendTicketsToChannel (/root/tgGrammyTickets/index.js:303:19)
2025-08-22T07:00:42: Ошибка при получении данных для матча Акрон х Рубин // 20.09.2025: Error: Ошибка в ответе API: Expired Session ID
    at ticketsGetInfo (/root/tgGrammyTickets/index.js:62:9)
    at process.processTicksAndRejections (node:internal/process/task_queues:95:5)
    at async processAllMatches (/root/tgGrammyTickets/index.js:77:20)
    at async formatTicketsMessage (/root/tgGrammyTickets/index.js:238:22)
    at async sendTicketsToChannel (/root/tgGrammyTickets/index.js:303:19)
2025-08-22T07:00:42: Ошибка при получении данных для матча Акрон х Зенит // 04.10.2025: Error: Ошибка в ответе API: Expired Session ID
    at ticketsGetInfo (/root/tgGrammyTickets/index.js:62:9)
    at process.processTicksAndRejections (node:internal/process/task_queues:95:5)
    at async processAllMatches (/root/tgGrammyTickets/index.js:77:20)
    at async formatTicketsMessage (/root/tgGrammyTickets/index.js:238:22)
    at async sendTicketsToChannel (/root/tgGrammyTickets/index.js:303:19)
2025-08-22T07:00:42: [31m[2025-08-22T07:00:42.692Z] Ошибка при отправке отчета в канал:[0m GrammyError: Call to 'sendMessage' failed! (400: Bad Request: chat not found)
    at toGrammyError (/root/tgGrammyTickets/node_modules/grammy/out/core/error.js:35:12)
    at ApiClient.callApi (/root/tgGrammyTickets/node_modules/grammy/out/core/client.js:90:48)
    at process.processTicksAndRejections (node:internal/process/task_queues:95:5)
    at async sendTicketsToChannel (/root/tgGrammyTickets/index.js:305:3) {
  method: 'sendMessage',
  payload: {
    chat_id: '-1002396067751',
    text: '<b>ИНФОРМАЦИЯ О БИЛЕТАХ ПО ВСЕМ МАТЧАМ</b>\n' +
      '\n' +
      '❌ <b>Акрон х Балтика // 31.08.2025</b>\n' +
      'Ошибка: Ошибка в ответе API: Expired Session ID\n' +
      '\n' +
      '❌ <b>Кубок. Акрон х Локомотив // 16.09.2025</b>\n' +
      'Ошибка: Ошибка в ответе API: Expired Session ID\n' +
      '\n' +
      '❌ <b>Акрон х Рубин // 20.09.2025</b>\n' +
      'Ошибка: Ошибка в ответе API: Expired Session ID\n' +
      '\n' +
      '❌ <b>Акрон х Зенит // 04.10.2025</b>\n' +
      'Ошибка: Ошибка в ответе API: Expired Session ID\n' +
      '\n',
    parse_mode: 'HTML',
    disable_web_page_preview: true
  },
  ok: false,
  error_code: 400,
  description: 'Bad Request: chat not found',
  parameters: {}
}
2025-08-22T07:04:51: [36m[2025-08-22 11:04:51] Пользователь: @zRoME047 (⚡️z.RoME0 B1ack⚡️🤷🏻‍♂️, ID: 940431573) | Запрос: неизвестная команда[0m
2025-08-22T10:36:09: [36m[2025-08-22 14:36:09] Пользователь: @slava_tfdf (Vyacheslav Kuznetsov, ID: 256678699) | Запрос: /tickets[0m
2025-08-22T10:36:09: Ошибка при получении данных для матча Акрон х Балтика // 31.08.2025: Error: Ошибка в ответе API: Expired Session ID
    at ticketsGetInfo (/root/tgGrammyTickets/index.js:62:9)
    at process.processTicksAndRejections (node:internal/process/task_queues:95:5)
    at async processAllMatches (/root/tgGrammyTickets/index.js:77:20)
    at async formatTicketsMessage (/root/tgGrammyTickets/index.js:238:22)
    at async /root/tgGrammyTickets/index.js:185:19
    at async /root/tgGrammyTickets/node_modules/grammy/out/composer.js:532:13
    at async /root/tgGrammyTickets/node_modules/grammy/out/composer.js:61:13
    at async /root/tgGrammyTickets/node_modules/grammy/out/composer.js:532:13
    at async /root/tgGrammyTickets/node_modules/grammy/out/composer.js:61:13
    at async /root/tgGrammyTickets/node_modules/grammy/out/composer.js:61:13
2025-08-22T10:36:09: Ошибка при получении данных для матча Кубок. Акрон х Локомотив // 16.09.2025: Error: Ошибка в ответе API: Expired Session ID
    at ticketsGetInfo (/root/tgGrammyTickets/index.js:62:9)
    at process.processTicksAndRejections (node:internal/process/task_queues:95:5)
    at async processAllMatches (/root/tgGrammyTickets/index.js:77:20)
    at async formatTicketsMessage (/root/tgGrammyTickets/index.js:238:22)
    at async /root/tgGrammyTickets/index.js:185:19
    at async /root/tgGrammyTickets/node_modules/grammy/out/composer.js:532:13
    at async /root/tgGrammyTickets/node_modules/grammy/out/composer.js:61:13
    at async /root/tgGrammyTickets/node_modules/grammy/out/composer.js:532:13
    at async /root/tgGrammyTickets/node_modules/grammy/out/composer.js:61:13
    at async /root/tgGrammyTickets/node_modules/grammy/out/composer.js:61:13
2025-08-22T10:36:09: Ошибка при получении данных для матча Акрон х Рубин // 20.09.2025: Error: Ошибка в ответе API: Expired Session ID
    at ticketsGetInfo (/root/tgGrammyTickets/index.js:62:9)
    at process.processTicksAndRejections (node:internal/process/task_queues:95:5)
    at async processAllMatches (/root/tgGrammyTickets/index.js:77:20)
    at async formatTicketsMessage (/root/tgGrammyTickets/index.js:238:22)
    at async /root/tgGrammyTickets/index.js:185:19
    at async /root/tgGrammyTickets/node_modules/grammy/out/composer.js:532:13
    at async /root/tgGrammyTickets/node_modules/grammy/out/composer.js:61:13
    at async /root/tgGrammyTickets/node_modules/grammy/out/composer.js:532:13
    at async /root/tgGrammyTickets/node_modules/grammy/out/composer.js:61:13
    at async /root/tgGrammyTickets/node_modules/grammy/out/composer.js:61:13
2025-08-22T10:36:10: Ошибка при получении данных для матча Акрон х Зенит // 04.10.2025: Error: Ошибка в ответе API: Expired Session ID
    at ticketsGetInfo (/root/tgGrammyTickets/index.js:62:9)
    at process.processTicksAndRejections (node:internal/process/task_queues:95:5)
    at async processAllMatches (/root/tgGrammyTickets/index.js:77:20)
    at async formatTicketsMessage (/root/tgGrammyTickets/index.js:238:22)
    at async /root/tgGrammyTickets/index.js:185:19
    at async /root/tgGrammyTickets/node_modules/grammy/out/composer.js:532:13
    at async /root/tgGrammyTickets/node_modules/grammy/out/composer.js:61:13
    at async /root/tgGrammyTickets/node_modules/grammy/out/composer.js:532:13
    at async /root/tgGrammyTickets/node_modules/grammy/out/composer.js:61:13
    at async /root/tgGrammyTickets/node_modules/grammy/out/composer.js:61:13
2025-08-22T10:37:42: [36mСервер запущен! [32mЛогирование настроено.[0m
2025-08-22T10:37:42: [36mПланировщик автоматической отправки отчетов запущен[0m
2025-08-22T10:37:42: [36mОтчеты будут отправляться в канал -1002396067751 каждый день в 11:00 по самарскому времени[0m
2025-08-22T10:37:49: [36m[2025-08-22 14:37:49] Пользователь: @slava_tfdf (Vyacheslav Kuznetsov, ID: 256678699) | Запрос: /tickets[0m
2025-08-22T10:44:36: [36mСервер запущен! [32mЛогирование настроено.[0m
2025-08-22T10:44:36: [36mПланировщик автоматической отправки отчетов запущен[0m
2025-08-22T10:44:36: [36mОтчеты будут отправляться в канал -1002396067751 каждый день в 11:00 по самарскому времени[0m
2025-08-22T10:50:10: [36m[2025-08-22 14:50:10] Пользователь: @anoshin_rv (Roman , ID: 340471498) | Запрос: /tickets[0m
2025-08-22T14:01:31: [36m[2025-08-22 18:01:31] Пользователь: @zRoME047 (⚡️z.RoME0 B1ack⚡️🤷🏻‍♂️, ID: 940431573) | Запрос: неизвестная команда[0m
2025-08-22T21:34:02: [36m[2025-08-23 01:34:02] Пользователь: @a_tsukanov (Andrey , ID: 157535358) | Запрос: /tickets[0m
2025-08-23T06:04:45: [36m[2025-08-23 10:04:45] Пользователь: @a_tsukanov (Andrey , ID: 157535358) | Запрос: /tickets[0m
2025-08-23T07:00:36: [33m[2025-08-23T07:00:36.700Z] Отправка автоматического отчета о билетах в канал...[0m
2025-08-23T07:00:38: [31m[2025-08-23T07:00:38.507Z] Ошибка при отправке отчета в канал:[0m GrammyError: Call to 'sendMessage' failed! (400: Bad Request: chat not found)
    at toGrammyError (/root/tgGrammyTickets/node_modules/grammy/out/core/error.js:35:12)
    at ApiClient.callApi (/root/tgGrammyTickets/node_modules/grammy/out/core/client.js:90:48)
    at process.processTicksAndRejections (node:internal/process/task_queues:95:5)
    at async sendTicketsToChannel (/root/tgGrammyTickets/index.js:305:3) {
  method: 'sendMessage',
  payload: {
    chat_id: '-1002396067751',
    text: '<b>ИНФОРМАЦИЯ О БИЛЕТАХ ПО ВСЕМ МАТЧАМ</b>\n' +
      '\n' +
      '<b>Акрон х Балтика // 31.08.2025</b>\n' +
      '\n' +
      'Продано: <b>180</b>\n' +
      'Пригласительных: <b>10</b>\n' +
      'Сумма: <b>143 513 ₽</b>\n' +
      'Средняя стоимость: <b>797 ₽</b>\n' +
      '\n' +
      'План: <b>2 265 385 ₽</b>\n' +
      'Выполнения плана: <b>6%</b>\n' +
      'Итого: <b>190</b>\n' +
      '\n' +
      '────────────\n' +
      '\n' +
      '<b>Кубок. Акрон х Локомотив // 16.09.2025</b>\n' +
      '\n' +
      'Продано: <b>34</b>\n' +
      'Пригласительных: <b>7</b>\n' +
      'Сумма: <b>49 228 ₽</b>\n' +
      'Средняя стоимость: <b>1 448 ₽</b>\n' +
      '\n' +
      'План: <b>5 989 143 ₽</b>\n' +
      'Выполнения плана: <b>1%</b>\n' +
      'Итого: <b>41</b>\n' +
      '\n' +
      '────────────\n' +
      '\n' +
      '<b>Акрон х Рубин // 20.09.2025</b>\n' +
      '\n' +
      'Продано: <b>11</b>\n' +
      'Пригласительных: <b>0</b>\n' +
      'Сумма: <b>10 537 ₽</b>\n' +
      'Средняя стоимость: <b>958 ₽</b>\n' +
      '\n' +
      'План: <b>2 265 385 ₽</b>\n' +
      'Выполнения плана: <b>0%</b>\n' +
      'Итого: <b>11</b>\n' +
      '\n' +
      '────────────\n' +
      '\n' +
      '<b>Акрон х Зенит // 04.10.2025</b>\n' +
      '\n' +
      'Продано: <b>24</b>\n' +
      'Пригласительных: <b>0</b>\n' +
      'Сумма: <b>31 561 ₽</b>\n' +
      'Средняя стоимость: <b>1 315 ₽</b>\n' +
      '\n' +
      'План: <b>7 522 154 ₽</b>\n' +
      'Выполнения плана: <b>0%</b>\n' +
      'Итого: <b>24</b>\n',
    parse_mode: 'HTML',
    disable_web_page_preview: true
  },
  ok: false,
  error_code: 400,
  description: 'Bad Request: chat not found',
  parameters: {}
}
2025-08-23T07:26:49: [36m[2025-08-23 11:26:49] Пользователь: @kliushev (Konstantin Kliushev, ID: 187851445) | Запрос: /tickets[0m
2025-08-23T09:00:00: [36mСервер запущен! [32mЛогирование настроено.[0m
2025-08-23T09:00:00: [36mПланировщик автоматической отправки отчетов запущен[0m
2025-08-23T09:00:00: [36mОтчеты будут отправляться в канал -1002396067751 каждый день в 11:00 по самарскому времени[0m
2025-08-23T15:26:34: [36m[2025-08-23 19:26:34] Пользователь: @a_tsukanov (Andrey , ID: 157535358) | Запрос: /tickets[0m
2025-08-23T21:19:19: [36m[2025-08-24 01:19:19] Пользователь: @slava_tfdf (Vyacheslav Kuznetsov, ID: 256678699) | Запрос: /tickets[0m
2025-08-24T07:00:01: [33m[2025-08-24T07:00:01.331Z] Отправка автоматического отчета о билетах в канал...[0m
2025-08-24T07:00:03: [31m[2025-08-24T07:00:03.169Z] Ошибка при отправке отчета в канал:[0m GrammyError: Call to 'sendMessage' failed! (400: Bad Request: chat not found)
    at toGrammyError (/root/tgGrammyTickets/node_modules/grammy/out/core/error.js:35:12)
    at ApiClient.callApi (/root/tgGrammyTickets/node_modules/grammy/out/core/client.js:90:48)
    at process.processTicksAndRejections (node:internal/process/task_queues:95:5)
    at async sendTicketsToChannel (/root/tgGrammyTickets/index.js:305:3) {
  method: 'sendMessage',
  payload: {
    chat_id: '-1002396067751',
    text: '<b>ИНФОРМАЦИЯ О БИЛЕТАХ ПО ВСЕМ МАТЧАМ</b>\n' +
      '\n' +
      '<b>Акрон х Балтика // 31.08.2025</b>\n' +
      '\n' +
      'Продано: <b>208</b>\n' +
      'Пригласительных: <b>10</b>\n' +
      'Сумма: <b>162 135 ₽</b>\n' +
      'Средняя стоимость: <b>779 ₽</b>\n' +
      '\n' +
      'План: <b>2 265 385 ₽</b>\n' +
      'Выполнения плана: <b>7%</b>\n' +
      'Итого: <b>218</b>\n' +
      '\n' +
      '────────────\n' +
      '\n' +
      '<b>Кубок. Акрон х Локомотив // 16.09.2025</b>\n' +
      '\n' +
      'Продано: <b>34</b>\n' +
      'Пригласительных: <b>7</b>\n' +
      'Сумма: <b>49 228 ₽</b>\n' +
      'Средняя стоимость: <b>1 448 ₽</b>\n' +
      '\n' +
      'План: <b>5 989 143 ₽</b>\n' +
      'Выполнения плана: <b>1%</b>\n' +
      'Итого: <b>41</b>\n' +
      '\n' +
      '────────────\n' +
      '\n' +
      '<b>Акрон х Рубин // 20.09.2025</b>\n' +
      '\n' +
      'Продано: <b>12</b>\n' +
      'Пригласительных: <b>0</b>\n' +
      'Сумма: <b>11 227 ₽</b>\n' +
      'Средняя стоимость: <b>936 ₽</b>\n' +
      '\n' +
      'План: <b>2 265 385 ₽</b>\n' +
      'Выполнения плана: <b>0%</b>\n' +
      'Итого: <b>12</b>\n' +
      '\n' +
      '────────────\n' +
      '\n' +
      '<b>Акрон х Зенит // 04.10.2025</b>\n' +
      '\n' +
      'Продано: <b>31</b>\n' +
      'Пригласительных: <b>0</b>\n' +
      'Сумма: <b>38 880 ₽</b>\n' +
      'Средняя стоимость: <b>1 254 ₽</b>\n' +
      '\n' +
      'План: <b>7 522 154 ₽</b>\n' +
      'Выполнения плана: <b>1%</b>\n' +
      'Итого: <b>31</b>\n',
    parse_mode: 'HTML',
    disable_web_page_preview: true
  },
  ok: false,
  error_code: 400,
  description: 'Bad Request: chat not found',
  parameters: {}
}
2025-08-24T09:00:00: [36mСервер запущен! [32mЛогирование настроено.[0m
2025-08-24T09:00:00: [36mПланировщик автоматической отправки отчетов запущен[0m
2025-08-24T09:00:00: [36mОтчеты будут отправляться в канал -1002396067751 каждый день в 11:00 по самарскому времени[0m
2025-08-24T12:14:56: [36m[2025-08-24 16:14:56] Пользователь: @anoshin_rv (Roman , ID: 340471498) | Запрос: /tickets[0m
2025-08-24T22:07:54: [36m[2025-08-25 02:07:54] Пользователь: @a_tsukanov (Andrey , ID: 157535358) | Запрос: /tickets[0m
2025-08-25T06:24:03: [36m[2025-08-25 10:24:03] Пользователь: @a_tsukanov (Andrey , ID: 157535358) | Запрос: /tickets[0m
2025-08-25T06:39:27: [36m[2025-08-25 10:39:27] Пользователь: @vershnn (Регина Вершинина, ID: 808914549) | Запрос: /tickets[0m
2025-08-25T07:00:01: [33m[2025-08-25T07:00:01.365Z] Отправка автоматического отчета о билетах в канал...[0m
2025-08-25T07:00:03: [31m[2025-08-25T07:00:03.410Z] Ошибка при отправке отчета в канал:[0m GrammyError: Call to 'sendMessage' failed! (400: Bad Request: chat not found)
    at toGrammyError (/root/tgGrammyTickets/node_modules/grammy/out/core/error.js:35:12)
    at ApiClient.callApi (/root/tgGrammyTickets/node_modules/grammy/out/core/client.js:90:48)
    at process.processTicksAndRejections (node:internal/process/task_queues:95:5)
    at async sendTicketsToChannel (/root/tgGrammyTickets/index.js:305:3) {
  method: 'sendMessage',
  payload: {
    chat_id: '-1002396067751',
    text: '<b>ИНФОРМАЦИЯ О БИЛЕТАХ ПО ВСЕМ МАТЧАМ</b>\n' +
      '\n' +
      '<b>Акрон х Балтика // 31.08.2025</b>\n' +
      '\n' +
      'Продано: <b>293</b>\n' +
      'Пригласительных: <b>22</b>\n' +
      'Сумма: <b>225 212 ₽</b>\n' +
      'Средняя стоимость: <b>769 ₽</b>\n' +
      '\n' +
      'План: <b>2 265 385 ₽</b>\n' +
      'Выполнения плана: <b>10%</b>\n' +
      'Итого: <b>315</b>\n' +
      '\n' +
      '────────────\n' +
      '\n' +
      '<b>Кубок. Акрон х Локомотив // 16.09.2025</b>\n' +
      '\n' +
      'Продано: <b>38</b>\n' +
      'Пригласительных: <b>7</b>\n' +
      'Сумма: <b>53 390 ₽</b>\n' +
      'Средняя стоимость: <b>1 405 ₽</b>\n' +
      '\n' +
      'План: <b>5 989 143 ₽</b>\n' +
      'Выполнения плана: <b>1%</b>\n' +
      'Итого: <b>45</b>\n' +
      '\n' +
      '────────────\n' +
      '\n' +
      '<b>Акрон х Рубин // 20.09.2025</b>\n' +
      '\n' +
      'Продано: <b>12</b>\n' +
      'Пригласительных: <b>0</b>\n' +
      'Сумма: <b>11 227 ₽</b>\n' +
      'Средняя стоимость: <b>936 ₽</b>\n' +
      '\n' +
      'План: <b>2 265 385 ₽</b>\n' +
      'Выполнения плана: <b>0%</b>\n' +
      'Итого: <b>12</b>\n' +
      '\n' +
      '────────────\n' +
      '\n' +
      '<b>Акрон х Зенит // 04.10.2025</b>\n' +
      '\n' +
      'Продано: <b>41</b>\n' +
      'Пригласительных: <b>0</b>\n' +
      'Сумма: <b>50 010 ₽</b>\n' +
      'Средняя стоимость: <b>1 220 ₽</b>\n' +
      '\n' +
      'План: <b>7 522 154 ₽</b>\n' +
      'Выполнения плана: <b>1%</b>\n' +
      'Итого: <b>41</b>\n',
    parse_mode: 'HTML',
    disable_web_page_preview: true
  },
  ok: false,
  error_code: 400,
  description: 'Bad Request: chat not found',
  parameters: {}
}
2025-08-25T07:42:31: [36m[2025-08-25 11:42:31] Пользователь: @slava_tfdf (Vyacheslav Kuznetsov, ID: 256678699) | Запрос: /tickets[0m
2025-08-25T09:00:00: [36mСервер запущен! [32mЛогирование настроено.[0m
2025-08-25T09:00:00: [36mПланировщик автоматической отправки отчетов запущен[0m
2025-08-25T09:00:00: [36mОтчеты будут отправляться в канал -1002396067751 каждый день в 11:00 по самарскому времени[0m
2025-08-25T14:19:22: [36m[2025-08-25 18:19:22] Пользователь: @a_tsukanov (Andrey , ID: 157535358) | Запрос: /tickets[0m
2025-08-26T06:25:28: [36m[2025-08-26 10:25:28] Пользователь: @a_tsukanov (Andrey , ID: 157535358) | Запрос: /tickets[0m
2025-08-26T07:00:01: [33m[2025-08-26T07:00:01.325Z] Отправка автоматического отчета о билетах в канал...[0m
2025-08-26T07:00:03: [31m[2025-08-26T07:00:03.619Z] Ошибка при отправке отчета в канал:[0m GrammyError: Call to 'sendMessage' failed! (400: Bad Request: chat not found)
    at toGrammyError (/root/tgGrammyTickets/node_modules/grammy/out/core/error.js:35:12)
    at ApiClient.callApi (/root/tgGrammyTickets/node_modules/grammy/out/core/client.js:90:48)
    at process.processTicksAndRejections (node:internal/process/task_queues:95:5)
    at async sendTicketsToChannel (/root/tgGrammyTickets/index.js:305:3) {
  method: 'sendMessage',
  payload: {
    chat_id: '-1002396067751',
    text: '<b>ИНФОРМАЦИЯ О БИЛЕТАХ ПО ВСЕМ МАТЧАМ</b>\n' +
      '\n' +
      '<b>Акрон х Балтика // 31.08.2025</b>\n' +
      '\n' +
      'Продано: <b>356</b>\n' +
      'Пригласительных: <b>39</b>\n' +
      'Сумма: <b>280 887 ₽</b>\n' +
      'Средняя стоимость: <b>789 ₽</b>\n' +
      '\n' +
      'План: <b>2 265 385 ₽</b>\n' +
      'Выполнения плана: <b>12%</b>\n' +
      'Итого: <b>395</b>\n' +
      '\n' +
      '────────────\n' +
      '\n' +
      '<b>Кубок. Акрон х Локомотив // 16.09.2025</b>\n' +
      '\n' +
      'Продано: <b>43</b>\n' +
      'Пригласительных: <b>13</b>\n' +
      'Сумма: <b>58 388 ₽</b>\n' +
      'Средняя стоимость: <b>1 358 ₽</b>\n' +
      '\n' +
      'План: <b>5 989 143 ₽</b>\n' +
      'Выполнения плана: <b>1%</b>\n' +
      'Итого: <b>56</b>\n' +
      '\n' +
      '────────────\n' +
      '\n' +
      '<b>Акрон х Рубин // 20.09.2025</b>\n' +
      '\n' +
      'Продано: <b>12</b>\n' +
      'Пригласительных: <b>0</b>\n' +
      'Сумма: <b>11 227 ₽</b>\n' +
      'Средняя стоимость: <b>936 ₽</b>\n' +
      '\n' +
      'План: <b>2 265 385 ₽</b>\n' +
      'Выполнения плана: <b>0%</b>\n' +
      'Итого: <b>12</b>\n' +
      '\n' +
      '────────────\n' +
      '\n' +
      '<b>Акрон х Зенит // 04.10.2025</b>\n' +
      '\n' +
      'Продано: <b>53</b>\n' +
      'Пригласительных: <b>0</b>\n' +
      'Сумма: <b>64 562 ₽</b>\n' +
      'Средняя стоимость: <b>1 218 ₽</b>\n' +
      '\n' +
      'План: <b>7 522 154 ₽</b>\n' +
      'Выполнения плана: <b>1%</b>\n' +
      'Итого: <b>53</b>\n',
    parse_mode: 'HTML',
    disable_web_page_preview: true
  },
  ok: false,
  error_code: 400,
  description: 'Bad Request: chat not found',
  parameters: {}
}
2025-08-26T08:32:28: [36m[2025-08-26 12:32:28] Пользователь: @slava_tfdf (Vyacheslav Kuznetsov, ID: 256678699) | Запрос: /tickets[0m
2025-08-26T09:00:00: [36mСервер запущен! [32mЛогирование настроено.[0m
2025-08-26T09:00:00: [36mПланировщик автоматической отправки отчетов запущен[0m
2025-08-26T09:00:00: [36mОтчеты будут отправляться в канал -1002396067751 каждый день в 11:00 по самарскому времени[0m
2025-08-26T13:14:06: [36m[2025-08-26 17:14:06] Пользователь: @kliushev (Konstantin Kliushev, ID: 187851445) | Запрос: /tickets[0m
2025-08-26T17:44:55: [36m[2025-08-26 21:44:55] Пользователь: @holos21 (Vadim , ID: 403919462) | Запрос: /tickets[0m
2025-08-27T06:08:39: [36m[2025-08-27 10:08:39] Пользователь: @kliushev (Konstantin Kliushev, ID: 187851445) | Запрос: /tickets[0m
2025-08-27T06:14:20: [36m[2025-08-27 10:14:20] Пользователь: @kliushev (Konstantin Kliushev, ID: 187851445) | Запрос: /tickets[0m
2025-08-27T07:00:01: [33m[2025-08-27T07:00:01.316Z] Отправка автоматического отчета о билетах в канал...[0m
2025-08-27T07:00:03: [31m[2025-08-27T07:00:03.932Z] Ошибка при отправке отчета в канал:[0m GrammyError: Call to 'sendMessage' failed! (400: Bad Request: chat not found)
    at toGrammyError (/root/tgGrammyTickets/node_modules/grammy/out/core/error.js:35:12)
    at ApiClient.callApi (/root/tgGrammyTickets/node_modules/grammy/out/core/client.js:90:48)
    at process.processTicksAndRejections (node:internal/process/task_queues:95:5)
    at async sendTicketsToChannel (/root/tgGrammyTickets/index.js:305:3) {
  method: 'sendMessage',
  payload: {
    chat_id: '-1002396067751',
    text: '<b>ИНФОРМАЦИЯ О БИЛЕТАХ ПО ВСЕМ МАТЧАМ</b>\n' +
      '\n' +
      '<b>Акрон х Балтика // 31.08.2025</b>\n' +
      '\n' +
      'Продано: <b>431</b>\n' +
      'Пригласительных: <b>53</b>\n' +
      'Сумма: <b>340 870 ₽</b>\n' +
      'Средняя стоимость: <b>791 ₽</b>\n' +
      '\n' +
      'План: <b>2 265 385 ₽</b>\n' +
      'Выполнения плана: <b>15%</b>\n' +
      'Итого: <b>484</b>\n' +
      '\n' +
      '────────────\n' +
      '\n' +
      '<b>Кубок. Акрон х Локомотив // 16.09.2025</b>\n' +
      '\n' +
      'Продано: <b>45</b>\n' +
      'Пригласительных: <b>13</b>\n' +
      'Сумма: <b>60 768 ₽</b>\n' +
      'Средняя стоимость: <b>1 350 ₽</b>\n' +
      '\n' +
      'План: <b>5 989 143 ₽</b>\n' +
      'Выполнения плана: <b>1%</b>\n' +
      'Итого: <b>58</b>\n' +
      '\n' +
      '────────────\n' +
      '\n' +
      '<b>Акрон х Рубин // 20.09.2025</b>\n' +
      '\n' +
      'Продано: <b>12</b>\n' +
      'Пригласительных: <b>0</b>\n' +
      'Сумма: <b>11 227 ₽</b>\n' +
      'Средняя стоимость: <b>936 ₽</b>\n' +
      '\n' +
      'План: <b>2 265 385 ₽</b>\n' +
      'Выполнения плана: <b>0%</b>\n' +
      'Итого: <b>12</b>\n' +
      '\n' +
      '────────────\n' +
      '\n' +
      '<b>Акрон х Зенит // 04.10.2025</b>\n' +
      '\n' +
      'Продано: <b>63</b>\n' +
      'Пригласительных: <b>0</b>\n' +
      'Сумма: <b>73 282 ₽</b>\n' +
      'Средняя стоимость: <b>1 163 ₽</b>\n' +
      '\n' +
      'План: <b>7 522 154 ₽</b>\n' +
      'Выполнения плана: <b>1%</b>\n' +
      'Итого: <b>63</b>\n',
    parse_mode: 'HTML',
    disable_web_page_preview: true
  },
  ok: false,
  error_code: 400,
  description: 'Bad Request: chat not found',
  parameters: {}
}
2025-08-27T07:57:39: [36m[2025-08-27 11:57:39] Пользователь: @a_tsukanov (Andrey , ID: 157535358) | Запрос: /tickets[0m
2025-08-27T08:31:21: [36m[2025-08-27 12:31:21] Пользователь: @anoshin_rv (Roman , ID: 340471498) | Запрос: /tickets[0m
2025-08-27T09:00:00: [36mСервер запущен! [32mЛогирование настроено.[0m
2025-08-27T09:00:00: [36mПланировщик автоматической отправки отчетов запущен[0m
2025-08-27T09:00:00: [36mОтчеты будут отправляться в канал -1002396067751 каждый день в 11:00 по самарскому времени[0m
2025-08-27T13:24:58: [36m[2025-08-27 17:24:58] Пользователь: @slava_tfdf (Vyacheslav Kuznetsov, ID: 256678699) | Запрос: /tickets[0m
2025-08-27T15:03:36: [36m[2025-08-27 19:03:36] Пользователь: @slava_tfdf (Vyacheslav Kuznetsov, ID: 256678699) | Запрос: /tickets[0m
2025-08-28T07:00:01: [33m[2025-08-28T07:00:01.382Z] Отправка автоматического отчета о билетах в канал...[0m
2025-08-28T07:00:06: [31m[2025-08-28T07:00:06.341Z] Ошибка при отправке отчета в канал:[0m GrammyError: Call to 'sendMessage' failed! (400: Bad Request: chat not found)
    at toGrammyError (/root/tgGrammyTickets/node_modules/grammy/out/core/error.js:35:12)
    at ApiClient.callApi (/root/tgGrammyTickets/node_modules/grammy/out/core/client.js:90:48)
    at process.processTicksAndRejections (node:internal/process/task_queues:95:5)
    at async sendTicketsToChannel (/root/tgGrammyTickets/index.js:305:3) {
  method: 'sendMessage',
  payload: {
    chat_id: '-1002396067751',
    text: '<b>ИНФОРМАЦИЯ О БИЛЕТАХ ПО ВСЕМ МАТЧАМ</b>\n' +
      '\n' +
      '<b>Акрон х Балтика // 31.08.2025</b>\n' +
      '\n' +
      'Продано: <b>501</b>\n' +
      'Пригласительных: <b>501</b>\n' +
      'Сумма: <b>399 758 ₽</b>\n' +
      'Средняя стоимость: <b>798 ₽</b>\n' +
      '\n' +
      'План: <b>2 265 385 ₽</b>\n' +
      'Выполнения плана: <b>18%</b>\n' +
      'Итого: <b>1 002</b>\n' +
      '\n' +
      '────────────\n' +
      '\n' +
      '<b>Кубок. Акрон х Локомотив // 16.09.2025</b>\n' +
      '\n' +
      'Продано: <b>50</b>\n' +
      'Пригласительных: <b>17</b>\n' +
      'Сумма: <b>67 518 ₽</b>\n' +
      'Средняя стоимость: <b>1 350 ₽</b>\n' +
      '\n' +
      'План: <b>5 989 143 ₽</b>\n' +
      'Выполнения плана: <b>1%</b>\n' +
      'Итого: <b>67</b>\n' +
      '\n' +
      '────────────\n' +
      '\n' +
      '<b>Акрон х Рубин // 20.09.2025</b>\n' +
      '\n' +
      'Продано: <b>12</b>\n' +
      'Пригласительных: <b>4</b>\n' +
      'Сумма: <b>11 227 ₽</b>\n' +
      'Средняя стоимость: <b>936 ₽</b>\n' +
      '\n' +
      'План: <b>2 265 385 ₽</b>\n' +
      'Выполнения плана: <b>0%</b>\n' +
      'Итого: <b>16</b>\n' +
      '\n' +
      '────────────\n' +
      '\n' +
      '<b>Акрон х Зенит // 04.10.2025</b>\n' +
      '\n' +
      'Продано: <b>73</b>\n' +
      'Пригласительных: <b>27</b>\n' +
      'Сумма: <b>87 672 ₽</b>\n' +
      'Средняя стоимость: <b>1 201 ₽</b>\n' +
      '\n' +
      'План: <b>7 522 154 ₽</b>\n' +
      'Выполнения плана: <b>1%</b>\n' +
      'Итого: <b>100</b>\n',
    parse_mode: 'HTML',
    disable_web_page_preview: true
  },
  ok: false,
  error_code: 400,
  description: 'Bad Request: chat not found',
  parameters: {}
}
2025-08-28T09:00:00: [36mСервер запущен! [32mЛогирование настроено.[0m
2025-08-28T09:00:00: [36mПланировщик автоматической отправки отчетов запущен[0m
2025-08-28T09:00:00: [36mОтчеты будут отправляться в канал -1002396067751 каждый день в 11:00 по самарскому времени[0m
2025-08-28T13:33:23: [36m[2025-08-28 17:33:23] Пользователь: @vershnn (Регина Вершинина, ID: 808914549) | Запрос: /tickets[0m
2025-08-28T14:36:29: [36m[2025-08-28 18:36:29] Пользователь: @kliushev (Konstantin Kliushev, ID: 187851445) | Запрос: /tickets[0m
2025-08-29T05:49:29: [36m[2025-08-29 09:49:29] Пользователь: @petlitskiy_aleksandr (Александр Петлицкий, ID: 544346415) | Запрос: /tickets[0m
2025-08-29T07:00:01: [33m[2025-08-29T07:00:01.323Z] Отправка автоматического отчета о билетах в канал...[0m
2025-08-29T07:00:06: [31m[2025-08-29T07:00:06.173Z] Ошибка при отправке отчета в канал:[0m GrammyError: Call to 'sendMessage' failed! (400: Bad Request: chat not found)
    at toGrammyError (/root/tgGrammyTickets/node_modules/grammy/out/core/error.js:35:12)
    at ApiClient.callApi (/root/tgGrammyTickets/node_modules/grammy/out/core/client.js:90:48)
    at process.processTicksAndRejections (node:internal/process/task_queues:95:5)
    at async sendTicketsToChannel (/root/tgGrammyTickets/index.js:305:3) {
  method: 'sendMessage',
  payload: {
    chat_id: '-1002396067751',
    text: '<b>ИНФОРМАЦИЯ О БИЛЕТАХ ПО ВСЕМ МАТЧАМ</b>\n' +
      '\n' +
      '<b>Акрон х Балтика // 31.08.2025</b>\n' +
      '\n' +
      'Продано: <b>615</b>\n' +
      'Пригласительных: <b>667</b>\n' +
      'Сумма: <b>967 989 ₽</b>\n' +
      'Средняя стоимость: <b>1 574 ₽</b>\n' +
      '\n' +
      'План: <b>2 265 385 ₽</b>\n' +
      'Выполнения плана: <b>43%</b>\n' +
      'Итого: <b>1 282</b>\n' +
      '\n' +
      '────────────\n' +
      '\n' +
      '<b>Кубок. Акрон х Локомотив // 16.09.2025</b>\n' +
      '\n' +
      'Продано: <b>54</b>\n' +
      'Пригласительных: <b>17</b>\n' +
      'Сумма: <b>89 258 ₽</b>\n' +
      'Средняя стоимость: <b>1 653 ₽</b>\n' +
      '\n' +
      'План: <b>5 989 143 ₽</b>\n' +
      'Выполнения плана: <b>1%</b>\n' +
      'Итого: <b>71</b>\n' +
      '\n' +
      '────────────\n' +
      '\n' +
      '<b>Акрон х Рубин // 20.09.2025</b>\n' +
      '\n' +
      'Продано: <b>16</b>\n' +
      'Пригласительных: <b>4</b>\n' +
      'Сумма: <b>20 607 ₽</b>\n' +
      'Средняя стоимость: <b>1 288 ₽</b>\n' +
      '\n' +
      'План: <b>2 265 385 ₽</b>\n' +
      'Выполнения плана: <b>1%</b>\n' +
      'Итого: <b>20</b>\n' +
      '\n' +
      '────────────\n' +
      '\n' +
      '<b>Акрон х Зенит // 04.10.2025</b>\n' +
      '\n' +
      'Продано: <b>79</b>\n' +
      'Пригласительных: <b>27</b>\n' +
      'Сумма: <b>95 432 ₽</b>\n' +
      'Средняя стоимость: <b>1 208 ₽</b>\n' +
      '\n' +
      'План: <b>7 522 154 ₽</b>\n' +
      'Выполнения плана: <b>1%</b>\n' +
      'Итого: <b>106</b>\n',
    parse_mode: 'HTML',
    disable_web_page_preview: true
  },
  ok: false,
  error_code: 400,
  description: 'Bad Request: chat not found',
  parameters: {}
}
2025-08-29T07:10:54: [36m[2025-08-29 11:10:54] Пользователь: @a_tsukanov (Andrey , ID: 157535358) | Запрос: /start[0m
2025-08-29T07:11:05: [36m[2025-08-29 11:11:05] Пользователь: @a_tsukanov (Andrey , ID: 157535358) | Запрос: /tickets[0m
2025-08-29T07:35:17: [36m[2025-08-29 11:35:17] Пользователь: @kliushev (Konstantin Kliushev, ID: 187851445) | Запрос: /tickets[0m
2025-08-29T09:00:00: [36mСервер запущен! [32mЛогирование настроено.[0m
2025-08-29T09:00:00: [36mПланировщик автоматической отправки отчетов запущен[0m
2025-08-29T09:00:00: [36mОтчеты будут отправляться в канал -1002396067751 каждый день в 11:00 по самарскому времени[0m
2025-08-29T11:20:32: [36m[2025-08-29 15:20:32] Пользователь: @a_tsukanov (Andrey , ID: 157535358) | Запрос: /tickets[0m
2025-08-29T14:23:08: [36m[2025-08-29 18:23:08] Пользователь: @slava_tfdf (Vyacheslav Kuznetsov, ID: 256678699) | Запрос: /tickets[0m
2025-08-29T14:28:44: [36m[2025-08-29 18:28:44] Пользователь: @slava_tfdf (Vyacheslav Kuznetsov, ID: 256678699) | Запрос: /tickets[0m
2025-08-29T15:39:07: [36m[2025-08-29 19:39:07] Пользователь: @holos21 (Vadim , ID: 403919462) | Запрос: /tickets[0m
2025-08-29T21:44:54: [36m[2025-08-30 01:44:54] Пользователь: @a_tsukanov (Andrey , ID: 157535358) | Запрос: /tickets[0m
2025-08-30T07:00:01: [33m[2025-08-30T07:00:01.336Z] Отправка автоматического отчета о билетах в канал...[0m
2025-08-30T07:00:04: [31m[2025-08-30T07:00:04.939Z] Ошибка при отправке отчета в канал:[0m GrammyError: Call to 'sendMessage' failed! (400: Bad Request: chat not found)
    at toGrammyError (/root/tgGrammyTickets/node_modules/grammy/out/core/error.js:35:12)
    at ApiClient.callApi (/root/tgGrammyTickets/node_modules/grammy/out/core/client.js:90:48)
    at process.processTicksAndRejections (node:internal/process/task_queues:95:5)
    at async sendTicketsToChannel (/root/tgGrammyTickets/index.js:305:3) {
  method: 'sendMessage',
  payload: {
    chat_id: '-1002396067751',
    text: '<b>ИНФОРМАЦИЯ О БИЛЕТАХ ПО ВСЕМ МАТЧАМ</b>\n' +
      '\n' +
      '<b>Акрон х Балтика // 31.08.2025</b>\n' +
      '\n' +
      'Продано: <b>933</b>\n' +
      'Пригласительных: <b>889</b>\n' +
      'Сумма: <b>1 404 956 ₽</b>\n' +
      'Средняя стоимость: <b>1 506 ₽</b>\n' +
      '\n' +
      'План: <b>2 265 385 ₽</b>\n' +
      'Выполнения плана: <b>62%</b>\n' +
      'Итого: <b>1 822</b>\n' +
      '\n' +
      '────────────\n' +
      '\n' +
      '<b>Кубок. Акрон х Локомотив // 16.09.2025</b>\n' +
      '\n' +
      'Продано: <b>63</b>\n' +
      'Пригласительных: <b>17</b>\n' +
      'Сумма: <b>95 274 ₽</b>\n' +
      'Средняя стоимость: <b>1 512 ₽</b>\n' +
      '\n' +
      'План: <b>5 989 143 ₽</b>\n' +
      'Выполнения плана: <b>2%</b>\n' +
      'Итого: <b>80</b>\n' +
      '\n' +
      '────────────\n' +
      '\n' +
      '<b>Акрон х Рубин // 20.09.2025</b>\n' +
      '\n' +
      'Продано: <b>25</b>\n' +
      'Пригласительных: <b>4</b>\n' +
      'Сумма: <b>23 879 ₽</b>\n' +
      'Средняя стоимость: <b>955 ₽</b>\n' +
      '\n' +
      'План: <b>2 265 385 ₽</b>\n' +
      'Выполнения плана: <b>1%</b>\n' +
      'Итого: <b>29</b>\n' +
      '\n' +
      '────────────\n' +
      '\n' +
      '<b>Акрон х Зенит // 04.10.2025</b>\n' +
      '\n' +
      'Продано: <b>88</b>\n' +
      'Пригласительных: <b>27</b>\n' +
      'Сумма: <b>102 270 ₽</b>\n' +
      'Средняя стоимость: <b>1 162 ₽</b>\n' +
      '\n' +
      'План: <b>7 522 154 ₽</b>\n' +
      'Выполнения плана: <b>1%</b>\n' +
      'Итого: <b>115</b>\n',
    parse_mode: 'HTML',
    disable_web_page_preview: true
  },
  ok: false,
  error_code: 400,
  description: 'Bad Request: chat not found',
  parameters: {}
}
2025-08-30T08:43:22: [36m[2025-08-30 12:43:22] Пользователь: @holos21 (Vadim , ID: 403919462) | Запрос: /tickets[0m
2025-08-30T09:00:00: [36mСервер запущен! [32mЛогирование настроено.[0m
2025-08-30T09:00:00: [36mПланировщик автоматической отправки отчетов запущен[0m
2025-08-30T09:00:00: [36mОтчеты будут отправляться в канал -1002396067751 каждый день в 11:00 по самарскому времени[0m
2025-08-30T10:33:38: [36m[2025-08-30 14:33:38] Пользователь: @vershnn (Регина Вершинина, ID: 808914549) | Запрос: /tickets[0m
2025-08-30T15:37:20: [36m[2025-08-30 19:37:20] Пользователь: @a_tsukanov (Andrey , ID: 157535358) | Запрос: /tickets[0m
2025-08-30T15:58:48: [36m[2025-08-30 19:58:48] Пользователь: @slava_tfdf (Vyacheslav Kuznetsov, ID: 256678699) | Запрос: /tickets[0m
2025-08-30T17:03:16: [36m[2025-08-30 21:03:16] Пользователь: @holos21 (Vadim , ID: 403919462) | Запрос: /tickets[0m
2025-08-30T18:09:08: [36m[2025-08-30 22:09:08] Пользователь: @a_tsukanov (Andrey , ID: 157535358) | Запрос: /tickets[0m
2025-08-30T18:10:06: [36m[2025-08-30 22:10:06] Пользователь: @kliushev (Konstantin Kliushev, ID: 187851445) | Запрос: /tickets[0m
2025-08-30T19:13:43: [36m[2025-08-30 23:13:43] Пользователь: @a_tsukanov (Andrey , ID: 157535358) | Запрос: /tickets[0m
2025-08-31T05:29:48: [36m[2025-08-31 09:29:48] Пользователь: @slava_tfdf (Vyacheslav Kuznetsov, ID: 256678699) | Запрос: /tickets[0m
2025-08-31T05:40:48: [36m[2025-08-31 09:40:48] Пользователь: @petlitskiy_aleksandr (Александр Петлицкий, ID: 544346415) | Запрос: /tickets[0m
2025-08-31T05:55:00: [36m[2025-08-31 09:55:00] Пользователь: @a_tsukanov (Andrey , ID: 157535358) | Запрос: /tickets[0m
2025-08-31T05:55:07: [36m[2025-08-31 09:55:07] Пользователь: @slava_tfdf (Vyacheslav Kuznetsov, ID: 256678699) | Запрос: /tickets[0m
2025-08-31T05:56:25: [36m[2025-08-31 09:56:25] Пользователь: @anonymous (Воробьев Владимир, ID: 468599147) | Запрос: /tickets[0m
2025-08-31T06:10:20: [36m[2025-08-31 10:10:20] Пользователь: @DeM163TLT (⋆𝔻𝕖𝕞⋆ 🎧 , ID: 1701968913) | Запрос: /tickets[0m
2025-08-31T06:48:50: [36m[2025-08-31 10:48:50] Пользователь: @slava_tfdf (Vyacheslav Kuznetsov, ID: 256678699) | Запрос: /tickets[0m
2025-08-31T07:00:01: [33m[2025-08-31T07:00:01.418Z] Отправка автоматического отчета о билетах в канал...[0m
2025-08-31T07:00:05: [31m[2025-08-31T07:00:05.589Z] Ошибка при отправке отчета в канал:[0m GrammyError: Call to 'sendMessage' failed! (400: Bad Request: chat not found)
    at toGrammyError (/root/tgGrammyTickets/node_modules/grammy/out/core/error.js:35:12)
    at ApiClient.callApi (/root/tgGrammyTickets/node_modules/grammy/out/core/client.js:90:48)
    at process.processTicksAndRejections (node:internal/process/task_queues:95:5)
    at async sendTicketsToChannel (/root/tgGrammyTickets/index.js:305:3) {
  method: 'sendMessage',
  payload: {
    chat_id: '-1002396067751',
    text: '<b>ИНФОРМАЦИЯ О БИЛЕТАХ ПО ВСЕМ МАТЧАМ</b>\n' +
      '\n' +
      '<b>Акрон х Балтика // 31.08.2025</b>\n' +
      '\n' +
      'Продано: <b>1 160</b>\n' +
      'Пригласительных: <b>1 658</b>\n' +
      'Сумма: <b>1 597 966 ₽</b>\n' +
      'Средняя стоимость: <b>1 378 ₽</b>\n' +
      '\n' +
      'План: <b>2 265 385 ₽</b>\n' +
      'Выполнения плана: <b>71%</b>\n' +
      'Итого: <b>2 818</b>\n' +
      '\n' +
      '────────────\n' +
      '\n' +
      '<b>Кубок. Акрон х Локомотив // 16.09.2025</b>\n' +
      '\n' +
      'Продано: <b>64</b>\n' +
      'Пригласительных: <b>17</b>\n' +
      'Сумма: <b>96 864 ₽</b>\n' +
      'Средняя стоимость: <b>1 514 ₽</b>\n' +
      '\n' +
      'План: <b>5 989 143 ₽</b>\n' +
      'Выполнения плана: <b>2%</b>\n' +
      'Итого: <b>81</b>\n' +
      '\n' +
      '────────────\n' +
      '\n' +
      '<b>Акрон х Рубин // 20.09.2025</b>\n' +
      '\n' +
      'Продано: <b>25</b>\n' +
      'Пригласительных: <b>4</b>\n' +
      'Сумма: <b>23 879 ₽</b>\n' +
      'Средняя стоимость: <b>955 ₽</b>\n' +
      '\n' +
      'План: <b>2 265 385 ₽</b>\n' +
      'Выполнения плана: <b>1%</b>\n' +
      'Итого: <b>29</b>\n' +
      '\n' +
      '────────────\n' +
      '\n' +
      '<b>Акрон х Зенит // 04.10.2025</b>\n' +
      '\n' +
      'Продано: <b>93</b>\n' +
      'Пригласительных: <b>27</b>\n' +
      'Сумма: <b>106 861 ₽</b>\n' +
      'Средняя стоимость: <b>1 149 ₽</b>\n' +
      '\n' +
      'План: <b>7 522 154 ₽</b>\n' +
      'Выполнения плана: <b>1%</b>\n' +
      'Итого: <b>120</b>\n',
    parse_mode: 'HTML',
    disable_web_page_preview: true
  },
  ok: false,
  error_code: 400,
  description: 'Bad Request: chat not found',
  parameters: {}
}
2025-08-31T07:33:50: [36m[2025-08-31 11:33:50] Пользователь: @kliushev (Konstantin Kliushev, ID: 187851445) | Запрос: /tickets[0m
2025-08-31T07:41:50: [36m[2025-08-31 11:41:50] Пользователь: @a_tsukanov (Andrey , ID: 157535358) | Запрос: /tickets[0m
2025-08-31T09:00:00: [36mСервер запущен! [32mЛогирование настроено.[0m
2025-08-31T09:00:00: [36mПланировщик автоматической отправки отчетов запущен[0m
2025-08-31T09:00:00: [36mОтчеты будут отправляться в канал -1002396067751 каждый день в 11:00 по самарскому времени[0m
2025-08-31T09:04:05: [36m[2025-08-31 13:04:05] Пользователь: @slava_tfdf (Vyacheslav Kuznetsov, ID: 256678699) | Запрос: /tickets[0m
2025-08-31T09:23:33: [36m[2025-08-31 13:23:33] Пользователь: @anonymous (Воробьев Владимир, ID: 468599147) | Запрос: /tickets[0m
2025-08-31T09:35:33: [36m[2025-08-31 13:35:33] Пользователь: @a_tsukanov (Andrey , ID: 157535358) | Запрос: /tickets[0m
2025-08-31T10:07:11: [36m[2025-08-31 14:07:11] Пользователь: @holos21 (Vadim , ID: 403919462) | Запрос: /tickets[0m
2025-08-31T10:14:11: [36m[2025-08-31 14:14:11] Пользователь: @kliushev (Konstantin Kliushev, ID: 187851445) | Запрос: /tickets[0m
2025-08-31T10:32:32: [36m[2025-08-31 14:32:32] Пользователь: @slava_tfdf (Vyacheslav Kuznetsov, ID: 256678699) | Запрос: /tickets[0m
2025-08-31T10:40:48: [36m[2025-08-31 14:40:48] Пользователь: @a_tsukanov (Andrey , ID: 157535358) | Запрос: /tickets[0m
2025-08-31T10:46:54: [36m[2025-08-31 14:46:54] Пользователь: @anonymous (Воробьев Владимир, ID: 468599147) | Запрос: /tickets[0m
2025-08-31T10:46:58: [36m[2025-08-31 14:46:58] Пользователь: @anonymous (Воробьев Владимир, ID: 468599147) | Запрос: /tickets[0m
2025-08-31T11:06:39: [36m[2025-08-31 15:06:39] Пользователь: @slava_tfdf (Vyacheslav Kuznetsov, ID: 256678699) | Запрос: /tickets[0m
2025-08-31T20:10:18: [36m[2025-09-01 00:10:18] Пользователь: @kliushev (Konstantin Kliushev, ID: 187851445) | Запрос: /tickets[0m
2025-09-01T05:49:23: [36m[2025-09-01 09:49:23] Пользователь: @slava_tfdf (Vyacheslav Kuznetsov, ID: 256678699) | Запрос: /tickets[0m
2025-09-01T07:00:01: [33m[2025-09-01T07:00:01.397Z] Отправка автоматического отчета о билетах в канал...[0m
2025-09-01T07:00:05: [31m[2025-09-01T07:00:05.502Z] Ошибка при отправке отчета в канал:[0m GrammyError: Call to 'sendMessage' failed! (400: Bad Request: chat not found)
    at toGrammyError (/root/tgGrammyTickets/node_modules/grammy/out/core/error.js:35:12)
    at ApiClient.callApi (/root/tgGrammyTickets/node_modules/grammy/out/core/client.js:90:48)
    at process.processTicksAndRejections (node:internal/process/task_queues:95:5)
    at async sendTicketsToChannel (/root/tgGrammyTickets/index.js:305:3) {
  method: 'sendMessage',
  payload: {
    chat_id: '-1002396067751',
    text: '<b>ИНФОРМАЦИЯ О БИЛЕТАХ ПО ВСЕМ МАТЧАМ</b>\n' +
      '\n' +
      '<b>Акрон х Балтика // 31.08.2025</b>\n' +
      '\n' +
      'Продано: <b>1 471</b>\n' +
      'Пригласительных: <b>1 721</b>\n' +
      'Сумма: <b>1 886 473 ₽</b>\n' +
      'Средняя стоимость: <b>1 282 ₽</b>\n' +
      '\n' +
      'План: <b>2 265 385 ₽</b>\n' +
      'Выполнения плана: <b>83%</b>\n' +
      'Итого: <b>3 192</b>\n' +
      '\n' +
      '────────────\n' +
      '\n' +
      '<b>Кубок. Акрон х Локомотив // 16.09.2025</b>\n' +
      '\n' +
      'Продано: <b>76</b>\n' +
      'Пригласительных: <b>19</b>\n' +
      'Сумма: <b>113 123 ₽</b>\n' +
      'Средняя стоимость: <b>1 488 ₽</b>\n' +
      '\n' +
      'План: <b>5 989 143 ₽</b>\n' +
      'Выполнения плана: <b>2%</b>\n' +
      'Итого: <b>95</b>\n' +
      '\n' +
      '────────────\n' +
      '\n' +
      '<b>Акрон х Рубин // 20.09.2025</b>\n' +
      '\n' +
      'Продано: <b>26</b>\n' +
      'Пригласительных: <b>9</b>\n' +
      'Сумма: <b>24 369 ₽</b>\n' +
      'Средняя стоимость: <b>937 ₽</b>\n' +
      '\n' +
      'План: <b>2 265 385 ₽</b>\n' +
      'Выполнения плана: <b>1%</b>\n' +
      'Итого: <b>35</b>\n' +
      '\n' +
      '────────────\n' +
      '\n' +
      '<b>Акрон х Зенит // 04.10.2025</b>\n' +
      '\n' +
      'Продано: <b>107</b>\n' +
      'Пригласительных: <b>32</b>\n' +
      'Сумма: <b>124 661 ₽</b>\n' +
      'Средняя стоимость: <b>1 165 ₽</b>\n' +
      '\n' +
      'План: <b>7 522 154 ₽</b>\n' +
      'Выполнения плана: <b>2%</b>\n' +
      'Итого: <b>139</b>\n',
    parse_mode: 'HTML',
    disable_web_page_preview: true
  },
  ok: false,
  error_code: 400,
  description: 'Bad Request: chat not found',
  parameters: {}
}
2025-09-01T07:19:00: [36m[2025-09-01 11:19:00] Пользователь: @a_tsukanov (Andrey , ID: 157535358) | Запрос: /tickets[0m
2025-09-01T08:23:59: [36m[2025-09-01 12:23:59] Пользователь: @slava_tfdf (Vyacheslav Kuznetsov, ID: 256678699) | Запрос: /tickets[0m
You have triggered an unhandledRejection, you may have forgotten to catch a Promise rejection:
GrammyError: Call to 'getUpdates' failed! (409: Conflict: terminated by other getUpdates request; make sure that only one bot instance is running)
    at toGrammyError (/root/tgGrammyTickets/node_modules/grammy/out/core/error.js:35:12)
    at ApiClient.callApi (/root/tgGrammyTickets/node_modules/grammy/out/core/client.js:90:48)
    at process.processTicksAndRejections (node:internal/process/task_queues:95:5)
    at async Bot.fetchUpdates (/root/tgGrammyTickets/node_modules/grammy/out/bot.js:391:27)
    at async Bot.loop (/root/tgGrammyTickets/node_modules/grammy/out/bot.js:366:29)
    at async Bot.start (/root/tgGrammyTickets/node_modules/grammy/out/bot.js:305:9)
2025-09-01T09:00:00: [36mСервер запущен! [32mЛогирование настроено.[0m
2025-09-01T09:00:00: [36mПланировщик автоматической отправки отчетов запущен[0m
2025-09-01T09:00:00: [36mОтчеты будут отправляться в канал -1002396067751 каждый день в 11:00 по самарскому времени[0m
2025-09-01T15:58:12: [32m[2025-09-01 15:58:12] [INFO] Сервер запущен! Логирование настроено. [0m
2025-09-01T15:58:12: [32m[2025-09-01 15:58:12] [INFO] Планировщик автоматической отправки отчетов запущен [0m
2025-09-01T15:58:12: [32m[2025-09-01 15:58:12] [INFO] Отчеты будут отправляться в канал -1002396067751 каждый день в 11:00 по самарскому времени [0m
2025-09-01T15:58:13: [36m[2025-09-01 15:58:13] Пользователь: @slava_tfdf (Vyacheslav Kuznetsov, ID: 256678699) | Запрос: /start[0m
2025-09-01T15:58:20: [36m[2025-09-01 15:58:20] Пользователь: @slava_tfdf (Vyacheslav Kuznetsov, ID: 256678699) | Запрос: /start[0m
